
> layera@1.0.0 typecheck
> npm run typecheck --workspaces --if-present


> @layera/layera-id@1.0.0 typecheck
> tsc --noEmit

src/components/DeviceFrameWrapper.tsx(2,41): error TS2307: Cannot find module '@layera/viewport' or its corresponding type declarations.
src/components/DeviceFrameWrapper.tsx(3,66): error TS2307: Cannot find module '@layera/viewport' or its corresponding type declarations.
src/components/DeviceFrameWrapper.tsx(112,9): error TS2322: Type '{ children: Element; justify: string; align: string; minHeight: string; backgroundColor: string; padding: string; overflow: string; }' is not assignable to type 'IntrinsicAttributes & CommonProps'.
  Property 'justify' does not exist on type 'IntrinsicAttributes & CommonProps'.
src/components/DeviceFrameWrapper.tsx(120,16): error TS2322: Type '{ children: (ReactNode | Element)[]; id: string; style: CSSProperties; }' is not assignable to type 'IntrinsicAttributes & BoxProps'.
  Property 'id' does not exist on type 'IntrinsicAttributes & BoxProps'.
src/components/NewDashboard.tsx(6,24): error TS7016: Could not find a declaration file for module '@layera/buttons'. 'C:/layera/packages/buttons/dist/index.js' implicitly has an 'any' type.
  Try `npm i --save-dev @types/layera__buttons` if it exists or add a new declaration (.d.ts) file containing `declare module '@layera/buttons';`
src/components/NewDashboard.tsx(34,22): error TS2322: Type '{ variant: string; size: string; }' is not assignable to type 'IntrinsicAttributes & ThemeSwitcherProps'.
  Property 'variant' does not exist on type 'IntrinsicAttributes & ThemeSwitcherProps'.
src/components/NewDashboard.tsx(52,7): error TS2322: Type '{ children: Element; layout: string; header: Element; }' is not assignable to type 'IntrinsicAttributes & CommonProps'.
  Property 'layout' does not exist on type 'IntrinsicAttributes & CommonProps'.
src/components/NewDashboard.tsx(55,11): error TS2322: Type '{ title: string; subtitle: string; variant: string; actions: Element; }' is not assignable to type 'IntrinsicAttributes & CommonProps'.
  Property 'title' does not exist on type 'IntrinsicAttributes & CommonProps'.
src/components/NewDashboard.tsx(62,22): error TS2322: Type '{ children: (Element | null)[]; maxWidth: string; padding: string; }' is not assignable to type 'IntrinsicAttributes & CommonProps'.
  Property 'maxWidth' does not exist on type 'IntrinsicAttributes & CommonProps'.
src/components/NewDashboard.tsx(63,14): error TS2322: Type '{ children: Element; padding: string; }' is not assignable to type 'IntrinsicAttributes & BoxProps'.
  Property 'padding' does not exist on type 'IntrinsicAttributes & BoxProps'.
src/components/NewDashboard.tsx(65,13): error TS2322: Type '{ title: string; subtitle: string; }' is not assignable to type 'IntrinsicAttributes & CommonProps'.
  Property 'title' does not exist on type 'IntrinsicAttributes & CommonProps'.
src/components/NewDashboard.tsx(73,18): error TS2322: Type '{ children: Element; padding: string; }' is not assignable to type 'IntrinsicAttributes & BoxProps'.
  Property 'padding' does not exist on type 'IntrinsicAttributes & BoxProps'.
src/components/NewDashboard.tsx(75,17): error TS2322: Type '{ children: Element; title: string; subtitle: string; }' is not assignable to type 'IntrinsicAttributes & CardGridProps'.
  Property 'title' does not exist on type 'IntrinsicAttributes & CardGridProps'.
src/components/NewDashboard.tsx(87,24): error TS2322: Type '{ children: Element; textAlign: string; padding: string; }' is not assignable to type 'IntrinsicAttributes & BoxProps'.
  Property 'textAlign' does not exist on type 'IntrinsicAttributes & BoxProps'.
src/components/NewDashboard.tsx(104,24): error TS2322: Type '{ children: Element; textAlign: string; padding: string; }' is not assignable to type 'IntrinsicAttributes & BoxProps'.
  Property 'textAlign' does not exist on type 'IntrinsicAttributes & BoxProps'.
src/components/NewDashboard.tsx(137,18): error TS2322: Type '{ children: Element; padding: string; }' is not assignable to type 'IntrinsicAttributes & BoxProps'.
  Property 'padding' does not exist on type 'IntrinsicAttributes & BoxProps'.
src/components/NewDashboard.tsx(138,33): error TS2322: Type '{ children: Element; title: string; }' is not assignable to type 'IntrinsicAttributes & CardGridProps'.
  Property 'title' does not exist on type 'IntrinsicAttributes & CardGridProps'.
src/components/NewDashboard.tsx(145,31): error TS2322: Type '{ children: ("" | Element | null)[]; gap: string; }' is not assignable to type 'IntrinsicAttributes & CommonProps'.
  Property 'gap' does not exist on type 'IntrinsicAttributes & CommonProps'.
src/components/NewDashboard.tsx(180,20): error TS2322: Type '{ children: Element; padding: string; }' is not assignable to type 'IntrinsicAttributes & BoxProps'.
  Property 'padding' does not exist on type 'IntrinsicAttributes & BoxProps'.
src/components/NewDashboard.tsx(181,35): error TS2322: Type '{ children: Element; title: string; }' is not assignable to type 'IntrinsicAttributes & CardGridProps'.
  Property 'title' does not exist on type 'IntrinsicAttributes & CardGridProps'.
src/components/NewDashboard.tsx(186,21): error TS2322: Type '{ children: Element[]; title: string; variant: "stats"; clickable: true; onClick: () => void | Promise<void>; }' is not assignable to type 'IntrinsicAttributes & DashboardCardProps'.
  Property 'clickable' does not exist on type 'IntrinsicAttributes & DashboardCardProps'.
src/components/NewDashboard.tsx(199,20): error TS2322: Type '{ children: Element; padding: string; }' is not assignable to type 'IntrinsicAttributes & BoxProps'.
  Property 'padding' does not exist on type 'IntrinsicAttributes & BoxProps'.
src/components/NewDashboard.tsx(200,35): error TS2322: Type '{ children: Element; title: string; }' is not assignable to type 'IntrinsicAttributes & CardGridProps'.
  Property 'title' does not exist on type 'IntrinsicAttributes & CardGridProps'.
src/components/NewDashboard.tsx(205,21): error TS2322: Type '{ children: Element[]; title: string; variant: "chart"; clickable: true; onClick: () => void | Promise<void>; }' is not assignable to type 'IntrinsicAttributes & DashboardCardProps'.
  Property 'clickable' does not exist on type 'IntrinsicAttributes & DashboardCardProps'.
src/components/NewDashboard.tsx(217,18): error TS2322: Type '{ children: Element; padding: string; }' is not assignable to type 'IntrinsicAttributes & BoxProps'.
  Property 'padding' does not exist on type 'IntrinsicAttributes & BoxProps'.
src/components/QuickActions.tsx(55,23): error TS2322: Type '{ children: Element; title: string; }' is not assignable to type 'IntrinsicAttributes & CardGridProps'.
  Property 'title' does not exist on type 'IntrinsicAttributes & CardGridProps'.
src/components/QuickActions.tsx(62,13): error TS2322: Type '{ children: ReactNode; key: string; title: string; variant: "actions"; clickable: true; onClick: () => void | Promise<void>; }' is not assignable to type 'IntrinsicAttributes & DashboardCardProps'.
  Property 'clickable' does not exist on type 'IntrinsicAttributes & DashboardCardProps'.
npm error Lifecycle script `typecheck` failed with error:
npm error code 2
npm error path C:\layera\apps\layera-id
npm error workspace @layera/layera-id@1.0.0
npm error location C:\layera\apps\layera-id
npm error command failed
npm error command C:\WINDOWS\system32\cmd.exe /d /s /c tsc --noEmit


> @layera/address-breakdown@1.0.0 typecheck
> tsc --noEmit

src/components/AddressBreakdownCard.tsx(154,11): error TS2375: Type '{ children: (string | false | Element)[]; variant: "secondary" | "outline"; loading: boolean; className: string; onClick: (() => Promise<void>) | undefined; disabled: boolean; style: { ...; }; key: string; }' is not assignable to type 'IntrinsicAttributes & ButtonProps' with 'exactOptionalPropertyTypes: true'. Consider adding 'undefined' to the types of the target's properties.
  Property 'loading' does not exist on type 'IntrinsicAttributes & ButtonProps'.
src/components/AddressBreakdownCard.tsx(270,7): error TS2322: Type 'string | number | bigint | true | ReactElement<unknown, string | JSXElementConstructor<any>> | Iterable<ReactNode> | Promise<...>' is not assignable to type 'string'.
  Type 'number' is not assignable to type 'string'.
../geo-mapping/src/services/osmService.ts(187,10): error TS6133: 'convertOSMGeometry' is declared but its value is never read.
npm error Lifecycle script `typecheck` failed with error:
npm error code 2
npm error path C:\layera\packages\address-breakdown
npm error workspace @layera/address-breakdown@1.0.0
npm error location C:\layera\packages\address-breakdown
npm error command failed
npm error command C:\WINDOWS\system32\cmd.exe /d /s /c tsc --noEmit


> @layera/auth-bridge@1.0.0 typecheck
> tsc --noEmit


> @layera/boundary-service@1.0.0 typecheck
> tsc --noEmit

src/factory.ts(72,30): error TS2345: Argument of type '{ providers: ProviderConfig[]; cache: { ttl?: number; maxSize?: number; cleanupInterval?: number; }; queue: { maxSize?: number; processingInterval?: number; retry?: RetryConfig; }; defaults: { ...; }; }' is not assignable to parameter of type 'BoundaryServiceConfig'.
  Types of property 'cache' are incompatible.
    Type '{ ttl?: number; maxSize?: number; cleanupInterval?: number; }' is not assignable to type 'CacheConfig' with 'exactOptionalPropertyTypes: true'. Consider adding 'undefined' to the types of the target's properties.
      Property 'ttl' is optional in type '{ ttl?: number; maxSize?: number; cleanupInterval?: number; }' but required in type 'CacheConfig'.
src/service.ts(380,35): error TS2677: A type predicate's type must be assignable to its parameter's type.
  Type 'PromiseFulfilledResult<{ name: string; health: unknown; }>' is not assignable to type 'PromiseSettledResult<{ name: string; health: ProviderHealth; }>'.
    Type 'PromiseFulfilledResult<{ name: string; health: unknown; }>' is not assignable to type 'PromiseFulfilledResult<{ name: string; health: ProviderHealth; }>'.
      Type '{ name: string; health: unknown; }' is not assignable to type '{ name: string; health: ProviderHealth; }'.
        Types of property 'health' are incompatible.
          Type 'unknown' is not assignable to type 'ProviderHealth'.
src/service.ts(383,29): error TS2339: Property 'value' does not exist on type 'PromiseSettledResult<{ name: string; health: ProviderHealth; }>'.
  Property 'value' does not exist on type 'PromiseRejectedResult'.
npm error Lifecycle script `typecheck` failed with error:
npm error code 2
npm error path C:\layera\packages\boundary-service
npm error workspace @layera/boundary-service@1.0.0
npm error location C:\layera\packages\boundary-service
npm error command failed
npm error command C:\WINDOWS\system32\cmd.exe /d /s /c tsc --noEmit


> @layera/box-model@1.0.0 typecheck
> tsc --noEmit

../osm/src/types/result.ts(30,4): error TS1161: Unterminated regular expression literal.
../osm/src/types/result.ts(31,4): error TS1109: Expression expected.
../osm/src/types/result.ts(31,6): error TS1128: Declaration or statement expected.
../osm/src/types/result.ts(32,2): error TS1109: Expression expected.
../osm/src/types/result.ts(33,2): error TS1109: Expression expected.
../osm/src/types/result.ts(33,4): error TS1109: Expression expected.
../osm/src/types/result.ts(34,2): error TS1109: Expression expected.
../osm/src/types/result.ts(58,7): error TS1005: ';' expected.
../osm/src/types/result.ts(59,9): error TS1005: ';' expected.
../osm/src/types/result.ts(60,2): error TS1109: Expression expected.
../osm/src/types/result.ts(60,9): error TS1005: ';' expected.
../osm/src/types/result.ts(61,2): error TS1109: Expression expected.
../osm/src/types/result.ts(243,2): error TS1160: Unterminated template literal.
npm error Lifecycle script `typecheck` failed with error:
npm error code 2
npm error path C:\layera\packages\box-model
npm error workspace @layera/box-model@1.0.0
npm error location C:\layera\packages\box-model
npm error command failed
npm error command C:\WINDOWS\system32\cmd.exe /d /s /c tsc --noEmit


> @layera/box-shadows@1.0.0 typecheck
> tsc --noEmit


> @layera/buttons@1.0.0 typecheck
> tsc --noEmit

src/components/Button.tsx(79,5): error TS2322: Type 'string | undefined' is not assignable to type 'Position | undefined'.
  Type 'string' is not assignable to type 'Position | undefined'.
src/components/Button.tsx(92,9): error TS2322: Type 'Element' is not assignable to type 'void'.
src/components/Button.tsx(100,9): error TS2322: Type 'Element' is not assignable to type 'void'.
src/components/Button.tsx(103,9): error TS2322: Type 'Element' is not assignable to type 'void'.
src/components/Button.tsx(109,16): error TS2322: Type 'null' is not assignable to type 'void'.
src/components/Button.tsx(110,5): error TS2322: Type 'Element' is not assignable to type 'void'.
src/components/Button.tsx(116,7): error TS2322: Type 'Element' is not assignable to type 'void'.
src/components/Button.tsx(129,5): error TS2322: Type 'Element' is not assignable to type 'void'.
src/components/Button.tsx(150,11): error TS2322: Type 'void' is not assignable to type 'ReactNode'.
src/components/Button.tsx(154,9): error TS2322: Type 'string | void' is not assignable to type 'ReactNode'.
  Type 'void' is not assignable to type 'ReactNode'.
src/components/LinkButton.tsx(47,9): error TS2322: Type 'Element' is not assignable to type 'void'.
src/components/LinkButton.tsx(55,9): error TS2322: Type 'Element' is not assignable to type 'void'.
src/components/LinkButton.tsx(58,9): error TS2322: Type 'Element' is not assignable to type 'void'.
src/components/LinkButton.tsx(64,16): error TS2322: Type 'null' is not assignable to type 'void'.
src/components/LinkButton.tsx(65,5): error TS2322: Type 'Element' is not assignable to type 'void'.
src/components/LinkButton.tsx(71,7): error TS2322: Type 'Element' is not assignable to type 'void'.
src/components/LinkButton.tsx(84,5): error TS2322: Type 'Element' is not assignable to type 'void'.
src/components/LinkButton.tsx(107,11): error TS2322: Type 'void' is not assignable to type 'ReactNode'.
src/components/LinkButton.tsx(111,9): error TS2322: Type 'string | void' is not assignable to type 'ReactNode'.
  Type 'void' is not assignable to type 'ReactNode'.
src/hooks/useButton.ts(356,5): error TS2322: Type 'Record<string, string>' is not assignable to type 'void'.
src/hooks/useButton.ts(359,3): error TS2322: Type '{ tokens: ButtonTokens; getButtonStyles: ({ variant, size }: { variant?: ButtonVariant; size?: ButtonSize; }) => { height: string; padding: string; fontSize: string; ... 11 more ...; gap: string; }; getButtonClasses: ({ variant, size, fullWidth, loading, className }: { variant?: ButtonVariant; size?: ButtonSize; ful...' is not assignable to type 'void'.
npm error Lifecycle script `typecheck` failed with error:
npm error code 2
npm error path C:\layera\packages\buttons
npm error workspace @layera/buttons@1.0.0
npm error location C:\layera\packages\buttons
npm error command failed
npm error command C:\WINDOWS\system32\cmd.exe /d /s /c tsc --noEmit


> @layera/cad-processing@1.0.0 typecheck
> tsc --noEmit

src/hooks/useCADProcessing.ts(2,34): error TS6059: File 'C:/layera/packages/notifications/src/index.ts' is not under 'rootDir' 'C:/layera/packages/cad-processing/src'. 'rootDir' is expected to contain all source files.
src/hooks/useCADProcessing.ts(90,26): error TS2304: Cannot find name 't'.
src/hooks/useCADProcessing.ts(240,76): error TS2304: Cannot find name 't'.
src/hooks/useCADProcessing.ts(285,55): error TS2304: Cannot find name 't'.
src/hooks/useCADProcessing.ts(325,36): error TS2304: Cannot find name 't'.
src/parsers/dxfParser.ts(63,53): error TS2345: Argument of type 'IDxf' is not assignable to parameter of type 'Record<string, unknown>'.
  Index signature for type 'string' is missing in type 'IDxf'.
src/parsers/dxfParser.ts(167,5): error TS6133: 'options' is declared but its value is never read.
src/parsers/dxfParser.ts(199,28): error TS6133: 'lineTypeData' is declared but its value is never read.
src/parsers/dxfParser.ts(208,29): error TS6133: 'styleData' is declared but its value is never read.
src/parsers/dxfParser.ts(223,11): error TS6133: 'blocks' is declared but its value is never read.
src/parsers/dxfParser.ts(234,5): error TS6133: 'options' is declared but its value is never read.
src/parsers/dxfParser.ts(447,7): error TS2322: Type '"mil"' is not assignable to type '"mm" | "cm" | "m" | "in" | "ft" | "units"'.
src/parsers/dxfParser.ts(464,5): error TS6133: 'header' is declared but its value is never read.
src/renderers/cadRenderer.ts(18,11): error TS6133: 'svgElements' is declared but its value is never read.
src/renderers/cadRenderer.ts(194,36): error TS2345: Argument of type 'CADPoint3D | undefined' is not assignable to parameter of type 'CADPoint3D'.
  Type 'undefined' is not assignable to type 'CADPoint3D'.
src/renderers/cadRenderer.ts(195,36): error TS2345: Argument of type 'CADPoint3D | undefined' is not assignable to parameter of type 'CADPoint3D'.
  Type 'undefined' is not assignable to type 'CADPoint3D'.
src/renderers/cadRenderer.ts(206,40): error TS2345: Argument of type 'CADPoint3D | undefined' is not assignable to parameter of type 'CADPoint3D'.
  Type 'undefined' is not assignable to type 'CADPoint3D'.
src/renderers/cadRenderer.ts(218,40): error TS2345: Argument of type 'CADPoint3D | undefined' is not assignable to parameter of type 'CADPoint3D'.
  Type 'undefined' is not assignable to type 'CADPoint3D'.
src/renderers/cadRenderer.ts(259,42): error TS2345: Argument of type 'CADPoint3D | undefined' is not assignable to parameter of type 'CADPoint3D'.
  Type 'undefined' is not assignable to type 'CADPoint3D'.
src/renderers/cadRenderer.ts(274,42): error TS2345: Argument of type 'CADPoint3D | undefined' is not assignable to parameter of type 'CADPoint3D'.
  Type 'undefined' is not assignable to type 'CADPoint3D'.
src/renderers/cadRenderer.ts(354,27): error TS2339: Property 'renderOptions' does not exist on type 'CADRenderOptions'.
src/renderers/cadRenderer.ts(355,28): error TS2339: Property 'renderOptions' does not exist on type 'CADRenderOptions'.
src/utils/cadValidator.ts(209,11): error TS18048: 'version' is possibly 'undefined'.
../constants/src/index.ts(7,15): error TS6059: File 'C:/layera/packages/constants/src/sizes.ts' is not under 'rootDir' 'C:/layera/packages/cad-processing/src'. 'rootDir' is expected to contain all source files.
../constants/src/index.ts(10,15): error TS6059: File 'C:/layera/packages/constants/src/states.ts' is not under 'rootDir' 'C:/layera/packages/cad-processing/src'. 'rootDir' is expected to contain all source files.
../constants/src/index.ts(13,15): error TS6059: File 'C:/layera/packages/constants/src/roles.ts' is not under 'rootDir' 'C:/layera/packages/cad-processing/src'. 'rootDir' is expected to contain all source files.
../constants/src/index.ts(16,15): error TS6059: File 'C:/layera/packages/constants/src/pipeline-steps.ts' is not under 'rootDir' 'C:/layera/packages/cad-processing/src'. 'rootDir' is expected to contain all source files.
../constants/src/index.ts(19,15): error TS6059: File 'C:/layera/packages/constants/src/forms.ts' is not under 'rootDir' 'C:/layera/packages/cad-processing/src'. 'rootDir' is expected to contain all source files.
../constants/src/index.ts(22,15): error TS6059: File 'C:/layera/packages/constants/src/tables.ts' is not under 'rootDir' 'C:/layera/packages/cad-processing/src'. 'rootDir' is expected to contain all source files.
../constants/src/index.ts(25,15): error TS6059: File 'C:/layera/packages/constants/src/themes.ts' is not under 'rootDir' 'C:/layera/packages/cad-processing/src'. 'rootDir' is expected to contain all source files.
../constants/src/index.ts(28,15): error TS6059: File 'C:/layera/packages/constants/src/config.ts' is not under 'rootDir' 'C:/layera/packages/cad-processing/src'. 'rootDir' is expected to contain all source files.
../constants/src/index.ts(31,15): error TS6059: File 'C:/layera/packages/constants/src/navigation.ts' is not under 'rootDir' 'C:/layera/packages/cad-processing/src'. 'rootDir' is expected to contain all source files.
../constants/src/index.ts(34,15): error TS6059: File 'C:/layera/packages/constants/src/snap.ts' is not under 'rootDir' 'C:/layera/packages/cad-processing/src'. 'rootDir' is expected to contain all source files.
../constants/src/index.ts(37,15): error TS6059: File 'C:/layera/packages/constants/src/geo-drawing.ts' is not under 'rootDir' 'C:/layera/packages/cad-processing/src'. 'rootDir' is expected to contain all source files.
../constants/src/index.ts(40,15): error TS6059: File 'C:/layera/packages/constants/src/design-tokens.ts' is not under 'rootDir' 'C:/layera/packages/cad-processing/src'. 'rootDir' is expected to contain all source files.
  The file is in the program because:
    Imported via './design-tokens' from file 'C:/layera/packages/constants/src/index.ts'
    Imported via './design-tokens' from file 'C:/layera/packages/constants/src/theme-engine.ts'
    Imported via './design-tokens' from file 'C:/layera/packages/constants/src/react-hooks.tsx'
../constants/src/index.ts(43,15): error TS6059: File 'C:/layera/packages/constants/src/theme-engine.ts' is not under 'rootDir' 'C:/layera/packages/cad-processing/src'. 'rootDir' is expected to contain all source files.
  The file is in the program because:
    Imported via './theme-engine' from file 'C:/layera/packages/constants/src/index.ts'
    Imported via './theme-engine' from file 'C:/layera/packages/constants/src/react-hooks.tsx'
../constants/src/index.ts(46,15): error TS6059: File 'C:/layera/packages/constants/src/react-hooks.tsx' is not under 'rootDir' 'C:/layera/packages/cad-processing/src'. 'rootDir' is expected to contain all source files.
../layout/src/components/AppShell/AppShell.tsx(2,31): error TS6059: File 'C:/layera/packages/layout/src/types/index.ts' is not under 'rootDir' 'C:/layera/packages/cad-processing/src'. 'rootDir' is expected to contain all source files.
  The file is in the program because:
    Imported via '../../types' from file 'C:/layera/packages/layout/src/components/AppShell/AppShell.tsx'
    Imported via '../../types' from file 'C:/layera/packages/layout/src/components/Header/LayeraHeader.tsx'
    Imported via '../../types' from file 'C:/layera/packages/layout/src/components/Header/HeaderActionsGroup.tsx'
    Imported via './types' from file 'C:/layera/packages/layout/src/index.ts'
../layout/src/components/AppShell/AppShell.tsx(3,21): error TS6059: File 'C:/layera/packages/layout/src/components/Box.tsx' is not under 'rootDir' 'C:/layera/packages/cad-processing/src'. 'rootDir' is expected to contain all source files.
  The file is in the program because:
    Imported via '../Box' from file 'C:/layera/packages/layout/src/components/AppShell/AppShell.tsx'
    Imported via '../Box' from file 'C:/layera/packages/layout/src/components/Header/LayeraHeader.tsx'
    Imported via '../Box' from file 'C:/layera/packages/layout/src/components/Header/HeaderActionsGroup.tsx'
    Imported via './Box' from file 'C:/layera/packages/layout/src/components/Stack.tsx'
    Imported via './components/Box' from file 'C:/layera/packages/layout/src/index.ts'
    Imported via '../Box' from file 'C:/layera/packages/layout/src/components/Container/PageContainer.tsx'
    Imported via '../Box' from file 'C:/layera/packages/layout/src/components/Container/PageHeader.tsx'
../layout/src/components/AppShell/AppShell.tsx(35,9): error TS6133: 'handleSidebarToggle' is declared but its value is never read.
../layout/src/components/AppShell/index.ts(1,26): error TS6059: File 'C:/layera/packages/layout/src/components/AppShell/AppShell.tsx' is not under 'rootDir' 'C:/layera/packages/cad-processing/src'. 'rootDir' is expected to contain all source files.
../layout/src/components/Box.tsx(15,31): error TS6059: File 'C:/layera/packages/constants/src/index.ts' is not under 'rootDir' 'C:/layera/packages/cad-processing/src'. 'rootDir' is expected to contain all source files.
  The file is in the program because:
    Imported via '@layera/constants' from file 'C:/layera/packages/layout/src/components/Box.tsx'
    Imported via '@layera/constants' from file 'C:/layera/packages/layout/src/sizing/index.ts'
    Imported via '@layera/constants' from file 'C:/layera/packages/layout/src/components/Stack.tsx'
    Imported via '@layera/constants' from file 'C:/layera/packages/layout/src/components/Flex.tsx'
    Imported via '@layera/constants' from file 'C:/layera/packages/layout/src/flex/index.ts'
    Imported via '@layera/constants' from file 'C:/layera/packages/layout/src/components/Container/PageContainer.tsx'
    Imported via '@layera/constants' from file 'C:/layera/packages/layout/src/components/Container/PageHeader.tsx'
    Imported via '@layera/constants' from file 'C:/layera/packages/layout/src/hooks/useSizing.ts'
../layout/src/components/Box.tsx(17,10): error TS6133: 'getSizingVar' is declared but its value is never read.
../layout/src/components/Box.tsx(17,64): error TS6059: File 'C:/layera/packages/layout/src/sizing/index.ts' is not under 'rootDir' 'C:/layera/packages/cad-processing/src'. 'rootDir' is expected to contain all source files.
  The file is in the program because:
    Imported via '../sizing' from file 'C:/layera/packages/layout/src/components/Box.tsx'
    Imported via '../sizing' from file 'C:/layera/packages/layout/src/hooks/useSizing.ts'
    Imported via './sizing' from file 'C:/layera/packages/layout/src/index.ts'
../layout/src/components/Box.tsx(26,3): error TS2300: Duplicate identifier 'minHeight'.
../layout/src/components/Box.tsx(58,3): error TS2300: Duplicate identifier 'minHeight'.
../layout/src/components/Box.tsx(185,7): error TS2322: Type 'string | undefined' is not assignable to type 'Position | undefined'.
  Type 'string' is not assignable to type 'Position | undefined'.
../layout/src/components/Box.tsx(211,6): error TS2322: Type '{ children: ReactNode; id: string | undefined; role: string | undefined; 'aria-label': string | undefined; 'aria-labelledby': string | undefined; 'aria-describedby': string | undefined; ... 4 more ...; style: CSSProperties; }' is not assignable to type 'SVGProps<SVGSymbolElement>'.
  Types of property 'onClick' are incompatible.
    Type 'MouseEventHandler<HTMLDivElement> | undefined' is not assignable to type 'MouseEventHandler<SVGSymbolElement> | undefined'.
      Type 'MouseEventHandler<HTMLDivElement>' is not assignable to type 'MouseEventHandler<SVGSymbolElement>'.
        Type 'HTMLDivElement' is missing the following properties from type 'SVGSymbolElement': ownerSVGElement, viewportElement, preserveAspectRatio, viewBox
../layout/src/components/Container/index.ts(1,31): error TS6059: File 'C:/layera/packages/layout/src/components/Container/PageContainer.tsx' is not under 'rootDir' 'C:/layera/packages/cad-processing/src'. 'rootDir' is expected to contain all source files.
  The file is in the program because:
    Imported via './PageContainer' from file 'C:/layera/packages/layout/src/components/Container/index.ts'
    Imported via './PageContainer' from file 'C:/layera/packages/layout/src/components/Container/index.ts'
../layout/src/components/Container/index.ts(2,28): error TS6059: File 'C:/layera/packages/layout/src/components/Container/PageHeader.tsx' is not under 'rootDir' 'C:/layera/packages/cad-processing/src'. 'rootDir' is expected to contain all source files.
  The file is in the program because:
    Imported via './PageHeader' from file 'C:/layera/packages/layout/src/components/Container/index.ts'
    Imported via './PageHeader' from file 'C:/layera/packages/layout/src/components/Container/index.ts'
../layout/src/components/Flex.tsx(3,1): error TS6192: All imports in import declaration are unused.
../layout/src/components/Flex.tsx(3,57): error TS6059: File 'C:/layera/packages/layout/src/flex/index.ts' is not under 'rootDir' 'C:/layera/packages/cad-processing/src'. 'rootDir' is expected to contain all source files.
  The file is in the program because:
    Imported via '../flex' from file 'C:/layera/packages/layout/src/components/Flex.tsx'
    Imported via '../flex' from file 'C:/layera/packages/layout/src/hooks/useFlex.ts'
    Imported via './flex' from file 'C:/layera/packages/layout/src/index.ts'
../layout/src/components/Header/index.ts(1,30): error TS6059: File 'C:/layera/packages/layout/src/components/Header/LayeraHeader.tsx' is not under 'rootDir' 'C:/layera/packages/cad-processing/src'. 'rootDir' is expected to contain all source files.
../layout/src/components/Header/index.ts(2,36): error TS6059: File 'C:/layera/packages/layout/src/components/Header/HeaderActionsGroup.tsx' is not under 'rootDir' 'C:/layera/packages/cad-processing/src'. 'rootDir' is expected to contain all source files.
../layout/src/hooks/useFlex.ts(15,55): error TS6133: 'FlexDirection' is declared but its value is never read.
../layout/src/hooks/useFlex.ts(15,75): error TS6133: 'FlexJustify' is declared but its value is never read.
../layout/src/hooks/useFlex.ts(15,93): error TS6133: 'FlexAlign' is declared but its value is never read.
../layout/src/hooks/useFlex.ts(58,3): error TS2322: Type '{ row: { display: string; flexDirection: "column" | "column-reverse" | "row" | "row-reverse"; justifyContent: string; alignItems: string; flexWrap: "nowrap" | "wrap" | "wrap-reverse"; gap: "2px" | ... 7 more ... | "64px"; }; ... 15 more ...; mainContent: { display: string; flexDirection: "column" | "column-reverse" ...' is not assignable to type 'void'.
../layout/src/hooks/useFlex.ts(173,3): error TS2322: Type '{ scale: { readonly direction: { readonly ROW: "row"; readonly ROW_REVERSE: "row-reverse"; readonly COLUMN: "column"; readonly COLUMN_REVERSE: "column-reverse"; }; readonly justify: { readonly START: "flex-start"; ... 4 more ...; readonly SPACE_EVENLY: "space-evenly"; }; ... 4 more ...; readonly gap: { ...; }; }; .....' is not assignable to type 'void'.
../layout/src/hooks/useFlex.ts(203,3): error TS2322: Type '{ mobile: { stackOnMobile: { display: string; flexDirection: "column"; gap: "8px"; }; }; tablet: { rowOnTablet: { display: string; flexDirection: "row"; gap: "16px"; }; }; desktop: { complexLayout: { display: string; flexDirection: "row"; gap: "24px"; }; }; }' is not assignable to type 'void'.
../layout/src/hooks/useGeoAlertLayout.ts(10,8): error TS6059: File 'C:/layera/packages/layout/src/types/geoalert-layout.types.ts' is not under 'rootDir' 'C:/layera/packages/cad-processing/src'. 'rootDir' is expected to contain all source files.
  The file is in the program because:
    Imported via '../types/geoalert-layout.types' from file 'C:/layera/packages/layout/src/hooks/useGeoAlertLayout.ts'
    Imported via '../types/geoalert-layout.types' from file 'C:/layera/packages/layout/src/utils/geoalert-layout.ts'
    Imported via './types/geoalert-layout.types' from file 'C:/layera/packages/layout/src/index.ts'
../layout/src/hooks/useGeoAlertLayout.ts(17,8): error TS6059: File 'C:/layera/packages/layout/src/utils/geoalert-layout.ts' is not under 'rootDir' 'C:/layera/packages/cad-processing/src'. 'rootDir' is expected to contain all source files.
  The file is in the program because:
    Imported via '../utils/geoalert-layout' from file 'C:/layera/packages/layout/src/hooks/useGeoAlertLayout.ts'
    Imported via './utils/geoalert-layout' from file 'C:/layera/packages/layout/src/index.ts'
../layout/src/hooks/useSizing.ts(52,3): error TS2322: Type '{ scale: { readonly BASE_UNIT: 8; readonly NONE: 0; readonly XXS: 2; readonly XS: 4; readonly SM: 8; readonly MD: 16; readonly LG: 24; readonly XL: 32; readonly XXL: 48; readonly XXXL: 64; readonly LAYOUT_SM: 80; ... 19 more ...; readonly A4: "1.414:1"; }; getSizingVar: (category: "width" | "height", token: string) ...' is not assignable to type 'void'.
../layout/src/hooks/useSizing.ts(91,3): error TS2322: Type '{ mobile: { containerMaxWidth: string | number; sidebarWidth: string | number; }; tablet: { containerMaxWidth: string | number; sidebarWidth: string | number; }; desktop: { containerMaxWidth: string | number; sidebarWidth: string | number; }; desktopLarge: { ...; }; }' is not assignable to type 'void'.
../layout/src/hooks/useSizing.ts(122,3): error TS2322: Type '{ createSizingStyle: (width?: SizingToken, height?: SizingToken) => { width: string | number | undefined; height: string | number | undefined; }; fullSize: { width: string | number | undefined; height: string | ... 1 more ... | undefined; }; square: (size: SizingToken) => { ...; }; button: { ...; }; card: { ...; }; ...' is not assignable to type 'void'.
../layout/src/index.ts(15,26): error TS6059: File 'C:/layera/packages/layout/src/components/AppShell/index.ts' is not under 'rootDir' 'C:/layera/packages/cad-processing/src'. 'rootDir' is expected to contain all source files.
../layout/src/index.ts(16,50): error TS6059: File 'C:/layera/packages/layout/src/components/Header/index.ts' is not under 'rootDir' 'C:/layera/packages/cad-processing/src'. 'rootDir' is expected to contain all source files.
../layout/src/index.ts(19,23): error TS6059: File 'C:/layera/packages/layout/src/components/Stack.tsx' is not under 'rootDir' 'C:/layera/packages/cad-processing/src'. 'rootDir' is expected to contain all source files.
../layout/src/index.ts(20,22): error TS6059: File 'C:/layera/packages/layout/src/components/Flex.tsx' is not under 'rootDir' 'C:/layera/packages/cad-processing/src'. 'rootDir' is expected to contain all source files.
  The file is in the program because:
    Imported via './components/Flex' from file 'C:/layera/packages/layout/src/index.ts'
    Imported via '../components/Flex' from file 'C:/layera/packages/layout/src/utils/shortcuts.tsx'
../layout/src/index.ts(32,8): error TS6059: File 'C:/layera/packages/layout/src/utils/shortcuts.tsx' is not under 'rootDir' 'C:/layera/packages/cad-processing/src'. 'rootDir' is expected to contain all source files.
../layout/src/index.ts(35,43): error TS6059: File 'C:/layera/packages/layout/src/components/Container/index.ts' is not under 'rootDir' 'C:/layera/packages/cad-processing/src'. 'rootDir' is expected to contain all source files.
../layout/src/index.ts(38,35): error TS6059: File 'C:/layera/packages/layout/src/hooks/useGeoAlertLayout.ts' is not under 'rootDir' 'C:/layera/packages/cad-processing/src'. 'rootDir' is expected to contain all source files.
../layout/src/index.ts(47,8): error TS6059: File 'C:/layera/packages/layout/src/hooks/useSizing.ts' is not under 'rootDir' 'C:/layera/packages/cad-processing/src'. 'rootDir' is expected to contain all source files.
../layout/src/index.ts(55,8): error TS6059: File 'C:/layera/packages/layout/src/hooks/useFlex.ts' is not under 'rootDir' 'C:/layera/packages/cad-processing/src'. 'rootDir' is expected to contain all source files.
../layout/src/types/index.ts(1,15): error TS6059: File 'C:/layera/packages/layout/src/types/layout.types.ts' is not under 'rootDir' 'C:/layera/packages/cad-processing/src'. 'rootDir' is expected to contain all source files.
  The file is in the program because:
    Imported via './layout.types' from file 'C:/layera/packages/layout/src/types/index.ts'
    Imported via './layout.types' from file 'C:/layera/packages/layout/src/types/component.types.ts'
../layout/src/types/index.ts(2,15): error TS6059: File 'C:/layera/packages/layout/src/types/component.types.ts' is not under 'rootDir' 'C:/layera/packages/cad-processing/src'. 'rootDir' is expected to contain all source files.
../notifications/src/components/Alert/Alert.tsx(21,15): error TS2322: Type 'string | number | bigint | true | ReactElement<unknown, string | JSXElementConstructor<any>> | Iterable<ReactNode> | ReactPortal | Promise<...>' is not assignable to type 'void'.
  Type 'string' is not assignable to type 'void'.
../notifications/src/components/Alert/Alert.tsx(25,9): error TS2322: Type 'Element' is not assignable to type 'void'.
../notifications/src/components/Alert/Alert.tsx(32,9): error TS2322: Type 'Element' is not assignable to type 'void'.
../notifications/src/components/Alert/Alert.tsx(38,9): error TS2322: Type 'Element' is not assignable to type 'void'.
../notifications/src/components/Alert/Alert.tsx(45,9): error TS2322: Type 'Element' is not assignable to type 'void'.
../notifications/src/components/Alert/Alert.tsx(63,9): error TS2322: Type 'void' is not assignable to type 'ReactNode'.
../notifications/src/components/Alert/index.ts(5,23): error TS6059: File 'C:/layera/packages/notifications/src/components/Alert/Alert.tsx' is not under 'rootDir' 'C:/layera/packages/cad-processing/src'. 'rootDir' is expected to contain all source files.
../notifications/src/components/index.ts(5,23): error TS6059: File 'C:/layera/packages/notifications/src/components/Toast/index.ts' is not under 'rootDir' 'C:/layera/packages/cad-processing/src'. 'rootDir' is expected to contain all source files.
  The file is in the program because:
    Imported via './Toast' from file 'C:/layera/packages/notifications/src/components/index.ts'
    Imported via '../Toast' from file 'C:/layera/packages/notifications/src/components/NotificationContainer/NotificationContainer.tsx'
../notifications/src/components/index.ts(6,39): error TS6059: File 'C:/layera/packages/notifications/src/components/NotificationContainer/index.ts' is not under 'rootDir' 'C:/layera/packages/cad-processing/src'. 'rootDir' is expected to contain all source files.
  The file is in the program because:
    Imported via './NotificationContainer' from file 'C:/layera/packages/notifications/src/components/index.ts'
    Imported via '../NotificationContainer' from file 'C:/layera/packages/notifications/src/components/NotificationProvider/NotificationProvider.tsx'
../notifications/src/components/index.ts(7,38): error TS6059: File 'C:/layera/packages/notifications/src/components/NotificationProvider/index.ts' is not under 'rootDir' 'C:/layera/packages/cad-processing/src'. 'rootDir' is expected to contain all source files.
../notifications/src/components/index.ts(8,23): error TS6059: File 'C:/layera/packages/notifications/src/components/Alert/index.ts' is not under 'rootDir' 'C:/layera/packages/cad-processing/src'. 'rootDir' is expected to contain all source files.
../notifications/src/components/NotificationContainer/index.ts(5,39): error TS6059: File 'C:/layera/packages/notifications/src/components/NotificationContainer/NotificationContainer.tsx' is not under 'rootDir' 'C:/layera/packages/cad-processing/src'. 'rootDir' is expected to contain all source files.
../notifications/src/components/NotificationContainer/NotificationContainer.tsx(42,16): error TS18046: 'notification' is of type 'unknown'.
../notifications/src/components/NotificationContainer/NotificationContainer.tsx(43,11): error TS2322: Type 'unknown' is not assignable to type 'Notification'.
../notifications/src/components/NotificationProvider/index.ts(5,38): error TS6059: File 'C:/layera/packages/notifications/src/components/NotificationProvider/NotificationProvider.tsx' is not under 'rootDir' 'C:/layera/packages/cad-processing/src'. 'rootDir' is expected to contain all source files.
../notifications/src/components/NotificationProvider/NotificationProvider.tsx(2,75): error TS6059: File 'C:/layera/packages/notifications/src/context/index.ts' is not under 'rootDir' 'C:/layera/packages/cad-processing/src'. 'rootDir' is expected to contain all source files.
  The file is in the program because:
    Imported via '../../context' from file 'C:/layera/packages/notifications/src/components/NotificationProvider/NotificationProvider.tsx'
    Imported via './context' from file 'C:/layera/packages/notifications/src/index.ts'
../notifications/src/components/Toast/index.ts(5,23): error TS6059: File 'C:/layera/packages/notifications/src/components/Toast/Toast.tsx' is not under 'rootDir' 'C:/layera/packages/cad-processing/src'. 'rootDir' is expected to contain all source files.
../notifications/src/components/Toast/Toast.tsx(2,21): error TS6059: File 'C:/layera/packages/layout/src/index.ts' is not under 'rootDir' 'C:/layera/packages/cad-processing/src'. 'rootDir' is expected to contain all source files.
  The file is in the program because:
    Imported via '@layera/layout' from file 'C:/layera/packages/notifications/src/components/Toast/Toast.tsx'
    Imported via '@layera/layout' from file 'C:/layera/packages/notifications/src/components/NotificationContainer/NotificationContainer.tsx'
    Imported via '@layera/layout' from file 'C:/layera/packages/notifications/src/components/Alert/Alert.tsx'
../notifications/src/components/Toast/Toast.tsx(3,68): error TS6059: File 'C:/layera/packages/notifications/src/constants/index.ts' is not under 'rootDir' 'C:/layera/packages/cad-processing/src'. 'rootDir' is expected to contain all source files.
  The file is in the program because:
    Imported via '../../constants' from file 'C:/layera/packages/notifications/src/components/Toast/Toast.tsx'
    Imported via '../../constants' from file 'C:/layera/packages/notifications/src/components/Alert/Alert.tsx'
../notifications/src/components/Toast/Toast.tsx(4,33): error TS6059: File 'C:/layera/packages/notifications/src/types/index.ts' is not under 'rootDir' 'C:/layera/packages/cad-processing/src'. 'rootDir' is expected to contain all source files.
  The file is in the program because:
    Imported via '../../types' from file 'C:/layera/packages/notifications/src/components/Toast/Toast.tsx'
    Imported via '../../types' from file 'C:/layera/packages/notifications/src/components/NotificationContainer/NotificationContainer.tsx'
    Imported via '../types' from file 'C:/layera/packages/notifications/src/context/NotificationContext.tsx'
    Imported via '../../types' from file 'C:/layera/packages/notifications/src/components/NotificationProvider/NotificationProvider.tsx'
    Imported via '../../types' from file 'C:/layera/packages/notifications/src/components/Alert/Alert.tsx'
    Imported via './types' from file 'C:/layera/packages/notifications/src/index.ts'
../notifications/src/components/Toast/Toast.tsx(49,28): error TS2322: Type 'string | number | bigint | true | ReactElement<unknown, string | JSXElementConstructor<any>> | Iterable<ReactNode> | ReactPortal | Promise<...>' is not assignable to type 'void'.
  Type 'string' is not assignable to type 'void'.
../notifications/src/components/Toast/Toast.tsx(53,9): error TS2322: Type 'Element' is not assignable to type 'void'.
../notifications/src/components/Toast/Toast.tsx(60,9): error TS2322: Type 'Element' is not assignable to type 'void'.
../notifications/src/components/Toast/Toast.tsx(66,9): error TS2322: Type 'Element' is not assignable to type 'void'.
../notifications/src/components/Toast/Toast.tsx(73,9): error TS2322: Type 'Element' is not assignable to type 'void'.
../notifications/src/components/Toast/Toast.tsx(94,9): error TS2322: Type 'void' is not assignable to type 'ReactNode'.
../notifications/src/constants/index.ts(5,15): error TS6059: File 'C:/layera/packages/notifications/src/constants/notificationConstants.ts' is not under 'rootDir' 'C:/layera/packages/cad-processing/src'. 'rootDir' is expected to contain all source files.
../notifications/src/constants/index.ts(6,15): error TS6059: File 'C:/layera/packages/notifications/src/constants/translationKeys.ts' is not under 'rootDir' 'C:/layera/packages/cad-processing/src'. 'rootDir' is expected to contain all source files.
../notifications/src/context/index.ts(5,56): error TS6059: File 'C:/layera/packages/notifications/src/context/NotificationContext.tsx' is not under 'rootDir' 'C:/layera/packages/cad-processing/src'. 'rootDir' is expected to contain all source files.
../notifications/src/context/NotificationContext.tsx(77,11): error TS2375: Type '{ id: string; type: NotificationType; title: string; message: string; duration: number; persistent: boolean; dismissible: boolean; timestamp: number; icon: React.ReactNode; action: { ...; } | undefined; className: string | undefined; }' is not assignable to type 'Notification' with 'exactOptionalPropertyTypes: true'. Consider adding 'undefined' to the types of the target's properties.
  Types of property 'className' are incompatible.
    Type 'string | undefined' is not assignable to type 'string'.
      Type 'undefined' is not assignable to type 'string'.
../notifications/src/index.ts(13,8): error TS6059: File 'C:/layera/packages/notifications/src/components/index.ts' is not under 'rootDir' 'C:/layera/packages/cad-processing/src'. 'rootDir' is expected to contain all source files.
../notifications/src/types/index.ts(5,20): error TS6059: File 'C:/layera/packages/notifications/src/types/notification.types.ts' is not under 'rootDir' 'C:/layera/packages/cad-processing/src'. 'rootDir' is expected to contain all source files.
npm error Lifecycle script `typecheck` failed with error:
npm error code 2
npm error path C:\layera\packages\cad-processing
npm error workspace @layera/cad-processing@1.0.0
npm error location C:\layera\packages\cad-processing
npm error command failed
npm error command C:\WINDOWS\system32\cmd.exe /d /s /c tsc --noEmit


> @layera/canvas-transforms@1.0.0 typecheck
> tsc --noEmit


> @layera/cards@1.0.0 typecheck
> tsc --noEmit

src/components/BaseCard/BaseCard.tsx(9,10): error TS2305: Module '"@layera/layout"' has no exported member 'Flex'.
src/components/BaseCard/BaseCard.tsx(182,152): error TS2339: Property 'SPACE' does not exist on type '{ readonly ESCAPE: "Escape"; readonly ENTER: "Enter"; readonly DELETE: "Delete"; readonly BACKSPACE: "Backspace"; }'.
src/components/BaseCard/BaseCard.tsx(195,43): error TS2339: Property 'ACCESSIBILITY' does not exist on type '{ readonly DOUBLE_CLICK_TIMEOUT: 300; readonly KEY_CODES: { readonly ESCAPE: "Escape"; readonly ENTER: "Enter"; readonly DELETE: "Delete"; readonly BACKSPACE: "Backspace"; }; readonly MOUSE_BUTTONS: { ...; }; }'.
src/components/BaseCard/BaseCard.tsx(207,9): error TS2322: Type '{ children: (Element | undefined)[]; style: CSSProperties; onClick: (() => void) | undefined; onTouchStart: (e: TouchEvent<Element>) => void; onTouchEnd: (e: TouchEvent<...>) => void; className: string; "data-testid": string; }' is not assignable to type 'IntrinsicAttributes & BoxProps'.
  Property 'onClick' does not exist on type 'IntrinsicAttributes & BoxProps'.
src/components/BaseCard/BaseCard.tsx(229,15): error TS2322: Type '{ children: string; fontSize: string; color: string; textAlign: string; marginTop: string; opacity: string; }' is not assignable to type 'IntrinsicAttributes & BoxProps'.
  Property 'fontSize' does not exist on type 'IntrinsicAttributes & BoxProps'.
src/components/BaseCard/BaseCard.tsx(245,47): error TS2339: Property 'ACCESSIBILITY' does not exist on type '{ readonly DOUBLE_CLICK_TIMEOUT: 300; readonly KEY_CODES: { readonly ESCAPE: "Escape"; readonly ENTER: "Enter"; readonly DELETE: "Delete"; readonly BACKSPACE: "Backspace"; }; readonly MOUSE_BUTTONS: { ...; }; }'.
src/components/BaseCard/BaseCard.tsx(247,116): error TS2339: Property 'SPACE' does not exist on type '{ readonly ESCAPE: "Escape"; readonly ENTER: "Enter"; readonly DELETE: "Delete"; readonly BACKSPACE: "Backspace"; }'.
src/components/BaseCard/BaseCard.tsx(249,17): error TS2554: Expected 1 arguments, but got 0.
src/components/BaseCard/BaseCard.tsx(301,50): error TS2322: Type '{ children: string | number | true | ReactElement<any, string | JSXElementConstructor<any>> | Iterable<ReactNode> | ReactPortal; className: string; marginBottom: string; }' is not assignable to type 'IntrinsicAttributes & BoxProps'.
  Property 'marginBottom' does not exist on type 'IntrinsicAttributes & BoxProps'.
src/components/BaseCard/BaseCard.tsx(318,47): error TS2322: Type '{ children: string | number | true | ReactElement<any, string | JSXElementConstructor<any>> | Iterable<ReactNode> | ReactPortal; className: string; color: string; }' is not assignable to type 'IntrinsicAttributes & BoxProps'.
  Property 'color' does not exist on type 'IntrinsicAttributes & BoxProps'.
src/components/BaseCard/BaseCard.tsx(325,46): error TS2322: Type '{ children: string | number | true | ReactElement<any, string | JSXElementConstructor<any>> | Iterable<ReactNode> | ReactPortal; className: string; color: string; }' is not assignable to type 'IntrinsicAttributes & BoxProps'.
  Property 'color' does not exist on type 'IntrinsicAttributes & BoxProps'.
src/components/BaseCard/BaseCard.tsx(335,45): error TS2339: Property 'ACCESSIBILITY' does not exist on type '{ readonly DOUBLE_CLICK_TIMEOUT: 300; readonly KEY_CODES: { readonly ESCAPE: "Escape"; readonly ENTER: "Enter"; readonly DELETE: "Delete"; readonly BACKSPACE: "Backspace"; }; readonly MOUSE_BUTTONS: { ...; }; }'.
src/components/BaseCard/BaseCard.tsx(337,114): error TS2339: Property 'SPACE' does not exist on type '{ readonly ESCAPE: "Escape"; readonly ENTER: "Enter"; readonly DELETE: "Delete"; readonly BACKSPACE: "Backspace"; }'.
src/components/BaseCard/BaseCard.tsx(339,15): error TS2554: Expected 1 arguments, but got 0.
src/components/DashboardCard/DashboardCard.tsx(19,7): error TS2322: Type 'Element' is not assignable to type 'void'.
src/components/DashboardCard/DashboardCard.tsx(30,7): error TS2322: Type 'Element' is not assignable to type 'void'.
src/components/DashboardCard/DashboardCard.tsx(39,7): error TS2322: Type 'Element' is not assignable to type 'void'.
src/components/DashboardCard/DashboardCard.tsx(66,5): error TS2322: Type 'ReactNode' is not assignable to type 'void'.
  Type 'null' is not assignable to type 'void'.
src/components/DashboardCard/DashboardCard.tsx(81,7): error TS2322: Type 'void' is not assignable to type 'ReactNode'.
src/components/UnifiedCard/UnifiedCard.tsx(72,11): error TS2375: Type '{ children?: ReactNode; onInfoClick?: () => void; description?: string; variant: CardVariant; title: string; icon: ReactNode; opacityMode: "transparent" | "semi-transparent" | "opaque"; onClick: () => void; className: string | undefined; 'data-testid': string; }' is not assignable to type 'BaseCardProps' with 'exactOptionalPropertyTypes: true'. Consider adding 'undefined' to the types of the target's properties.
  Types of property 'className' are incompatible.
    Type 'string | undefined' is not assignable to type 'string'.
      Type 'undefined' is not assignable to type 'string'.
src/components/UnifiedCard/UnifiedCard.tsx(121,7): error TS2322: Type 'unknown' is not assignable to type 'ReactNode'.
src/utils/cardConfigFactory.ts(204,25): error TS2379: Argument of type '{ id: string; title: string; description: string | undefined; icon: React.ReactNode; toolValue: string; isSelected: boolean; toolCategory: "layout"; onClick: () => void; testId: string; }' is not assignable to parameter of type 'Partial<ToolCardConfig> & { id: string; title: string; toolValue: unknown; }' with 'exactOptionalPropertyTypes: true'. Consider adding 'undefined' to the types of the target's properties.
  Type '{ id: string; title: string; description: string | undefined; icon: React.ReactNode; toolValue: string; isSelected: boolean; toolCategory: "layout"; onClick: () => void; testId: string; }' is not assignable to type 'Partial<ToolCardConfig>' with 'exactOptionalPropertyTypes: true'. Consider adding 'undefined' to the types of the target's properties.
    Types of property 'description' are incompatible.
      Type 'string | undefined' is not assignable to type 'string'.
        Type 'undefined' is not assignable to type 'string'.
src/utils/cardConfigFactory.ts(227,25): error TS2379: Argument of type '{ id: string; title: string; content: React.ReactNode; theme: "property" | "job"; dataType: "pricing"; onClick: (() => void) | undefined; testId: string; }' is not assignable to parameter of type 'Partial<DataCardConfig> & { id: string; title: string; content: ReactNode; }' with 'exactOptionalPropertyTypes: true'. Consider adding 'undefined' to the types of the target's properties.
  Type '{ id: string; title: string; content: React.ReactNode; theme: "property" | "job"; dataType: "pricing"; onClick: (() => void) | undefined; testId: string; }' is not assignable to type 'Partial<DataCardConfig>' with 'exactOptionalPropertyTypes: true'. Consider adding 'undefined' to the types of the target's properties.
    Types of property 'onClick' are incompatible.
      Type '(() => void) | undefined' is not assignable to type '() => void'.
        Type 'undefined' is not assignable to type '() => void'.
src/utils/cardConfigFactory.ts(261,30): error TS2379: Argument of type '{ readonly id: "pricing-free" | "pricing-budget" | "pricing-premium" | "pricing-negotiable"; readonly title: string; readonly icon: React.ReactNode; readonly selectionValue: "free" | "budget" | "premium" | "negotiable"; ... 4 more ...; readonly selected: boolean | undefined; }' is not assignable to parameter of type 'Partial<SelectionCardConfig> & { id: string; title: string; selectionValue: unknown; }' with 'exactOptionalPropertyTypes: true'. Consider adding 'undefined' to the types of the target's properties.
  Type '{ readonly id: "pricing-free" | "pricing-budget" | "pricing-premium" | "pricing-negotiable"; readonly title: string; readonly icon: React.ReactNode; readonly selectionValue: "free" | "budget" | "premium" | "negotiable"; ... 4 more ...; readonly selected: boolean | undefined; }' is not assignable to type 'Partial<SelectionCardConfig>' with 'exactOptionalPropertyTypes: true'. Consider adding 'undefined' to the types of the target's properties.
    Types of property 'selected' are incompatible.
      Type 'boolean | undefined' is not assignable to type 'boolean'.
        Type 'undefined' is not assignable to type 'boolean'.
src/utils/cardConfigFactory.ts(322,5): error TS2353: Object literal may only specify known properties, and 'metadata' does not exist in type 'Partial<DataCardConfig> & { id: string; title: string; content: ReactNode; }'.
src/utils/cardConfigFactory.ts(346,27): error TS2379: Argument of type '{ id: string; title: string; description: string | undefined; icon: React.ReactNode; actionValue: string; priority: "primary" | "secondary"; actionCategory: "upload"; onClick: () => void; testId: string; }' is not assignable to parameter of type 'Partial<ActionCardConfig> & { id: string; title: string; actionValue: unknown; }' with 'exactOptionalPropertyTypes: true'. Consider adding 'undefined' to the types of the target's properties.
  Type '{ id: string; title: string; description: string | undefined; icon: React.ReactNode; actionValue: string; priority: "primary" | "secondary"; actionCategory: "upload"; onClick: () => void; testId: string; }' is not assignable to type 'Partial<ActionCardConfig>' with 'exactOptionalPropertyTypes: true'. Consider adding 'undefined' to the types of the target's properties.
    Types of property 'description' are incompatible.
      Type 'string | undefined' is not assignable to type 'string'.
        Type 'undefined' is not assignable to type 'string'.
npm error Lifecycle script `typecheck` failed with error:
npm error code 2
npm error path C:\layera\packages\cards
npm error workspace @layera/cards@1.0.0
npm error location C:\layera\packages\cards
npm error command failed
npm error command C:\WINDOWS\system32\cmd.exe /d /s /c tsc --noEmit


> @layera/constants@1.0.0 typecheck
> tsc --noEmit


> @layera/cursors@1.0.0 typecheck
> tsc --noEmit

../osm/src/types/result.ts(30,4): error TS1161: Unterminated regular expression literal.
../osm/src/types/result.ts(31,4): error TS1109: Expression expected.
../osm/src/types/result.ts(31,6): error TS1128: Declaration or statement expected.
../osm/src/types/result.ts(32,2): error TS1109: Expression expected.
../osm/src/types/result.ts(33,2): error TS1109: Expression expected.
../osm/src/types/result.ts(33,4): error TS1109: Expression expected.
../osm/src/types/result.ts(34,2): error TS1109: Expression expected.
../osm/src/types/result.ts(58,7): error TS1005: ';' expected.
../osm/src/types/result.ts(59,9): error TS1005: ';' expected.
../osm/src/types/result.ts(60,2): error TS1109: Expression expected.
../osm/src/types/result.ts(60,9): error TS1005: ';' expected.
../osm/src/types/result.ts(61,2): error TS1109: Expression expected.
../osm/src/types/result.ts(243,2): error TS1160: Unterminated template literal.
npm error Lifecycle script `typecheck` failed with error:
npm error code 2
npm error path C:\layera\packages\cursors
npm error workspace @layera/cursors@1.0.0
npm error location C:\layera\packages\cursors
npm error command failed
npm error command C:\WINDOWS\system32\cmd.exe /d /s /c tsc --noEmit


> @layera/database-core@1.0.0 typecheck
> tsc --noEmit


> @layera/draggable@1.0.0 typecheck
> tsc --noEmit


> @layera/draggable-fab@1.0.0 typecheck
> tsc --noEmit

../constants/src/index.ts(7,15): error TS6059: File 'C:/layera/packages/constants/src/sizes.ts' is not under 'rootDir' 'C:/layera/packages/draggable-fab/src'. 'rootDir' is expected to contain all source files.
../constants/src/index.ts(10,15): error TS6059: File 'C:/layera/packages/constants/src/states.ts' is not under 'rootDir' 'C:/layera/packages/draggable-fab/src'. 'rootDir' is expected to contain all source files.
../constants/src/index.ts(13,15): error TS6059: File 'C:/layera/packages/constants/src/roles.ts' is not under 'rootDir' 'C:/layera/packages/draggable-fab/src'. 'rootDir' is expected to contain all source files.
../constants/src/index.ts(16,15): error TS6059: File 'C:/layera/packages/constants/src/pipeline-steps.ts' is not under 'rootDir' 'C:/layera/packages/draggable-fab/src'. 'rootDir' is expected to contain all source files.
../constants/src/index.ts(19,15): error TS6059: File 'C:/layera/packages/constants/src/forms.ts' is not under 'rootDir' 'C:/layera/packages/draggable-fab/src'. 'rootDir' is expected to contain all source files.
../constants/src/index.ts(22,15): error TS6059: File 'C:/layera/packages/constants/src/tables.ts' is not under 'rootDir' 'C:/layera/packages/draggable-fab/src'. 'rootDir' is expected to contain all source files.
../constants/src/index.ts(25,15): error TS6059: File 'C:/layera/packages/constants/src/themes.ts' is not under 'rootDir' 'C:/layera/packages/draggable-fab/src'. 'rootDir' is expected to contain all source files.
../constants/src/index.ts(28,15): error TS6059: File 'C:/layera/packages/constants/src/config.ts' is not under 'rootDir' 'C:/layera/packages/draggable-fab/src'. 'rootDir' is expected to contain all source files.
../constants/src/index.ts(31,15): error TS6059: File 'C:/layera/packages/constants/src/navigation.ts' is not under 'rootDir' 'C:/layera/packages/draggable-fab/src'. 'rootDir' is expected to contain all source files.
../constants/src/index.ts(34,15): error TS6059: File 'C:/layera/packages/constants/src/snap.ts' is not under 'rootDir' 'C:/layera/packages/draggable-fab/src'. 'rootDir' is expected to contain all source files.
../constants/src/index.ts(37,15): error TS6059: File 'C:/layera/packages/constants/src/geo-drawing.ts' is not under 'rootDir' 'C:/layera/packages/draggable-fab/src'. 'rootDir' is expected to contain all source files.
../constants/src/index.ts(40,15): error TS6059: File 'C:/layera/packages/constants/src/design-tokens.ts' is not under 'rootDir' 'C:/layera/packages/draggable-fab/src'. 'rootDir' is expected to contain all source files.
  The file is in the program because:
    Imported via './design-tokens' from file 'C:/layera/packages/constants/src/index.ts'
    Imported via './design-tokens' from file 'C:/layera/packages/constants/src/theme-engine.ts'
    Imported via './design-tokens' from file 'C:/layera/packages/constants/src/react-hooks.tsx'
../constants/src/index.ts(43,15): error TS6059: File 'C:/layera/packages/constants/src/theme-engine.ts' is not under 'rootDir' 'C:/layera/packages/draggable-fab/src'. 'rootDir' is expected to contain all source files.
  The file is in the program because:
    Imported via './theme-engine' from file 'C:/layera/packages/constants/src/index.ts'
    Imported via './theme-engine' from file 'C:/layera/packages/constants/src/react-hooks.tsx'
../constants/src/index.ts(46,15): error TS6059: File 'C:/layera/packages/constants/src/react-hooks.tsx' is not under 'rootDir' 'C:/layera/packages/draggable-fab/src'. 'rootDir' is expected to contain all source files.
src/DraggableFAB.tsx(29,46): error TS6133: 'useMemo' is declared but its value is never read.
src/DraggableFAB.tsx(30,52): error TS6059: File 'C:/layera/packages/constants/src/index.ts' is not under 'rootDir' 'C:/layera/packages/draggable-fab/src'. 'rootDir' is expected to contain all source files.
  The file is in the program because:
    Imported via '@layera/constants' from file 'C:/layera/packages/draggable-fab/src/DraggableFAB.tsx'
    Imported via '@layera/constants' from file 'C:/layera/packages/layout/src/components/Box.tsx'
    Imported via '@layera/constants' from file 'C:/layera/packages/layout/src/sizing/index.ts'
    Imported via '@layera/constants' from file 'C:/layera/packages/layout/src/components/Stack.tsx'
    Imported via '@layera/constants' from file 'C:/layera/packages/layout/src/components/Flex.tsx'
    Imported via '@layera/constants' from file 'C:/layera/packages/layout/src/flex/index.ts'
    Imported via '@layera/constants' from file 'C:/layera/packages/layout/src/components/Container/PageContainer.tsx'
    Imported via '@layera/constants' from file 'C:/layera/packages/layout/src/components/Container/PageHeader.tsx'
    Imported via '@layera/constants' from file 'C:/layera/packages/layout/src/hooks/useSizing.ts'
    Imported via '@layera/constants' from file 'C:/layera/packages/floating-action-buttons/src/UnifiedFAB.tsx'
src/DraggableFAB.tsx(31,21): error TS6059: File 'C:/layera/packages/layout/src/index.ts' is not under 'rootDir' 'C:/layera/packages/draggable-fab/src'. 'rootDir' is expected to contain all source files.
  The file is in the program because:
    Imported via '@layera/layout' from file 'C:/layera/packages/draggable-fab/src/DraggableFAB.tsx'
    Imported via '@layera/layout' from file 'C:/layera/packages/floating-action-buttons/src/UnifiedFAB.tsx'
src/DraggableFAB.tsx(32,32): error TS6059: File 'C:/layera/packages/floating-action-buttons/src/index.ts' is not under 'rootDir' 'C:/layera/packages/draggable-fab/src'. 'rootDir' is expected to contain all source files.
src/DraggableFAB.tsx(34,10): error TS6133: 'killNextClick' is declared but its value is never read.
src/DraggableFAB.tsx(34,58): error TS6133: 'useDraggable' is declared but its value is never read.
src/DraggableFAB.tsx(130,9): error TS6133: 'startRef' is declared but its value is never read.
src/DraggableFAB.tsx(142,26): error TS2352: Conversion of type 'HTMLBodyElement | null' to type 'HTMLDivElement' may be a mistake because neither type sufficiently overlaps with the other. If this was intentional, convert the expression to 'unknown' first.
  Property 'align' is missing in type 'HTMLBodyElement' but required in type 'HTMLDivElement'.
src/DraggableFAB.tsx(280,7): error TS2322: Type '{ children: ReactNode; style: { background: string; touchAction: "none"; userSelect: "none"; accentColor?: AccentColor | undefined; alignContent?: AlignContent | undefined; ... 819 more ...; vectorEffect?: VectorEffect | undefined; }; ... 10 more ...; className: string; }' is not assignable to type 'IntrinsicAttributes & BoxProps'.
  Property 'draggable' does not exist on type 'IntrinsicAttributes & BoxProps'.
../draggable/src/hooks/useDraggable.ts(111,38): error TS6133: 'e' is declared but its value is never read.
../draggable/src/index.ts(44,8): error TS6059: File 'C:/layera/packages/draggable/src/types.ts' is not under 'rootDir' 'C:/layera/packages/draggable-fab/src'. 'rootDir' is expected to contain all source files.
  The file is in the program because:
    Imported via './types' from file 'C:/layera/packages/draggable/src/index.ts'
    Imported via '../types' from file 'C:/layera/packages/draggable/src/hooks/useDraggable.ts'
    Imported via './types' from file 'C:/layera/packages/draggable/src/index.ts'
../draggable/src/index.ts(53,8): error TS6059: File 'C:/layera/packages/draggable/src/hooks/useDraggable.ts' is not under 'rootDir' 'C:/layera/packages/draggable-fab/src'. 'rootDir' is expected to contain all source files.
../floating-action-buttons/src/index.ts(8,15): error TS6059: File 'C:/layera/packages/floating-action-buttons/src/types.ts' is not under 'rootDir' 'C:/layera/packages/draggable-fab/src'. 'rootDir' is expected to contain all source files.
  The file is in the program because:
    Imported via './types' from file 'C:/layera/packages/floating-action-buttons/src/index.ts'
    Imported via './types' from file 'C:/layera/packages/floating-action-buttons/src/UnifiedFAB.tsx'
../floating-action-buttons/src/index.ts(9,15): error TS6059: File 'C:/layera/packages/floating-action-buttons/src/UnifiedFAB.tsx' is not under 'rootDir' 'C:/layera/packages/draggable-fab/src'. 'rootDir' is expected to contain all source files.
  The file is in the program because:
    Imported via './UnifiedFAB' from file 'C:/layera/packages/floating-action-buttons/src/index.ts'
    Imported via './UnifiedFAB' from file 'C:/layera/packages/floating-action-buttons/src/index.ts'
    Imported via './UnifiedFAB' from file 'C:/layera/packages/floating-action-buttons/src/index.ts'
../floating-action-buttons/src/UnifiedFAB.tsx(15,35): error TS6133: 'useEffect' is declared but its value is never read.
../floating-action-buttons/src/UnifiedFAB.tsx(17,1): error TS6133: 'Box' is declared but its value is never read.
../floating-action-buttons/src/UnifiedFAB.tsx(20,53): error TS6133: 'FABVariant' is declared but its value is never read.
../floating-action-buttons/src/UnifiedFAB.tsx(22,10): error TS6133: 'killNextClick' is declared but its value is never read.
../floating-action-buttons/src/UnifiedFAB.tsx(22,64): error TS6059: File 'C:/layera/packages/draggable/src/index.ts' is not under 'rootDir' 'C:/layera/packages/draggable-fab/src'. 'rootDir' is expected to contain all source files.
  The file is in the program because:
    Imported via '@layera/draggable' from file 'C:/layera/packages/floating-action-buttons/src/UnifiedFAB.tsx'
    Imported via '@layera/draggable' from file 'C:/layera/packages/draggable-fab/src/DraggableFAB.tsx'
../floating-action-buttons/src/UnifiedFAB.tsx(45,11): error TS6196: 'FabPosition' is declared but never used.
../floating-action-buttons/src/UnifiedFAB.tsx(50,11): error TS6196: 'DragStart' is declared but never used.
../floating-action-buttons/src/UnifiedFAB.tsx(71,3): error TS6133: 'draggable' is declared but its value is never read.
../floating-action-buttons/src/UnifiedFAB.tsx(73,3): error TS6133: 'initialPosition' is declared but its value is never read.
../floating-action-buttons/src/UnifiedFAB.tsx(75,3): error TS6133: 'constrainToViewport' is declared but its value is never read.
../floating-action-buttons/src/UnifiedFAB.tsx(77,3): error TS6133: 'viewportSelector' is declared but its value is never read.
../floating-action-buttons/src/UnifiedFAB.tsx(79,3): error TS6133: 'positionType' is declared but its value is never read.
../floating-action-buttons/src/UnifiedFAB.tsx(96,9): error TS6133: 'MARGIN' is declared but its value is never read.
../floating-action-buttons/src/UnifiedFAB.tsx(101,9): error TS6133: 'onDown' is declared but its value is never read.
../floating-action-buttons/src/UnifiedFAB.tsx(110,9): error TS6133: 'onMove' is declared but its value is never read.
../floating-action-buttons/src/UnifiedFAB.tsx(120,9): error TS6133: 'onUp' is declared but its value is never read.
../floating-action-buttons/src/UnifiedFAB.tsx(138,9): error TS6133: 'onClickCapture' is declared but its value is never read.
../floating-action-buttons/src/UnifiedFAB.tsx(145,9): error TS6133: 'onPointerCancel' is declared but its value is never read.
../floating-action-buttons/src/UnifiedFAB.tsx(160,9): error TS6133: 'baseStyles' is declared but its value is never read.
../floating-action-buttons/src/UnifiedFAB.tsx(164,22): error TS2339: Property 'left' does not exist on type '{ right?: number; bottom?: number; left?: number; top?: number; } | { right: number; bottom: number; }'.
  Property 'left' does not exist on type '{ right: number; bottom: number; }'.
../floating-action-buttons/src/UnifiedFAB.tsx(164,65): error TS2339: Property 'left' does not exist on type '{ right?: number; bottom?: number; left?: number; top?: number; } | { right: number; bottom: number; }'.
  Property 'left' does not exist on type '{ right: number; bottom: number; }'.
../floating-action-buttons/src/UnifiedFAB.tsx(165,22): error TS2339: Property 'top' does not exist on type '{ right?: number; bottom?: number; left?: number; top?: number; } | { right: number; bottom: number; }'.
  Property 'top' does not exist on type '{ right: number; bottom: number; }'.
../floating-action-buttons/src/UnifiedFAB.tsx(165,63): error TS2339: Property 'top' does not exist on type '{ right?: number; bottom?: number; left?: number; top?: number; } | { right: number; bottom: number; }'.
  Property 'top' does not exist on type '{ right: number; bottom: number; }'.
../floating-action-buttons/src/UnifiedFAB.tsx(188,7): error TS2375: Type '{ right: number | undefined; bottom: number | undefined; }' is not assignable to type '{ x?: number; y?: number; right?: number; bottom?: number; }' with 'exactOptionalPropertyTypes: true'. Consider adding 'undefined' to the types of the target's properties.
  Types of property 'right' are incompatible.
    Type 'number | undefined' is not assignable to type 'number'.
      Type 'undefined' is not assignable to type 'number'.
../layout/src/components/AppShell/AppShell.tsx(2,31): error TS6059: File 'C:/layera/packages/layout/src/types/index.ts' is not under 'rootDir' 'C:/layera/packages/draggable-fab/src'. 'rootDir' is expected to contain all source files.
  The file is in the program because:
    Imported via '../../types' from file 'C:/layera/packages/layout/src/components/AppShell/AppShell.tsx'
    Imported via '../../types' from file 'C:/layera/packages/layout/src/components/Header/LayeraHeader.tsx'
    Imported via '../../types' from file 'C:/layera/packages/layout/src/components/Header/HeaderActionsGroup.tsx'
    Imported via './types' from file 'C:/layera/packages/layout/src/index.ts'
../layout/src/components/AppShell/AppShell.tsx(3,21): error TS6059: File 'C:/layera/packages/layout/src/components/Box.tsx' is not under 'rootDir' 'C:/layera/packages/draggable-fab/src'. 'rootDir' is expected to contain all source files.
  The file is in the program because:
    Imported via '../Box' from file 'C:/layera/packages/layout/src/components/AppShell/AppShell.tsx'
    Imported via '../Box' from file 'C:/layera/packages/layout/src/components/Header/LayeraHeader.tsx'
    Imported via '../Box' from file 'C:/layera/packages/layout/src/components/Header/HeaderActionsGroup.tsx'
    Imported via './Box' from file 'C:/layera/packages/layout/src/components/Stack.tsx'
    Imported via './components/Box' from file 'C:/layera/packages/layout/src/index.ts'
    Imported via '../Box' from file 'C:/layera/packages/layout/src/components/Container/PageContainer.tsx'
    Imported via '../Box' from file 'C:/layera/packages/layout/src/components/Container/PageHeader.tsx'
../layout/src/components/AppShell/AppShell.tsx(35,9): error TS6133: 'handleSidebarToggle' is declared but its value is never read.
../layout/src/components/AppShell/index.ts(1,26): error TS6059: File 'C:/layera/packages/layout/src/components/AppShell/AppShell.tsx' is not under 'rootDir' 'C:/layera/packages/draggable-fab/src'. 'rootDir' is expected to contain all source files.
../layout/src/components/Box.tsx(17,10): error TS6133: 'getSizingVar' is declared but its value is never read.
../layout/src/components/Box.tsx(17,64): error TS6059: File 'C:/layera/packages/layout/src/sizing/index.ts' is not under 'rootDir' 'C:/layera/packages/draggable-fab/src'. 'rootDir' is expected to contain all source files.
  The file is in the program because:
    Imported via '../sizing' from file 'C:/layera/packages/layout/src/components/Box.tsx'
    Imported via '../sizing' from file 'C:/layera/packages/layout/src/hooks/useSizing.ts'
    Imported via './sizing' from file 'C:/layera/packages/layout/src/index.ts'
../layout/src/components/Box.tsx(26,3): error TS2300: Duplicate identifier 'minHeight'.
../layout/src/components/Box.tsx(58,3): error TS2300: Duplicate identifier 'minHeight'.
../layout/src/components/Box.tsx(185,7): error TS2322: Type 'string | undefined' is not assignable to type 'Position | undefined'.
  Type 'string' is not assignable to type 'Position | undefined'.
../layout/src/components/Box.tsx(211,6): error TS2322: Type '{ children: ReactNode; id: string | undefined; role: string | undefined; 'aria-label': string | undefined; 'aria-labelledby': string | undefined; 'aria-describedby': string | undefined; ... 4 more ...; style: CSSProperties; }' is not assignable to type 'SVGProps<SVGSymbolElement>'.
  Types of property 'onClick' are incompatible.
    Type 'MouseEventHandler<HTMLDivElement> | undefined' is not assignable to type 'MouseEventHandler<SVGSymbolElement> | undefined'.
      Type 'MouseEventHandler<HTMLDivElement>' is not assignable to type 'MouseEventHandler<SVGSymbolElement>'.
        Type 'HTMLDivElement' is missing the following properties from type 'SVGSymbolElement': ownerSVGElement, viewportElement, preserveAspectRatio, viewBox
../layout/src/components/Container/index.ts(1,31): error TS6059: File 'C:/layera/packages/layout/src/components/Container/PageContainer.tsx' is not under 'rootDir' 'C:/layera/packages/draggable-fab/src'. 'rootDir' is expected to contain all source files.
  The file is in the program because:
    Imported via './PageContainer' from file 'C:/layera/packages/layout/src/components/Container/index.ts'
    Imported via './PageContainer' from file 'C:/layera/packages/layout/src/components/Container/index.ts'
../layout/src/components/Container/index.ts(2,28): error TS6059: File 'C:/layera/packages/layout/src/components/Container/PageHeader.tsx' is not under 'rootDir' 'C:/layera/packages/draggable-fab/src'. 'rootDir' is expected to contain all source files.
  The file is in the program because:
    Imported via './PageHeader' from file 'C:/layera/packages/layout/src/components/Container/index.ts'
    Imported via './PageHeader' from file 'C:/layera/packages/layout/src/components/Container/index.ts'
../layout/src/components/Flex.tsx(3,1): error TS6192: All imports in import declaration are unused.
../layout/src/components/Flex.tsx(3,57): error TS6059: File 'C:/layera/packages/layout/src/flex/index.ts' is not under 'rootDir' 'C:/layera/packages/draggable-fab/src'. 'rootDir' is expected to contain all source files.
  The file is in the program because:
    Imported via '../flex' from file 'C:/layera/packages/layout/src/components/Flex.tsx'
    Imported via '../flex' from file 'C:/layera/packages/layout/src/hooks/useFlex.ts'
    Imported via './flex' from file 'C:/layera/packages/layout/src/index.ts'
../layout/src/components/Header/index.ts(1,30): error TS6059: File 'C:/layera/packages/layout/src/components/Header/LayeraHeader.tsx' is not under 'rootDir' 'C:/layera/packages/draggable-fab/src'. 'rootDir' is expected to contain all source files.
../layout/src/components/Header/index.ts(2,36): error TS6059: File 'C:/layera/packages/layout/src/components/Header/HeaderActionsGroup.tsx' is not under 'rootDir' 'C:/layera/packages/draggable-fab/src'. 'rootDir' is expected to contain all source files.
../layout/src/hooks/useFlex.ts(15,55): error TS6133: 'FlexDirection' is declared but its value is never read.
../layout/src/hooks/useFlex.ts(15,75): error TS6133: 'FlexJustify' is declared but its value is never read.
../layout/src/hooks/useFlex.ts(15,93): error TS6133: 'FlexAlign' is declared but its value is never read.
../layout/src/hooks/useFlex.ts(58,3): error TS2322: Type '{ row: { display: string; flexDirection: "column" | "column-reverse" | "row" | "row-reverse"; justifyContent: string; alignItems: string; flexWrap: "nowrap" | "wrap" | "wrap-reverse"; gap: "2px" | ... 7 more ... | "64px"; }; ... 15 more ...; mainContent: { display: string; flexDirection: "column" | "column-reverse" ...' is not assignable to type 'void'.
../layout/src/hooks/useFlex.ts(173,3): error TS2322: Type '{ scale: { readonly direction: { readonly ROW: "row"; readonly ROW_REVERSE: "row-reverse"; readonly COLUMN: "column"; readonly COLUMN_REVERSE: "column-reverse"; }; readonly justify: { readonly START: "flex-start"; ... 4 more ...; readonly SPACE_EVENLY: "space-evenly"; }; ... 4 more ...; readonly gap: { ...; }; }; .....' is not assignable to type 'void'.
../layout/src/hooks/useFlex.ts(203,3): error TS2322: Type '{ mobile: { stackOnMobile: { display: string; flexDirection: "column"; gap: "8px"; }; }; tablet: { rowOnTablet: { display: string; flexDirection: "row"; gap: "16px"; }; }; desktop: { complexLayout: { display: string; flexDirection: "row"; gap: "24px"; }; }; }' is not assignable to type 'void'.
../layout/src/hooks/useGeoAlertLayout.ts(10,8): error TS6059: File 'C:/layera/packages/layout/src/types/geoalert-layout.types.ts' is not under 'rootDir' 'C:/layera/packages/draggable-fab/src'. 'rootDir' is expected to contain all source files.
  The file is in the program because:
    Imported via '../types/geoalert-layout.types' from file 'C:/layera/packages/layout/src/hooks/useGeoAlertLayout.ts'
    Imported via '../types/geoalert-layout.types' from file 'C:/layera/packages/layout/src/utils/geoalert-layout.ts'
    Imported via './types/geoalert-layout.types' from file 'C:/layera/packages/layout/src/index.ts'
../layout/src/hooks/useGeoAlertLayout.ts(17,8): error TS6059: File 'C:/layera/packages/layout/src/utils/geoalert-layout.ts' is not under 'rootDir' 'C:/layera/packages/draggable-fab/src'. 'rootDir' is expected to contain all source files.
  The file is in the program because:
    Imported via '../utils/geoalert-layout' from file 'C:/layera/packages/layout/src/hooks/useGeoAlertLayout.ts'
    Imported via './utils/geoalert-layout' from file 'C:/layera/packages/layout/src/index.ts'
../layout/src/hooks/useSizing.ts(52,3): error TS2322: Type '{ scale: { readonly BASE_UNIT: 8; readonly NONE: 0; readonly XXS: 2; readonly XS: 4; readonly SM: 8; readonly MD: 16; readonly LG: 24; readonly XL: 32; readonly XXL: 48; readonly XXXL: 64; readonly LAYOUT_SM: 80; ... 19 more ...; readonly A4: "1.414:1"; }; getSizingVar: (category: "width" | "height", token: string) ...' is not assignable to type 'void'.
../layout/src/hooks/useSizing.ts(91,3): error TS2322: Type '{ mobile: { containerMaxWidth: string | number; sidebarWidth: string | number; }; tablet: { containerMaxWidth: string | number; sidebarWidth: string | number; }; desktop: { containerMaxWidth: string | number; sidebarWidth: string | number; }; desktopLarge: { ...; }; }' is not assignable to type 'void'.
../layout/src/hooks/useSizing.ts(122,3): error TS2322: Type '{ createSizingStyle: (width?: SizingToken, height?: SizingToken) => { width: string | number | undefined; height: string | number | undefined; }; fullSize: { width: string | number | undefined; height: string | ... 1 more ... | undefined; }; square: (size: SizingToken) => { ...; }; button: { ...; }; card: { ...; }; ...' is not assignable to type 'void'.
../layout/src/index.ts(15,26): error TS6059: File 'C:/layera/packages/layout/src/components/AppShell/index.ts' is not under 'rootDir' 'C:/layera/packages/draggable-fab/src'. 'rootDir' is expected to contain all source files.
../layout/src/index.ts(16,50): error TS6059: File 'C:/layera/packages/layout/src/components/Header/index.ts' is not under 'rootDir' 'C:/layera/packages/draggable-fab/src'. 'rootDir' is expected to contain all source files.
../layout/src/index.ts(19,23): error TS6059: File 'C:/layera/packages/layout/src/components/Stack.tsx' is not under 'rootDir' 'C:/layera/packages/draggable-fab/src'. 'rootDir' is expected to contain all source files.
../layout/src/index.ts(20,22): error TS6059: File 'C:/layera/packages/layout/src/components/Flex.tsx' is not under 'rootDir' 'C:/layera/packages/draggable-fab/src'. 'rootDir' is expected to contain all source files.
  The file is in the program because:
    Imported via './components/Flex' from file 'C:/layera/packages/layout/src/index.ts'
    Imported via '../components/Flex' from file 'C:/layera/packages/layout/src/utils/shortcuts.tsx'
../layout/src/index.ts(32,8): error TS6059: File 'C:/layera/packages/layout/src/utils/shortcuts.tsx' is not under 'rootDir' 'C:/layera/packages/draggable-fab/src'. 'rootDir' is expected to contain all source files.
../layout/src/index.ts(35,43): error TS6059: File 'C:/layera/packages/layout/src/components/Container/index.ts' is not under 'rootDir' 'C:/layera/packages/draggable-fab/src'. 'rootDir' is expected to contain all source files.
../layout/src/index.ts(38,35): error TS6059: File 'C:/layera/packages/layout/src/hooks/useGeoAlertLayout.ts' is not under 'rootDir' 'C:/layera/packages/draggable-fab/src'. 'rootDir' is expected to contain all source files.
../layout/src/index.ts(47,8): error TS6059: File 'C:/layera/packages/layout/src/hooks/useSizing.ts' is not under 'rootDir' 'C:/layera/packages/draggable-fab/src'. 'rootDir' is expected to contain all source files.
../layout/src/index.ts(55,8): error TS6059: File 'C:/layera/packages/layout/src/hooks/useFlex.ts' is not under 'rootDir' 'C:/layera/packages/draggable-fab/src'. 'rootDir' is expected to contain all source files.
../layout/src/types/index.ts(1,15): error TS6059: File 'C:/layera/packages/layout/src/types/layout.types.ts' is not under 'rootDir' 'C:/layera/packages/draggable-fab/src'. 'rootDir' is expected to contain all source files.
  The file is in the program because:
    Imported via './layout.types' from file 'C:/layera/packages/layout/src/types/index.ts'
    Imported via './layout.types' from file 'C:/layera/packages/layout/src/types/component.types.ts'
../layout/src/types/index.ts(2,15): error TS6059: File 'C:/layera/packages/layout/src/types/component.types.ts' is not under 'rootDir' 'C:/layera/packages/draggable-fab/src'. 'rootDir' is expected to contain all source files.
npm error Lifecycle script `typecheck` failed with error:
npm error code 2
npm error path C:\layera\packages\draggable-fab
npm error workspace @layera/draggable-fab@1.0.0
npm error location C:\layera\packages\draggable-fab
npm error command failed
npm error command C:\WINDOWS\system32\cmd.exe /d /s /c tsc --noEmit


> @layera/employment-taxonomy@1.0.0 typecheck
> tsc --noEmit

../osm/src/types/result.ts(30,4): error TS1161: Unterminated regular expression literal.
../osm/src/types/result.ts(31,4): error TS1109: Expression expected.
../osm/src/types/result.ts(31,6): error TS1128: Declaration or statement expected.
../osm/src/types/result.ts(32,2): error TS1109: Expression expected.
../osm/src/types/result.ts(33,2): error TS1109: Expression expected.
../osm/src/types/result.ts(33,4): error TS1109: Expression expected.
../osm/src/types/result.ts(34,2): error TS1109: Expression expected.
../osm/src/types/result.ts(58,7): error TS1005: ';' expected.
../osm/src/types/result.ts(59,9): error TS1005: ';' expected.
../osm/src/types/result.ts(60,2): error TS1109: Expression expected.
../osm/src/types/result.ts(60,9): error TS1005: ';' expected.
../osm/src/types/result.ts(61,2): error TS1109: Expression expected.
../osm/src/types/result.ts(243,2): error TS1160: Unterminated template literal.
npm error Lifecycle script `typecheck` failed with error:
npm error code 2
npm error path C:\layera\packages\employment-taxonomy
npm error workspace @layera/employment-taxonomy@1.0.0
npm error location C:\layera\packages\employment-taxonomy
npm error command failed
npm error command C:\WINDOWS\system32\cmd.exe /d /s /c tsc --noEmit


> @layera/error-boundary@1.0.0 typecheck
> tsc --noEmit

src/components/ErrorFallback/ErrorFallback.tsx(28,7): error TS2322: Type 'Element' is not assignable to type 'void'.
src/components/ErrorFallback/ErrorFallback.tsx(38,7): error TS2322: Type 'Element' is not assignable to type 'void'.
src/components/ErrorFallback/ErrorFallback.tsx(51,9): error TS2322: Type 'Element' is not assignable to type 'void'.
src/components/ErrorFallback/ErrorFallback.tsx(59,9): error TS2322: Type 'Element' is not assignable to type 'void'.
src/components/ErrorFallback/ErrorFallback.tsx(65,9): error TS2322: Type 'Element' is not assignable to type 'void'.
src/components/ErrorFallback/ErrorFallback.tsx(76,20): error TS2322: Type 'string' is not assignable to type 'void'.
src/components/ErrorFallback/ErrorFallback.tsx(77,18): error TS2322: Type 'string' is not assignable to type 'void'.
src/components/ErrorFallback/ErrorFallback.tsx(81,9): error TS2322: Type 'string' is not assignable to type 'void'.
src/components/ErrorFallback/ErrorFallback.tsx(83,9): error TS2322: Type 'string' is not assignable to type 'void'.
src/components/ErrorFallback/ErrorFallback.tsx(85,9): error TS2322: Type 'string' is not assignable to type 'void'.
src/components/ErrorFallback/ErrorFallback.tsx(91,7): error TS2322: Type 'string' is not assignable to type 'void'.
src/components/ErrorFallback/ErrorFallback.tsx(95,7): error TS2322: Type 'string' is not assignable to type 'void'.
src/components/ErrorFallback/ErrorFallback.tsx(100,9): error TS2322: Type 'string' is not assignable to type 'void'.
src/components/ErrorFallback/ErrorFallback.tsx(102,9): error TS2322: Type 'string' is not assignable to type 'void'.
src/components/ErrorFallback/ErrorFallback.tsx(104,9): error TS2322: Type 'string' is not assignable to type 'void'.
src/components/ErrorFallback/ErrorFallback.tsx(109,20): error TS2322: Type 'string' is not assignable to type 'void'.
src/components/ErrorFallback/ErrorFallback.tsx(110,18): error TS2322: Type 'string' is not assignable to type 'void'.
src/components/ErrorFallback/ErrorFallback.tsx(111,5): error TS2322: Type 'string' is not assignable to type 'void'.
src/components/ErrorFallback/ErrorFallback.tsx(135,11): error TS2322: Type 'void' is not assignable to type 'ReactNode'.
src/components/ErrorFallback/ErrorFallback.tsx(140,13): error TS2322: Type 'void' is not assignable to type 'ReactNode'.
src/components/ErrorFallback/ErrorFallback.tsx(143,13): error TS2322: Type 'void' is not assignable to type 'ReactNode'.
src/components/ErrorFallback/ErrorFallback.tsx(153,13): error TS2322: Type 'void' is not assignable to type 'ReactNode'.
npm error Lifecycle script `typecheck` failed with error:
npm error code 2
npm error path C:\layera\packages\error-boundary
npm error workspace @layera/error-boundary@1.0.0
npm error location C:\layera\packages\error-boundary
npm error command failed
npm error command C:\WINDOWS\system32\cmd.exe /d /s /c tsc --noEmit


> @layera/file-compression@1.0.0 typecheck
> tsc --noEmit

../layout/src/components/AppShell/AppShell.tsx(35,9): error TS6133: 'handleSidebarToggle' is declared but its value is never read.
../layout/src/components/Box.tsx(17,10): error TS6133: 'getSizingVar' is declared but its value is never read.
../layout/src/components/Box.tsx(26,3): error TS2300: Duplicate identifier 'minHeight'.
../layout/src/components/Box.tsx(58,3): error TS2300: Duplicate identifier 'minHeight'.
../layout/src/components/Box.tsx(185,7): error TS2322: Type 'string | undefined' is not assignable to type 'Position | undefined'.
  Type 'string' is not assignable to type 'Position | undefined'.
../layout/src/components/Box.tsx(211,6): error TS2322: Type '{ children: ReactNode; id: string | undefined; role: string | undefined; 'aria-label': string | undefined; 'aria-labelledby': string | undefined; 'aria-describedby': string | undefined; ... 4 more ...; style: CSSProperties; }' is not assignable to type 'SVGProps<SVGSymbolElement>'.
  Types of property 'onClick' are incompatible.
    Type 'MouseEventHandler<HTMLDivElement> | undefined' is not assignable to type 'MouseEventHandler<SVGSymbolElement> | undefined'.
      Type 'MouseEventHandler<HTMLDivElement>' is not assignable to type 'MouseEventHandler<SVGSymbolElement>'.
        Type 'HTMLDivElement' is missing the following properties from type 'SVGSymbolElement': ownerSVGElement, viewportElement, preserveAspectRatio, viewBox
../layout/src/components/Flex.tsx(3,1): error TS6192: All imports in import declaration are unused.
../layout/src/hooks/useFlex.ts(15,55): error TS6133: 'FlexDirection' is declared but its value is never read.
../layout/src/hooks/useFlex.ts(15,75): error TS6133: 'FlexJustify' is declared but its value is never read.
../layout/src/hooks/useFlex.ts(15,93): error TS6133: 'FlexAlign' is declared but its value is never read.
../layout/src/hooks/useFlex.ts(58,3): error TS2322: Type '{ row: { display: string; flexDirection: "column" | "column-reverse" | "row" | "row-reverse"; justifyContent: string; alignItems: string; flexWrap: "nowrap" | "wrap" | "wrap-reverse"; gap: "2px" | ... 7 more ... | "64px"; }; ... 15 more ...; mainContent: { display: string; flexDirection: "column" | "column-reverse" ...' is not assignable to type 'void'.
../layout/src/hooks/useFlex.ts(173,3): error TS2322: Type '{ scale: { readonly direction: { readonly ROW: "row"; readonly ROW_REVERSE: "row-reverse"; readonly COLUMN: "column"; readonly COLUMN_REVERSE: "column-reverse"; }; readonly justify: { readonly START: "flex-start"; ... 4 more ...; readonly SPACE_EVENLY: "space-evenly"; }; ... 4 more ...; readonly gap: { ...; }; }; .....' is not assignable to type 'void'.
../layout/src/hooks/useFlex.ts(203,3): error TS2322: Type '{ mobile: { stackOnMobile: { display: string; flexDirection: "column"; gap: "8px"; }; }; tablet: { rowOnTablet: { display: string; flexDirection: "row"; gap: "16px"; }; }; desktop: { complexLayout: { display: string; flexDirection: "row"; gap: "24px"; }; }; }' is not assignable to type 'void'.
../layout/src/hooks/useSizing.ts(52,3): error TS2322: Type '{ scale: { readonly BASE_UNIT: 8; readonly NONE: 0; readonly XXS: 2; readonly XS: 4; readonly SM: 8; readonly MD: 16; readonly LG: 24; readonly XL: 32; readonly XXL: 48; readonly XXXL: 64; readonly LAYOUT_SM: 80; ... 19 more ...; readonly A4: "1.414:1"; }; getSizingVar: (category: "width" | "height", token: string) ...' is not assignable to type 'void'.
../layout/src/hooks/useSizing.ts(91,3): error TS2322: Type '{ mobile: { containerMaxWidth: string | number; sidebarWidth: string | number; }; tablet: { containerMaxWidth: string | number; sidebarWidth: string | number; }; desktop: { containerMaxWidth: string | number; sidebarWidth: string | number; }; desktopLarge: { ...; }; }' is not assignable to type 'void'.
../layout/src/hooks/useSizing.ts(122,3): error TS2322: Type '{ createSizingStyle: (width?: SizingToken, height?: SizingToken) => { width: string | number | undefined; height: string | number | undefined; }; fullSize: { width: string | number | undefined; height: string | ... 1 more ... | undefined; }; square: (size: SizingToken) => { ...; }; button: { ...; }; card: { ...; }; ...' is not assignable to type 'void'.
../notifications/src/components/Alert/Alert.tsx(21,15): error TS2322: Type 'string | number | bigint | true | ReactElement<unknown, string | JSXElementConstructor<any>> | Iterable<ReactNode> | ReactPortal | Promise<...>' is not assignable to type 'void'.
  Type 'string' is not assignable to type 'void'.
../notifications/src/components/Alert/Alert.tsx(25,9): error TS2322: Type 'Element' is not assignable to type 'void'.
../notifications/src/components/Alert/Alert.tsx(32,9): error TS2322: Type 'Element' is not assignable to type 'void'.
../notifications/src/components/Alert/Alert.tsx(38,9): error TS2322: Type 'Element' is not assignable to type 'void'.
../notifications/src/components/Alert/Alert.tsx(45,9): error TS2322: Type 'Element' is not assignable to type 'void'.
../notifications/src/components/Alert/Alert.tsx(63,9): error TS2322: Type 'void' is not assignable to type 'ReactNode'.
../notifications/src/components/NotificationContainer/NotificationContainer.tsx(42,16): error TS18046: 'notification' is of type 'unknown'.
../notifications/src/components/NotificationContainer/NotificationContainer.tsx(43,11): error TS2322: Type 'unknown' is not assignable to type 'Notification'.
../notifications/src/components/Toast/Toast.tsx(49,28): error TS2322: Type 'string | number | bigint | true | ReactElement<unknown, string | JSXElementConstructor<any>> | Iterable<ReactNode> | ReactPortal | Promise<...>' is not assignable to type 'void'.
  Type 'string' is not assignable to type 'void'.
../notifications/src/components/Toast/Toast.tsx(53,9): error TS2322: Type 'Element' is not assignable to type 'void'.
../notifications/src/components/Toast/Toast.tsx(60,9): error TS2322: Type 'Element' is not assignable to type 'void'.
../notifications/src/components/Toast/Toast.tsx(66,9): error TS2322: Type 'Element' is not assignable to type 'void'.
../notifications/src/components/Toast/Toast.tsx(73,9): error TS2322: Type 'Element' is not assignable to type 'void'.
../notifications/src/components/Toast/Toast.tsx(94,9): error TS2322: Type 'void' is not assignable to type 'ReactNode'.
../notifications/src/context/NotificationContext.tsx(77,11): error TS2375: Type '{ id: string; type: NotificationType; title: string; message: string; duration: number; persistent: boolean; dismissible: boolean; timestamp: number; icon: React.ReactNode; action: { ...; } | undefined; className: string | undefined; }' is not assignable to type 'Notification' with 'exactOptionalPropertyTypes: true'. Consider adding 'undefined' to the types of the target's properties.
  Types of property 'className' are incompatible.
    Type 'string | undefined' is not assignable to type 'string'.
      Type 'undefined' is not assignable to type 'string'.
npm error Lifecycle script `typecheck` failed with error:
npm error code 2
npm error path C:\layera\packages\file-compression
npm error workspace @layera/file-compression@1.0.0
npm error location C:\layera\packages\file-compression
npm error command failed
npm error command C:\WINDOWS\system32\cmd.exe /d /s /c tsc --noEmit


> @layera/file-import@1.0.0 typecheck
> tsc --noEmit

../buttons/src/components/Button.tsx(66,9): error TS6133: 'buttonStyles' is declared but its value is never read.
../buttons/src/components/Button.tsx(79,5): error TS2322: Type 'string | undefined' is not assignable to type 'Position | undefined'.
  Type 'string' is not assignable to type 'Position | undefined'.
../buttons/src/components/Button.tsx(92,9): error TS2322: Type 'Element' is not assignable to type 'void'.
../buttons/src/components/Button.tsx(100,9): error TS2322: Type 'Element' is not assignable to type 'void'.
../buttons/src/components/Button.tsx(103,9): error TS2322: Type 'Element' is not assignable to type 'void'.
../buttons/src/components/Button.tsx(109,16): error TS2322: Type 'null' is not assignable to type 'void'.
../buttons/src/components/Button.tsx(110,5): error TS2322: Type 'Element' is not assignable to type 'void'.
../buttons/src/components/Button.tsx(116,7): error TS2322: Type 'Element' is not assignable to type 'void'.
../buttons/src/components/Button.tsx(129,5): error TS2322: Type 'Element' is not assignable to type 'void'.
../buttons/src/components/Button.tsx(150,11): error TS2322: Type 'void' is not assignable to type 'ReactNode'.
../buttons/src/components/Button.tsx(154,9): error TS2322: Type 'string | void' is not assignable to type 'ReactNode'.
  Type 'void' is not assignable to type 'ReactNode'.
../buttons/src/components/LinkButton.tsx(47,9): error TS2322: Type 'Element' is not assignable to type 'void'.
../buttons/src/components/LinkButton.tsx(55,9): error TS2322: Type 'Element' is not assignable to type 'void'.
../buttons/src/components/LinkButton.tsx(58,9): error TS2322: Type 'Element' is not assignable to type 'void'.
../buttons/src/components/LinkButton.tsx(64,16): error TS2322: Type 'null' is not assignable to type 'void'.
../buttons/src/components/LinkButton.tsx(65,5): error TS2322: Type 'Element' is not assignable to type 'void'.
../buttons/src/components/LinkButton.tsx(71,7): error TS2322: Type 'Element' is not assignable to type 'void'.
../buttons/src/components/LinkButton.tsx(84,5): error TS2322: Type 'Element' is not assignable to type 'void'.
../buttons/src/components/LinkButton.tsx(107,11): error TS2322: Type 'void' is not assignable to type 'ReactNode'.
../buttons/src/components/LinkButton.tsx(111,9): error TS2322: Type 'string | void' is not assignable to type 'ReactNode'.
  Type 'void' is not assignable to type 'ReactNode'.
../buttons/src/hooks/useButton.ts(356,5): error TS2322: Type 'Record<string, string>' is not assignable to type 'void'.
../buttons/src/hooks/useButton.ts(359,3): error TS2322: Type '{ tokens: ButtonTokens; getButtonStyles: ({ variant, size }: { variant?: ButtonVariant; size?: ButtonSize; }) => { height: string; padding: string; fontSize: string; ... 11 more ...; gap: string; }; getButtonClasses: ({ variant, size, fullWidth, loading, className }: { variant?: ButtonVariant; size?: ButtonSize; ful...' is not assignable to type 'void'.
../cards/src/components/BaseCard/BaseCard.tsx(9,10): error TS2305: Module '"@layera/layout"' has no exported member 'Flex'.
../cards/src/components/BaseCard/BaseCard.tsx(61,34): error TS6133: 'event' is declared but its value is never read.
../cards/src/components/BaseCard/BaseCard.tsx(207,9): error TS2322: Type '{ children: (Element | undefined)[]; style: CSSProperties; onClick: (() => void) | undefined; onTouchStart: (e: TouchEvent<Element>) => void; onTouchEnd: (e: TouchEvent<...>) => void; className: string; "data-testid": string; }' is not assignable to type 'IntrinsicAttributes & BoxProps'.
  Property 'onClick' does not exist on type 'IntrinsicAttributes & BoxProps'.
../cards/src/components/BaseCard/BaseCard.tsx(229,15): error TS2322: Type '{ children: string; fontSize: string; color: string; textAlign: string; marginTop: string; opacity: string; }' is not assignable to type 'IntrinsicAttributes & BoxProps'.
  Property 'fontSize' does not exist on type 'IntrinsicAttributes & BoxProps'.
../cards/src/components/BaseCard/BaseCard.tsx(249,17): error TS2554: Expected 1 arguments, but got 0.
../cards/src/components/BaseCard/BaseCard.tsx(301,50): error TS2322: Type '{ children: string | number | true | ReactElement<any, string | JSXElementConstructor<any>> | Iterable<ReactNode> | ReactPortal; className: string; marginBottom: string; }' is not assignable to type 'IntrinsicAttributes & BoxProps'.
  Property 'marginBottom' does not exist on type 'IntrinsicAttributes & BoxProps'.
../cards/src/components/BaseCard/BaseCard.tsx(318,47): error TS2322: Type '{ children: string | number | true | ReactElement<any, string | JSXElementConstructor<any>> | Iterable<ReactNode> | ReactPortal; className: string; color: string; }' is not assignable to type 'IntrinsicAttributes & BoxProps'.
  Property 'color' does not exist on type 'IntrinsicAttributes & BoxProps'.
../cards/src/components/BaseCard/BaseCard.tsx(325,46): error TS2322: Type '{ children: string | number | true | ReactElement<any, string | JSXElementConstructor<any>> | Iterable<ReactNode> | ReactPortal; className: string; color: string; }' is not assignable to type 'IntrinsicAttributes & BoxProps'.
  Property 'color' does not exist on type 'IntrinsicAttributes & BoxProps'.
../cards/src/components/BaseCard/BaseCard.tsx(339,15): error TS2554: Expected 1 arguments, but got 0.
../cards/src/components/DashboardCard/DashboardCard.tsx(19,7): error TS2322: Type 'Element' is not assignable to type 'void'.
../cards/src/components/DashboardCard/DashboardCard.tsx(30,7): error TS2322: Type 'Element' is not assignable to type 'void'.
../cards/src/components/DashboardCard/DashboardCard.tsx(39,7): error TS2322: Type 'Element' is not assignable to type 'void'.
../cards/src/components/DashboardCard/DashboardCard.tsx(66,5): error TS2322: Type 'ReactNode' is not assignable to type 'void'.
  Type 'null' is not assignable to type 'void'.
../cards/src/components/DashboardCard/DashboardCard.tsx(81,7): error TS2322: Type 'void' is not assignable to type 'ReactNode'.
../cards/src/components/UnifiedCard/UnifiedCard.tsx(72,11): error TS2375: Type '{ children?: ReactNode; onInfoClick?: () => void; description?: string; variant: CardVariant; title: string; icon: ReactNode; opacityMode: "transparent" | "semi-transparent" | "opaque"; onClick: () => void; className: string | undefined; 'data-testid': string; }' is not assignable to type 'BaseCardProps' with 'exactOptionalPropertyTypes: true'. Consider adding 'undefined' to the types of the target's properties.
  Types of property 'className' are incompatible.
    Type 'string | undefined' is not assignable to type 'string'.
      Type 'undefined' is not assignable to type 'string'.
../cards/src/components/UnifiedCard/UnifiedCard.tsx(115,3): error TS6133: 'context' is declared but its value is never read.
../cards/src/components/UnifiedCard/UnifiedCard.tsx(121,7): error TS2322: Type 'unknown' is not assignable to type 'ReactNode'.
../cards/src/components/UnifiedCard/UnifiedCard.tsx(133,3): error TS6133: 'context' is declared but its value is never read.
../cards/src/utils/cardConfigFactory.ts(16,1): error TS6133: 'CardVariant' is declared but its value is never read.
../cards/src/utils/cardConfigFactory.ts(204,25): error TS2379: Argument of type '{ id: string; title: string; description: string | undefined; icon: React.ReactNode; toolValue: string; isSelected: boolean; toolCategory: "layout"; onClick: () => void; testId: string; }' is not assignable to parameter of type 'Partial<ToolCardConfig> & { id: string; title: string; toolValue: unknown; }' with 'exactOptionalPropertyTypes: true'. Consider adding 'undefined' to the types of the target's properties.
  Type '{ id: string; title: string; description: string | undefined; icon: React.ReactNode; toolValue: string; isSelected: boolean; toolCategory: "layout"; onClick: () => void; testId: string; }' is not assignable to type 'Partial<ToolCardConfig>' with 'exactOptionalPropertyTypes: true'. Consider adding 'undefined' to the types of the target's properties.
    Types of property 'description' are incompatible.
      Type 'string | undefined' is not assignable to type 'string'.
        Type 'undefined' is not assignable to type 'string'.
../cards/src/utils/cardConfigFactory.ts(227,25): error TS2379: Argument of type '{ id: string; title: string; content: React.ReactNode; theme: "property" | "job"; dataType: "pricing"; onClick: (() => void) | undefined; testId: string; }' is not assignable to parameter of type 'Partial<DataCardConfig> & { id: string; title: string; content: ReactNode; }' with 'exactOptionalPropertyTypes: true'. Consider adding 'undefined' to the types of the target's properties.
  Type '{ id: string; title: string; content: React.ReactNode; theme: "property" | "job"; dataType: "pricing"; onClick: (() => void) | undefined; testId: string; }' is not assignable to type 'Partial<DataCardConfig>' with 'exactOptionalPropertyTypes: true'. Consider adding 'undefined' to the types of the target's properties.
    Types of property 'onClick' are incompatible.
      Type '(() => void) | undefined' is not assignable to type '() => void'.
        Type 'undefined' is not assignable to type '() => void'.
../cards/src/utils/cardConfigFactory.ts(261,30): error TS2379: Argument of type '{ readonly id: "pricing-free" | "pricing-budget" | "pricing-premium" | "pricing-negotiable"; readonly title: string; readonly icon: React.ReactNode; readonly selectionValue: "free" | "budget" | "premium" | "negotiable"; ... 4 more ...; readonly selected: boolean | undefined; }' is not assignable to parameter of type 'Partial<SelectionCardConfig> & { id: string; title: string; selectionValue: unknown; }' with 'exactOptionalPropertyTypes: true'. Consider adding 'undefined' to the types of the target's properties.
  Type '{ readonly id: "pricing-free" | "pricing-budget" | "pricing-premium" | "pricing-negotiable"; readonly title: string; readonly icon: React.ReactNode; readonly selectionValue: "free" | "budget" | "premium" | "negotiable"; ... 4 more ...; readonly selected: boolean | undefined; }' is not assignable to type 'Partial<SelectionCardConfig>' with 'exactOptionalPropertyTypes: true'. Consider adding 'undefined' to the types of the target's properties.
    Types of property 'selected' are incompatible.
      Type 'boolean | undefined' is not assignable to type 'boolean'.
        Type 'undefined' is not assignable to type 'boolean'.
../cards/src/utils/cardConfigFactory.ts(322,5): error TS2353: Object literal may only specify known properties, and 'metadata' does not exist in type 'Partial<DataCardConfig> & { id: string; title: string; content: ReactNode; }'.
../cards/src/utils/cardConfigFactory.ts(346,27): error TS2379: Argument of type '{ id: string; title: string; description: string | undefined; icon: React.ReactNode; actionValue: string; priority: "primary" | "secondary"; actionCategory: "upload"; onClick: () => void; testId: string; }' is not assignable to parameter of type 'Partial<ActionCardConfig> & { id: string; title: string; actionValue: unknown; }' with 'exactOptionalPropertyTypes: true'. Consider adding 'undefined' to the types of the target's properties.
  Type '{ id: string; title: string; description: string | undefined; icon: React.ReactNode; actionValue: string; priority: "primary" | "secondary"; actionCategory: "upload"; onClick: () => void; testId: string; }' is not assignable to type 'Partial<ActionCardConfig>' with 'exactOptionalPropertyTypes: true'. Consider adding 'undefined' to the types of the target's properties.
    Types of property 'description' are incompatible.
      Type 'string | undefined' is not assignable to type 'string'.
        Type 'undefined' is not assignable to type 'string'.
../cards/src/utils/cardThemes.ts(83,35): error TS6133: 'semanticColor' is declared but its value is never read.
../cards/src/utils/cardVariantResolver.ts(85,3): error TS6133: 'context' is declared but its value is never read.
../cards/src/utils/cardVariantResolver.ts(127,3): error TS6133: 'context' is declared but its value is never read.
../cards/src/utils/cardVariantResolver.ts(157,3): error TS6133: 'context' is declared but its value is never read.
../cards/src/utils/cardVariantResolver.ts(170,3): error TS6133: 'context' is declared but its value is never read.
../cursors/src/hooks/useCursor.ts(124,3): error TS2322: Type '{ scale: { readonly default: "default"; readonly auto: "auto"; readonly none: "none"; readonly pointer: "pointer"; readonly grab: "grab"; readonly grabbing: "grabbing"; readonly text: "text"; ... 28 more ...; readonly zoomOut: "zoom-out"; }; ... 7 more ...; map: { ...; }; }' is not assignable to type 'void'.
../cursors/src/hooks/useCursor.ts(228,3): error TS2322: Type '{ isGlobalLoading: boolean; globalCursor: CursorToken; applicationMode: "normal" | "drawing" | "measuring" | "selecting"; getModeCursor: (mode: "normal" | "drawing" | "measuring" | "selecting") => { ...; }; }' is not assignable to type 'void'.
../error-boundary/src/components/ErrorBoundary/ErrorBoundary.tsx(129,11): error TS2322: Type 'import("C:/layera/node_modules/.pnpm/@types+react@19.2.2/node_modules/@types/react/index").ReactNode' is not assignable to type 'React.ReactNode'.
  Type 'bigint' is not assignable to type 'ReactNode'.
../error-boundary/src/components/ErrorDetails/ErrorDetails.tsx(3,1): error TS6133: 'formatError' is declared but its value is never read.
../error-boundary/src/components/ErrorFallback/ErrorFallback.tsx(6,26): error TS6133: 'ERROR_ICON_SIZES' is declared but its value is never read.
../error-boundary/src/components/ErrorFallback/ErrorFallback.tsx(28,7): error TS2322: Type 'Element' is not assignable to type 'void'.
../error-boundary/src/components/ErrorFallback/ErrorFallback.tsx(38,7): error TS2322: Type 'Element' is not assignable to type 'void'.
../error-boundary/src/components/ErrorFallback/ErrorFallback.tsx(51,9): error TS2322: Type 'Element' is not assignable to type 'void'.
../error-boundary/src/components/ErrorFallback/ErrorFallback.tsx(59,9): error TS2322: Type 'Element' is not assignable to type 'void'.
../error-boundary/src/components/ErrorFallback/ErrorFallback.tsx(65,9): error TS2322: Type 'Element' is not assignable to type 'void'.
../error-boundary/src/components/ErrorFallback/ErrorFallback.tsx(76,20): error TS2322: Type 'string' is not assignable to type 'void'.
../error-boundary/src/components/ErrorFallback/ErrorFallback.tsx(77,18): error TS2322: Type 'string' is not assignable to type 'void'.
../error-boundary/src/components/ErrorFallback/ErrorFallback.tsx(81,9): error TS2322: Type 'string' is not assignable to type 'void'.
../error-boundary/src/components/ErrorFallback/ErrorFallback.tsx(83,9): error TS2322: Type 'string' is not assignable to type 'void'.
../error-boundary/src/components/ErrorFallback/ErrorFallback.tsx(85,9): error TS2322: Type 'string' is not assignable to type 'void'.
../error-boundary/src/components/ErrorFallback/ErrorFallback.tsx(91,7): error TS2322: Type 'string' is not assignable to type 'void'.
../error-boundary/src/components/ErrorFallback/ErrorFallback.tsx(95,7): error TS2322: Type 'string' is not assignable to type 'void'.
../error-boundary/src/components/ErrorFallback/ErrorFallback.tsx(100,9): error TS2322: Type 'string' is not assignable to type 'void'.
../error-boundary/src/components/ErrorFallback/ErrorFallback.tsx(102,9): error TS2322: Type 'string' is not assignable to type 'void'.
../error-boundary/src/components/ErrorFallback/ErrorFallback.tsx(104,9): error TS2322: Type 'string' is not assignable to type 'void'.
../error-boundary/src/components/ErrorFallback/ErrorFallback.tsx(109,20): error TS2322: Type 'string' is not assignable to type 'void'.
../error-boundary/src/components/ErrorFallback/ErrorFallback.tsx(110,18): error TS2322: Type 'string' is not assignable to type 'void'.
../error-boundary/src/components/ErrorFallback/ErrorFallback.tsx(111,5): error TS2322: Type 'string' is not assignable to type 'void'.
../error-boundary/src/components/ErrorFallback/ErrorFallback.tsx(135,11): error TS2322: Type 'void' is not assignable to type 'ReactNode'.
../error-boundary/src/components/ErrorFallback/ErrorFallback.tsx(140,13): error TS2322: Type 'void' is not assignable to type 'ReactNode'.
../error-boundary/src/components/ErrorFallback/ErrorFallback.tsx(143,13): error TS2322: Type 'void' is not assignable to type 'ReactNode'.
../error-boundary/src/components/ErrorFallback/ErrorFallback.tsx(153,13): error TS2322: Type 'void' is not assignable to type 'ReactNode'.
../error-boundary/src/utils/errorUtils.ts(64,5): error TS2375: Type '{ name: string; message: string; stack: string | undefined; }' is not assignable to type '{ name: string; message: string; stack?: string; }' with 'exactOptionalPropertyTypes: true'. Consider adding 'undefined' to the types of the target's properties.
  Types of property 'stack' are incompatible.
    Type 'string | undefined' is not assignable to type 'string'.
      Type 'undefined' is not assignable to type 'string'.
src/components/FileImporter.tsx(18,30): error TS2769: No overload matches this call.
  The last overload gave the following error.
    Argument of type 'typeof ErrorBoundary' is not assignable to parameter of type 'string | ComponentClass<ErrorBoundaryProps, any> | FunctionComponent<ErrorBoundaryProps>'.
      Type 'typeof ErrorBoundary' is not assignable to type 'ComponentClass<ErrorBoundaryProps, any>'.
        Types of property 'contextType' are incompatible.
          Type 'import("C:/layera/node_modules/.pnpm/@types+react@19.2.2/node_modules/@types/react/index").Context<any> | undefined' is not assignable to type 'React.Context<any> | undefined'.
            Type 'import("C:/layera/node_modules/.pnpm/@types+react@19.2.2/node_modules/@types/react/index").Context<any>' is not assignable to type 'React.Context<any>'.
              The types returned by 'Provider(...)' are incompatible between these types.
                Type 'import("C:/layera/node_modules/.pnpm/@types+react@19.2.2/node_modules/@types/react/index").ReactNode' is not assignable to type 'React.ReactNode'.
                  Type 'bigint' is not assignable to type 'ReactNode'.
src/components/FileImporter.tsx(26,30): error TS2769: No overload matches this call.
  The last overload gave the following error.
    Argument of type 'FC<LoadingSpinnerProps>' is not assignable to parameter of type 'string | FunctionComponent<LoadingSpinnerProps> | ComponentClass<LoadingSpinnerProps, any>'.
      Type 'import("C:/layera/node_modules/.pnpm/@types+react@19.2.2/node_modules/@types/react/index").FunctionComponent<import("C:/layera/packages/loading/src/types/loading.types").LoadingSpinnerProps>' is not assignable to type 'React.FunctionComponent<import("C:/layera/packages/loading/src/types/loading.types").LoadingSpinnerProps>'.
        Type 'ReactNode | Promise<ReactNode>' is not assignable to type 'ReactNode'.
          Type 'bigint' is not assignable to type 'ReactNode'.
src/components/FileImporter.tsx(139,12): error TS2322: Type '{ children: (false | Element)[]; onFilesDrop: (droppedFiles: FileList | File[]) => Promise<void>; acceptedFormats: SupportedFormat[]; disabled: boolean; compact: boolean; }' is not assignable to type 'IntrinsicAttributes & DragDropZoneProps'.
  Property 'children' does not exist on type 'IntrinsicAttributes & DragDropZoneProps'.
src/components/FileImporter.tsx(151,15): error TS2322: Type '{ type: "file"; multiple: boolean; accept: string; onChange: (event: ChangeEvent<HTMLInputElement>) => void; disabled: boolean; display: string; id: string; }' is not assignable to type 'DetailedHTMLProps<InputHTMLAttributes<HTMLInputElement>, HTMLInputElement>'.
  Property 'display' does not exist on type 'DetailedHTMLProps<InputHTMLAttributes<HTMLInputElement>, HTMLInputElement>'.
src/components/FileImporter.tsx(158,17): error TS2322: Type '{ children: string | Element; variant: "primary"; disabled: boolean; cursor: string; }' is not assignable to type 'IntrinsicAttributes & ButtonProps & RefAttributes<HTMLButtonElement>'.
  Property 'cursor' does not exist on type 'IntrinsicAttributes & ButtonProps & RefAttributes<HTMLButtonElement>'.
src/components/FileImporter.tsx(172,20): error TS2322: Type '{ children: (string | number)[]; marginTop: string; fontSize: string; color: string; }' is not assignable to type 'IntrinsicAttributes & BoxProps'.
  Property 'marginTop' does not exist on type 'IntrinsicAttributes & BoxProps'.
src/components/FileImporter.tsx(185,14): error TS2322: Type '{ children: Element[]; padding: string; borderBottom: string; }' is not assignable to type 'IntrinsicAttributes & BoxProps'.
  Property 'padding' does not exist on type 'IntrinsicAttributes & BoxProps'.
src/components/FileImporter.tsx(198,14): error TS2322: Type '{ children: (false | "" | Element | null)[]; padding: string; }' is not assignable to type 'IntrinsicAttributes & BoxProps'.
  Property 'padding' does not exist on type 'IntrinsicAttributes & BoxProps'.
src/components/FileImporter.tsx(200,12): error TS2322: Type '{ children: Element[]; onFilesDrop: (droppedFiles: FileList | File[]) => Promise<void>; acceptedFormats: SupportedFormat[]; disabled: boolean; maxFiles: number; showHelper: boolean; }' is not assignable to type 'IntrinsicAttributes & DragDropZoneProps'.
  Property 'children' does not exist on type 'IntrinsicAttributes & DragDropZoneProps'.
src/components/FileImporter.tsx(213,15): error TS2322: Type '{ type: "file"; multiple: boolean; accept: string; onChange: (event: ChangeEvent<HTMLInputElement>) => void; disabled: boolean; display: string; id: string; }' is not assignable to type 'DetailedHTMLProps<InputHTMLAttributes<HTMLInputElement>, HTMLInputElement>'.
  Property 'display' does not exist on type 'DetailedHTMLProps<InputHTMLAttributes<HTMLInputElement>, HTMLInputElement>'.
src/components/FileImporter.tsx(221,17): error TS2322: Type '{ children: string | Element; variant: "primary"; size: "lg"; disabled: boolean; cursor: string; }' is not assignable to type 'IntrinsicAttributes & ButtonProps & RefAttributes<HTMLButtonElement>'.
  Property 'cursor' does not exist on type 'IntrinsicAttributes & ButtonProps & RefAttributes<HTMLButtonElement>'.
src/components/FileImporter.tsx(237,18): error TS2322: Type '{ children: Element[]; marginTop: string; padding: string; backgroundColor: string; borderRadius: string; }' is not assignable to type 'IntrinsicAttributes & BoxProps'.
  Property 'marginTop' does not exist on type 'IntrinsicAttributes & BoxProps'.
src/components/FileImporter.tsx(238,20): error TS2322: Type '{ children: (string | number)[]; fontSize: string; marginBottom: string; }' is not assignable to type 'IntrinsicAttributes & BoxProps'.
  Property 'fontSize' does not exist on type 'IntrinsicAttributes & BoxProps'.
src/components/FileImporter.tsx(241,20): error TS2322: Type '{ children: Element; width: string; height: string; backgroundColor: string; borderRadius: string; }' is not assignable to type 'IntrinsicAttributes & BoxProps'.
  Property 'width' does not exist on type 'IntrinsicAttributes & BoxProps'.
src/components/FileImporter.tsx(243,19): error TS2322: Type '{ width: string; height: string; backgroundColor: string; borderRadius: string; transition: string; }' is not assignable to type 'IntrinsicAttributes & BoxProps'.
  Property 'width' does not exist on type 'IntrinsicAttributes & BoxProps'.
src/components/FileImporter.tsx(255,18): error TS2322: Type '{ children: Element; marginTop: string; }' is not assignable to type 'IntrinsicAttributes & BoxProps'.
  Property 'marginTop' does not exist on type 'IntrinsicAttributes & BoxProps'.
src/components/FileImporter.tsx(262,18): error TS2322: Type '{ children: Element[]; marginTop: string; }' is not assignable to type 'IntrinsicAttributes & BoxProps'.
  Property 'marginTop' does not exist on type 'IntrinsicAttributes & BoxProps'.
src/components/FileImporter.tsx(263,20): error TS2322: Type '{ children: Element[]; display: string; justifyContent: string; alignItems: string; marginBottom: string; }' is not assignable to type 'IntrinsicAttributes & BoxProps'.
  Property 'display' does not exist on type 'IntrinsicAttributes & BoxProps'.
src/components/FileImporter.tsx(278,17): error TS2322: Type 'ImportedFile[]' is not assignable to type 'FileUploadItem[]'.
  Type 'ImportedFile' is not assignable to type 'FileUploadItem' with 'exactOptionalPropertyTypes: true'. Consider adding 'undefined' to the types of the target's properties.
    Types of property 'status' are incompatible.
      Type '"error" | "pending" | "processing" | "completed"' is not assignable to type 'FileUploadStatus'.
        Type '"pending"' is not assignable to type 'FileUploadStatus'.
src/components/FileImporter.tsx(290,18): error TS2322: Type '{ children: Element; marginTop: string; }' is not assignable to type 'IntrinsicAttributes & BoxProps'.
  Property 'marginTop' does not exist on type 'IntrinsicAttributes & BoxProps'.
src/components/FileImporter.tsx(292,17): error TS2375: Type 'ImportedFile' is not assignable to type 'FileUploadItem' with 'exactOptionalPropertyTypes: true'. Consider adding 'undefined' to the types of the target's properties.
  Types of property 'status' are incompatible.
    Type '"error" | "pending" | "processing" | "completed"' is not assignable to type 'FileUploadStatus'.
      Type '"pending"' is not assignable to type 'FileUploadStatus'.
src/hooks/useFileImport.ts(241,51): error TS2345: Argument of type 'File | undefined' is not assignable to parameter of type 'File'.
  Type 'undefined' is not assignable to type 'File'.
src/hooks/useFileImport.ts(245,50): error TS18048: 'file' is possibly 'undefined'.
src/utils/fileValidation.ts(7,3): error TS6133: 'FileSizeError' is declared but its value is never read.
src/utils/fileValidation.ts(9,3): error TS6133: 'FileTypeError' is declared but its value is never read.
../file-upload/src/components/FileList.tsx(42,16): error TS18046: 'file' is of type 'unknown'.
../file-upload/src/components/FileList.tsx(43,11): error TS2322: Type 'unknown' is not assignable to type 'FileUploadItem'.
../file-upload/src/components/FileList.tsx(78,9): error TS2322: Type 'Element' is not assignable to type 'void'.
../file-upload/src/components/FileList.tsx(80,9): error TS2322: Type 'Element' is not assignable to type 'void'.
../file-upload/src/components/FileList.tsx(82,9): error TS2322: Type 'Element' is not assignable to type 'void'.
../file-upload/src/components/FileList.tsx(84,9): error TS2322: Type 'Element' is not assignable to type 'void'.
../file-upload/src/components/FileList.tsx(86,9): error TS2322: Type 'Element' is not assignable to type 'void'.
../file-upload/src/components/FileList.tsx(88,9): error TS2322: Type 'Element' is not assignable to type 'void'.
../file-upload/src/components/FileList.tsx(95,9): error TS2322: Type 'string' is not assignable to type 'void'.
../file-upload/src/components/FileList.tsx(97,9): error TS2322: Type 'string' is not assignable to type 'void'.
../file-upload/src/components/FileList.tsx(99,9): error TS2322: Type 'string' is not assignable to type 'void'.
../file-upload/src/components/FileList.tsx(101,9): error TS2322: Type 'string' is not assignable to type 'void'.
../file-upload/src/components/FileList.tsx(103,9): error TS2322: Type 'string' is not assignable to type 'void'.
../file-upload/src/components/FileList.tsx(105,9): error TS2322: Type 'string' is not assignable to type 'void'.
../file-upload/src/components/FileList.tsx(112,9): error TS2322: Type 'string' is not assignable to type 'void'.
../file-upload/src/components/FileList.tsx(114,9): error TS2322: Type 'string' is not assignable to type 'void'.
../file-upload/src/components/FileList.tsx(116,9): error TS2322: Type 'string' is not assignable to type 'void'.
../file-upload/src/components/FileList.tsx(118,9): error TS2322: Type 'string' is not assignable to type 'void'.
../file-upload/src/components/FileList.tsx(120,9): error TS2322: Type 'string' is not assignable to type 'void'.
../file-upload/src/components/FileList.tsx(122,9): error TS2322: Type 'string' is not assignable to type 'void'.
../file-upload/src/components/FileList.tsx(144,13): error TS2322: Type 'void' is not assignable to type 'ReactNode'.
../file-upload/src/components/FileList.tsx(159,17): error TS2322: Type 'void' is not assignable to type 'ReactNode'.
../file-upload/src/components/FileList.tsx(181,19): error TS2322: Type '{ className: string; width: string; }' is not assignable to type 'IntrinsicAttributes & BoxProps'.
  Property 'width' does not exist on type 'IntrinsicAttributes & BoxProps'.
../file-upload/src/components/FilePreview.tsx(11,36): error TS6133: 'isPreviewSupported' is declared but its value is never read.
../file-upload/src/components/FilePreview.tsx(46,9): error TS2322: Type 'string' is not assignable to type 'void'.
../file-upload/src/components/FilePreview.tsx(48,9): error TS2322: Type 'string' is not assignable to type 'void'.
../file-upload/src/components/FilePreview.tsx(55,9): error TS2322: Type 'string' is not assignable to type 'void'.
../file-upload/src/components/FilePreview.tsx(57,9): error TS2322: Type 'string' is not assignable to type 'void'.
../file-upload/src/components/FilePreview.tsx(59,9): error TS2322: Type 'string' is not assignable to type 'void'.
../file-upload/src/components/FilePreview.tsx(67,12): error TS2678: Type 'string' is not comparable to type 'void'.
../file-upload/src/components/FilePreview.tsx(68,9): error TS2322: Type 'Element' is not assignable to type 'void'.
../file-upload/src/components/FilePreview.tsx(69,12): error TS2678: Type 'string' is not comparable to type 'void'.
../file-upload/src/components/FilePreview.tsx(70,9): error TS2322: Type 'Element' is not assignable to type 'void'.
../file-upload/src/components/FilePreview.tsx(71,12): error TS2678: Type 'string' is not comparable to type 'void'.
../file-upload/src/components/FilePreview.tsx(72,12): error TS2678: Type 'string' is not comparable to type 'void'.
../file-upload/src/components/FilePreview.tsx(73,9): error TS2322: Type 'Element' is not assignable to type 'void'.
../file-upload/src/components/FilePreview.tsx(75,9): error TS2322: Type 'Element' is not assignable to type 'void'.
../file-upload/src/components/FilePreview.tsx(82,9): error TS2322: Type 'string' is not assignable to type 'void'.
../file-upload/src/components/FilePreview.tsx(84,9): error TS2322: Type 'string' is not assignable to type 'void'.
../file-upload/src/components/FilePreview.tsx(86,9): error TS2322: Type 'string' is not assignable to type 'void'.
../file-upload/src/components/FilePreview.tsx(88,9): error TS2322: Type 'string' is not assignable to type 'void'.
../file-upload/src/components/FilePreview.tsx(90,9): error TS2322: Type 'string' is not assignable to type 'void'.
../file-upload/src/components/FilePreview.tsx(92,35): error TS2322: Type 'string' is not assignable to type 'void'.
../file-upload/src/components/FilePreview.tsx(92,55): error TS2322: Type 'string' is not assignable to type 'void'.
../file-upload/src/components/FilePreview.tsx(97,38): error TS2322: Type 'null' is not assignable to type 'void'.
../file-upload/src/components/FilePreview.tsx(99,5): error TS2322: Type 'Element' is not assignable to type 'void'.
../file-upload/src/components/FilePreview.tsx(103,23): error TS2322: Type '{ children: (string | number)[]; variant: string; className: string; }' is not assignable to type 'IntrinsicAttributes & TextProps'.
  Property 'variant' does not exist on type 'IntrinsicAttributes & TextProps'.
../file-upload/src/components/FilePreview.tsx(126,12): error TS2322: Type '{ children: Element[]; onClick: () => void; className: string; }' is not assignable to type 'IntrinsicAttributes & BoxProps'.
  Property 'onClick' does not exist on type 'IntrinsicAttributes & BoxProps'.
../file-upload/src/components/FilePreview.tsx(138,15): error TS2322: Type 'void' is not assignable to type 'ReactNode'.
../file-upload/src/components/FilePreview.tsx(142,11): error TS2322: Type 'void' is not assignable to type 'ReactNode'.
../file-upload/src/components/FilePreview.tsx(169,15): error TS2322: Type '(e: React.FormEvent<HTMLFormElement>) => void' is not assignable to type 'MouseEventHandler<HTMLButtonElement>'.
  Types of parameters 'e' and 'event' are incompatible.
    Type 'MouseEvent<HTMLButtonElement, MouseEvent>' is not assignable to type 'FormEvent<HTMLFormElement>'.
      Types of property 'currentTarget' are incompatible.
        Type 'EventTarget & HTMLButtonElement' is not assignable to type 'EventTarget & HTMLFormElement' with 'exactOptionalPropertyTypes: true'. Consider adding 'undefined' to the types of the target's properties.
          Type 'EventTarget & HTMLButtonElement' is missing the following properties from type 'HTMLFormElement': acceptCharset, action, autocomplete, elements, and 12 more.
../file-upload/src/components/FilePreview.tsx(183,13): error TS2322: Type '{ children: string; variant: string; className: string; title: string; }' is not assignable to type 'IntrinsicAttributes & TextProps'.
  Property 'variant' does not exist on type 'IntrinsicAttributes & TextProps'.
../file-upload/src/components/FilePreview.tsx(191,25): error TS2322: Type '{ children: string; variant: string; className: string; }' is not assignable to type 'IntrinsicAttributes & TextProps'.
  Property 'variant' does not exist on type 'IntrinsicAttributes & TextProps'.
../file-upload/src/components/FilePreview.tsx(196,27): error TS2322: Type '{ children: (string | number)[]; variant: string; className: string; }' is not assignable to type 'IntrinsicAttributes & TextProps'.
  Property 'variant' does not exist on type 'IntrinsicAttributes & TextProps'.
../file-upload/src/components/FilePreview.tsx(202,27): error TS2322: Type '{ children: string; variant: string; className: string; title: string | undefined; }' is not assignable to type 'IntrinsicAttributes & TextProps'.
  Property 'variant' does not exist on type 'IntrinsicAttributes & TextProps'.
../file-upload/src/components/FileUploader.tsx(317,19): error TS2322: Type '{ className: string; width: string; }' is not assignable to type 'IntrinsicAttributes & BoxProps'.
  Property 'width' does not exist on type 'IntrinsicAttributes & BoxProps'.
../file-upload/src/utils/uploadEngine.ts(94,45): error TS2769: No overload matches this call.
  Overload 1 of 2, '(type: "progress", listener: (this: XMLHttpRequestUpload, ev: ProgressEvent<XMLHttpRequestEventTarget>) => any, options?: boolean | ... 1 more ... | undefined): void', gave the following error.
    Argument of type '(event: React.MouseEvent<HTMLElement>) => void' is not assignable to parameter of type '(this: XMLHttpRequestUpload, ev: ProgressEvent<XMLHttpRequestEventTarget>) => any'.
      Types of parameters 'event' and 'ev' are incompatible.
        Type 'ProgressEvent<XMLHttpRequestEventTarget>' is missing the following properties from type 'MouseEvent<HTMLElement, MouseEvent>': altKey, button, buttons, clientX, and 18 more.
  Overload 2 of 2, '(type: string, listener: EventListenerOrEventListenerObject, options?: boolean | AddEventListenerOptions | undefined): void', gave the following error.
    Argument of type '(event: React.MouseEvent<HTMLElement>) => void' is not assignable to parameter of type 'EventListenerOrEventListenerObject'.
      Type '(event: React.MouseEvent<HTMLElement>) => void' is not assignable to type 'EventListener'.
        Types of parameters 'event' and 'evt' are incompatible.
          Type 'Event' is missing the following properties from type 'MouseEvent<HTMLElement, MouseEvent>': altKey, button, buttons, clientX, and 18 more.
../file-upload/src/utils/uploadEngine.ts(95,17): error TS2339: Property 'lengthComputable' does not exist on type 'MouseEvent<HTMLElement, MouseEvent>'.
../file-upload/src/utils/uploadEngine.ts(96,33): error TS2339: Property 'loaded' does not exist on type 'MouseEvent<HTMLElement, MouseEvent>'.
../file-upload/src/utils/uploadEngine.ts(96,48): error TS2339: Property 'total' does not exist on type 'MouseEvent<HTMLElement, MouseEvent>'.
../file-upload/src/utils/uploadEngine.ts(102,37): error TS2339: Property 'loaded' does not exist on type 'MouseEvent<HTMLElement, MouseEvent>'.
../file-upload/src/utils/uploadEngine.ts(103,37): error TS2339: Property 'loaded' does not exist on type 'MouseEvent<HTMLElement, MouseEvent>'.
../file-upload/src/utils/uploadEngine.ts(104,32): error TS2339: Property 'total' does not exist on type 'MouseEvent<HTMLElement, MouseEvent>'.
../file-upload/src/utils/uploadEngine.ts(107,51): error TS2339: Property 'loaded' does not exist on type 'MouseEvent<HTMLElement, MouseEvent>'.
../file-upload/src/utils/uploadEngine.ts(219,5): error TS6133: 'fileItem' is declared but its value is never read.
../icons/src/Icon.tsx(6,25): error TS6133: 'IconSize' is declared but its value is never read.
../icons/src/Icon.tsx(6,35): error TS6133: 'IconVariant' is declared but its value is never read.
../icons/src/Icon.tsx(6,48): error TS6133: 'IconTheme' is declared but its value is never read.
../icons/src/Icon.tsx(79,6): error TS6133: 'props' is declared but its value is never read.
../layout/src/components/AppShell/AppShell.tsx(35,9): error TS6133: 'handleSidebarToggle' is declared but its value is never read.
../layout/src/components/Box.tsx(17,10): error TS6133: 'getSizingVar' is declared but its value is never read.
../layout/src/components/Box.tsx(26,3): error TS2300: Duplicate identifier 'minHeight'.
../layout/src/components/Box.tsx(58,3): error TS2300: Duplicate identifier 'minHeight'.
../layout/src/components/Box.tsx(185,7): error TS2322: Type 'string | undefined' is not assignable to type 'Position | undefined'.
  Type 'string' is not assignable to type 'Position | undefined'.
../layout/src/components/Box.tsx(211,6): error TS2322: Type '{ children: ReactNode; id: string | undefined; role: string | undefined; 'aria-label': string | undefined; 'aria-labelledby': string | undefined; 'aria-describedby': string | undefined; ... 4 more ...; style: CSSProperties; }' is not assignable to type 'SVGProps<SVGSymbolElement>'.
  Types of property 'onClick' are incompatible.
    Type 'MouseEventHandler<HTMLDivElement> | undefined' is not assignable to type 'MouseEventHandler<SVGSymbolElement> | undefined'.
      Type 'MouseEventHandler<HTMLDivElement>' is not assignable to type 'MouseEventHandler<SVGSymbolElement>'.
        Type 'HTMLDivElement' is missing the following properties from type 'SVGSymbolElement': ownerSVGElement, viewportElement, preserveAspectRatio, viewBox
../layout/src/components/Flex.tsx(3,1): error TS6192: All imports in import declaration are unused.
../layout/src/hooks/useFlex.ts(15,55): error TS6133: 'FlexDirection' is declared but its value is never read.
../layout/src/hooks/useFlex.ts(15,75): error TS6133: 'FlexJustify' is declared but its value is never read.
../layout/src/hooks/useFlex.ts(15,93): error TS6133: 'FlexAlign' is declared but its value is never read.
../layout/src/hooks/useFlex.ts(58,3): error TS2322: Type '{ row: { display: string; flexDirection: "column" | "column-reverse" | "row" | "row-reverse"; justifyContent: string; alignItems: string; flexWrap: "nowrap" | "wrap" | "wrap-reverse"; gap: "2px" | ... 7 more ... | "64px"; }; ... 15 more ...; mainContent: { display: string; flexDirection: "column" | "column-reverse" ...' is not assignable to type 'void'.
../layout/src/hooks/useFlex.ts(173,3): error TS2322: Type '{ scale: { readonly direction: { readonly ROW: "row"; readonly ROW_REVERSE: "row-reverse"; readonly COLUMN: "column"; readonly COLUMN_REVERSE: "column-reverse"; }; readonly justify: { readonly START: "flex-start"; ... 4 more ...; readonly SPACE_EVENLY: "space-evenly"; }; ... 4 more ...; readonly gap: { ...; }; }; .....' is not assignable to type 'void'.
../layout/src/hooks/useFlex.ts(203,3): error TS2322: Type '{ mobile: { stackOnMobile: { display: string; flexDirection: "column"; gap: "8px"; }; }; tablet: { rowOnTablet: { display: string; flexDirection: "row"; gap: "16px"; }; }; desktop: { complexLayout: { display: string; flexDirection: "row"; gap: "24px"; }; }; }' is not assignable to type 'void'.
../layout/src/hooks/useSizing.ts(52,3): error TS2322: Type '{ scale: { readonly BASE_UNIT: 8; readonly NONE: 0; readonly XXS: 2; readonly XS: 4; readonly SM: 8; readonly MD: 16; readonly LG: 24; readonly XL: 32; readonly XXL: 48; readonly XXXL: 64; readonly LAYOUT_SM: 80; ... 19 more ...; readonly A4: "1.414:1"; }; getSizingVar: (category: "width" | "height", token: string) ...' is not assignable to type 'void'.
../layout/src/hooks/useSizing.ts(91,3): error TS2322: Type '{ mobile: { containerMaxWidth: string | number; sidebarWidth: string | number; }; tablet: { containerMaxWidth: string | number; sidebarWidth: string | number; }; desktop: { containerMaxWidth: string | number; sidebarWidth: string | number; }; desktopLarge: { ...; }; }' is not assignable to type 'void'.
../layout/src/hooks/useSizing.ts(122,3): error TS2322: Type '{ createSizingStyle: (width?: SizingToken, height?: SizingToken) => { width: string | number | undefined; height: string | number | undefined; }; fullSize: { width: string | number | undefined; height: string | ... 1 more ... | undefined; }; square: (size: SizingToken) => { ...; }; button: { ...; }; card: { ...; }; ...' is not assignable to type 'void'.
../loading/src/components/LoadingSpinner/LoadingSpinner.tsx(30,10): error TS2375: Type '{ size: SpinnerSize; variant: SpinnerVariant; color: string | undefined; speed: "normal" | "fast" | "slow"; }' is not assignable to type 'SpinnerProps' with 'exactOptionalPropertyTypes: true'. Consider adding 'undefined' to the types of the target's properties.
  Types of property 'color' are incompatible.
    Type 'string | undefined' is not assignable to type 'string'.
      Type 'undefined' is not assignable to type 'string'.
../loading/src/components/Spinner/Spinner.tsx(9,14): error TS2322: Type '({ size, variant, color, speed, className }: SpinnerProps) => void' is not assignable to type 'FC<SpinnerProps>'.
  Type 'void' is not assignable to type 'ReactNode | Promise<ReactNode>'.
../loading/src/components/Spinner/Spinner.tsx(29,9): error TS2322: Type 'Element' is not assignable to type 'void'.
../loading/src/components/Spinner/Spinner.tsx(30,12): error TS2375: Type '{ children: Element[]; className: string; style: { color: string; } | undefined; }' is not assignable to type 'BoxProps' with 'exactOptionalPropertyTypes: true'. Consider adding 'undefined' to the types of the target's properties.
  Types of property 'style' are incompatible.
    Type '{ color: string; } | undefined' is not assignable to type 'CSSProperties'.
      Type 'undefined' is not assignable to type 'Properties<string | number, string & {}>'.
../loading/src/components/Spinner/Spinner.tsx(38,9): error TS2322: Type 'Element' is not assignable to type 'void'.
../loading/src/components/Spinner/Spinner.tsx(39,12): error TS2375: Type '{ children: Element; className: string; style: { color: string; } | undefined; }' is not assignable to type 'BoxProps' with 'exactOptionalPropertyTypes: true'. Consider adding 'undefined' to the types of the target's properties.
  Types of property 'style' are incompatible.
    Type '{ color: string; } | undefined' is not assignable to type 'CSSProperties'.
      Type 'undefined' is not assignable to type 'Properties<string | number, string & {}>'.
../loading/src/components/Spinner/Spinner.tsx(45,9): error TS2322: Type 'Element' is not assignable to type 'void'.
../loading/src/components/Spinner/Spinner.tsx(46,12): error TS2375: Type '{ children: Element; className: string; style: { color: string; } | undefined; }' is not assignable to type 'BoxProps' with 'exactOptionalPropertyTypes: true'. Consider adding 'undefined' to the types of the target's properties.
  Types of property 'style' are incompatible.
    Type '{ color: string; } | undefined' is not assignable to type 'CSSProperties'.
      Type 'undefined' is not assignable to type 'Properties<string | number, string & {}>'.
../loading/src/components/Spinner/Spinner.tsx(57,9): error TS2322: Type 'Element' is not assignable to type 'void'.
../loading/src/components/Spinner/Spinner.tsx(58,12): error TS2375: Type '{ children: Element; className: string; style: { color: string; } | undefined; }' is not assignable to type 'BoxProps' with 'exactOptionalPropertyTypes: true'. Consider adding 'undefined' to the types of the target's properties.
  Types of property 'style' are incompatible.
    Type '{ color: string; } | undefined' is not assignable to type 'CSSProperties'.
      Type 'undefined' is not assignable to type 'Properties<string | number, string & {}>'.
../loading/src/components/Spinner/Spinner.tsx(70,9): error TS2322: Type 'Element' is not assignable to type 'void'.
../loading/src/components/Spinner/Spinner.tsx(71,12): error TS2375: Type '{ children: Element; className: string; style: { color: string; } | undefined; }' is not assignable to type 'BoxProps' with 'exactOptionalPropertyTypes: true'. Consider adding 'undefined' to the types of the target's properties.
  Types of property 'style' are incompatible.
    Type '{ color: string; } | undefined' is not assignable to type 'CSSProperties'.
      Type 'undefined' is not assignable to type 'Properties<string | number, string & {}>'.
../notifications/src/components/Alert/Alert.tsx(21,15): error TS2322: Type 'string | number | bigint | true | ReactElement<unknown, string | JSXElementConstructor<any>> | Iterable<ReactNode> | ReactPortal | Promise<...>' is not assignable to type 'void'.
  Type 'string' is not assignable to type 'void'.
../notifications/src/components/Alert/Alert.tsx(25,9): error TS2322: Type 'Element' is not assignable to type 'void'.
../notifications/src/components/Alert/Alert.tsx(32,9): error TS2322: Type 'Element' is not assignable to type 'void'.
../notifications/src/components/Alert/Alert.tsx(38,9): error TS2322: Type 'Element' is not assignable to type 'void'.
../notifications/src/components/Alert/Alert.tsx(45,9): error TS2322: Type 'Element' is not assignable to type 'void'.
../notifications/src/components/Alert/Alert.tsx(63,9): error TS2322: Type 'void' is not assignable to type 'ReactNode'.
../notifications/src/components/NotificationContainer/NotificationContainer.tsx(42,16): error TS18046: 'notification' is of type 'unknown'.
../notifications/src/components/NotificationContainer/NotificationContainer.tsx(43,11): error TS2322: Type 'unknown' is not assignable to type 'Notification'.
../notifications/src/components/Toast/Toast.tsx(49,28): error TS2322: Type 'string | number | bigint | true | ReactElement<unknown, string | JSXElementConstructor<any>> | Iterable<ReactNode> | ReactPortal | Promise<...>' is not assignable to type 'void'.
  Type 'string' is not assignable to type 'void'.
../notifications/src/components/Toast/Toast.tsx(53,9): error TS2322: Type 'Element' is not assignable to type 'void'.
../notifications/src/components/Toast/Toast.tsx(60,9): error TS2322: Type 'Element' is not assignable to type 'void'.
../notifications/src/components/Toast/Toast.tsx(66,9): error TS2322: Type 'Element' is not assignable to type 'void'.
../notifications/src/components/Toast/Toast.tsx(73,9): error TS2322: Type 'Element' is not assignable to type 'void'.
../notifications/src/components/Toast/Toast.tsx(94,9): error TS2322: Type 'void' is not assignable to type 'ReactNode'.
../notifications/src/components/Toast/Toast.tsx(135,11): error TS2322: Type '{ className: string; animationDuration: string; }' is not assignable to type 'IntrinsicAttributes & BoxProps'.
  Property 'animationDuration' does not exist on type 'IntrinsicAttributes & BoxProps'.
../notifications/src/context/NotificationContext.tsx(77,11): error TS2375: Type '{ id: string; type: NotificationType; title: string; message: string; duration: number; persistent: boolean; dismissible: boolean; timestamp: number; icon: React.ReactNode; action: { ...; } | undefined; className: string | undefined; }' is not assignable to type 'Notification' with 'exactOptionalPropertyTypes: true'. Consider adding 'undefined' to the types of the target's properties.
  Types of property 'className' are incompatible.
    Type 'string | undefined' is not assignable to type 'string'.
      Type 'undefined' is not assignable to type 'string'.
../theme-switcher/src/components/ThemeSwitcher.tsx(22,3): error TS2322: Type 'Element' is not assignable to type 'void'.
../theme-switcher/src/components/ThemeSwitcher.tsx(45,3): error TS2322: Type 'Element' is not assignable to type 'void'.
../theme-switcher/src/components/ThemeSwitcher.tsx(60,3): error TS2322: Type 'Element' is not assignable to type 'void'.
../theme-switcher/src/components/ThemeSwitcher.tsx(87,13): error TS2786: 'SunIcon' cannot be used as a JSX component.
  Its type '() => void' is not a valid JSX element type.
    Type '() => void' is not assignable to type '(props: any, deprecatedLegacyContext?: any) => ReactNode'.
      Type 'void' is not assignable to type 'ReactNode'.
../theme-switcher/src/components/ThemeSwitcher.tsx(88,12): error TS2786: 'MoonIcon' cannot be used as a JSX component.
  Its type '() => void' is not a valid JSX element type.
    Type '() => void' is not assignable to type '(props: any, deprecatedLegacyContext?: any) => ReactNode'.
      Type 'void' is not assignable to type 'ReactNode'.
../theme-switcher/src/components/ThemeSwitcher.tsx(89,14): error TS2786: 'SystemIcon' cannot be used as a JSX component.
  Its type '() => void' is not a valid JSX element type.
    Type '() => void' is not assignable to type '(props: any, deprecatedLegacyContext?: any) => ReactNode'.
      Type 'void' is not assignable to type 'ReactNode'.
../theme-switcher/src/components/ThemeSwitcher.tsx(141,7): error TS2322: Type 'ReactNode | Element' is not assignable to type 'void'.
  Type 'null' is not assignable to type 'void'.
../theme-switcher/src/components/ThemeSwitcher.tsx(143,40): error TS2322: Type 'ReactNode | Element' is not assignable to type 'void'.
  Type 'null' is not assignable to type 'void'.
../theme-switcher/src/components/ThemeSwitcher.tsx(143,54): error TS2322: Type 'ReactNode | Element' is not assignable to type 'void'.
  Type 'null' is not assignable to type 'void'.
../theme-switcher/src/components/ThemeSwitcher.tsx(148,7): error TS2322: Type 'string' is not assignable to type 'void'.
../theme-switcher/src/components/ThemeSwitcher.tsx(150,40): error TS2322: Type 'string' is not assignable to type 'void'.
../theme-switcher/src/components/ThemeSwitcher.tsx(150,55): error TS2322: Type 'string' is not assignable to type 'void'.
../theme-switcher/src/components/ThemeSwitcher.tsx(179,9): error TS2322: Type 'void' is not assignable to type 'string | undefined'.
../theme-switcher/src/components/ThemeSwitcher.tsx(183,11): error TS2322: Type 'void' is not assignable to type 'ReactNode'.
../theme-switcher/src/components/ThemeSwitcher.tsx(201,11): error TS2322: Type 'void' is not assignable to type 'ReactNode'.
../theme-switcher/src/components/ThemeSwitcher.tsx(205,13): error TS2322: Type 'void' is not assignable to type 'ReactNode'.
../theme-switcher/src/components/ThemeSwitcher.tsx(228,13): error TS2322: Type 'void' is not assignable to type 'ReactNode'.
../theme-switcher/src/components/ThemeSwitcher.tsx(231,13): error TS2322: Type 'void' is not assignable to type 'ReactNode'.
../typography/src/components/Heading.tsx(25,9): error TS2322: Type '{ size: "4xl"; weight: "extrabold"; lineHeight: "tight"; }' is not assignable to type 'void'.
../typography/src/components/Heading.tsx(31,9): error TS2322: Type '{ size: "3xl"; weight: "bold"; lineHeight: "tight"; }' is not assignable to type 'void'.
../typography/src/components/Heading.tsx(37,9): error TS2322: Type '{ size: "2xl"; weight: "semibold"; lineHeight: "snug"; }' is not assignable to type 'void'.
../typography/src/components/Heading.tsx(43,9): error TS2322: Type '{ size: "xl"; weight: "semibold"; lineHeight: "snug"; }' is not assignable to type 'void'.
../typography/src/components/Heading.tsx(49,9): error TS2322: Type '{ size: "lg"; weight: "medium"; lineHeight: "normal"; }' is not assignable to type 'void'.
../typography/src/components/Heading.tsx(55,9): error TS2322: Type '{ size: "base"; weight: "medium"; lineHeight: "normal"; }' is not assignable to type 'void'.
../typography/src/components/Heading.tsx(61,9): error TS2322: Type '{ size: FontSize; weight: FontWeight; lineHeight: LineHeight; }' is not assignable to type 'void'.
../typography/src/components/Heading.tsx(66,38): error TS2339: Property 'size' does not exist on type 'void'.
../typography/src/components/Heading.tsx(67,42): error TS2339: Property 'weight' does not exist on type 'void'.
../typography/src/components/Heading.tsx(68,50): error TS2339: Property 'lineHeight' does not exist on type 'void'.
../typography/src/hooks/useTypography.ts(104,5): error TS2322: Type '{ '--la-font-family-sans': string; '--la-font-family-mono': string; }' is not assignable to type 'void'.
../typography/src/hooks/useTypography.ts(128,3): error TS2322: Type '{ scale: TypographyScale; getTypographyStyles: ({ size, weight, lineHeight }: { size?: FontSize; weight?: FontWeight; lineHeight?: LineHeight; }) => { fontSize: string; fontWeight: number; lineHeight: number; letterSpacing: string; fontFamily: string; }; getTypographyClasses: ({ size, weight, lineHeight, color, alig...' is not assignable to type 'void'.
../typography/src/types/index.ts(37,18): error TS2320: Interface 'TextProps' cannot simultaneously extend types 'TypographyProps' and 'HTMLAttributes<HTMLElement>'.
  Named property 'children' of types 'TypographyProps' and 'HTMLAttributes<HTMLElement>' are not identical.
npm error Lifecycle script `typecheck` failed with error:
npm error code 2
npm error path C:\layera\packages\file-import
npm error workspace @layera/file-import@1.0.0
npm error location C:\layera\packages\file-import
npm error command failed
npm error command C:\WINDOWS\system32\cmd.exe /d /s /c tsc --noEmit


> @layera/file-transformation@1.0.0 typecheck
> tsc --noEmit

npm error Lifecycle script `typecheck` failed with error:
npm error code 3221225794
npm error path C:\layera\packages\file-transformation
npm error workspace @layera/file-transformation@1.0.0
npm error location C:\layera\packages\file-transformation
npm error command failed
npm error command C:\WINDOWS\system32\cmd.exe /d /s /c tsc --noEmit


> @layera/file-upload@1.0.0 typecheck
> tsc --noEmit

npm error Lifecycle script `typecheck` failed with error:
npm error code 3221225794
npm error path C:\layera\packages\file-upload
npm error workspace @layera/file-upload@1.0.0
npm error location C:\layera\packages\file-upload
npm error command failed
npm error command C:\WINDOWS\system32\cmd.exe /d /s /c tsc --noEmit


> @layera/forms@1.0.0 typecheck
> tsc --noEmit

npm error Lifecycle script `typecheck` failed with error:
npm error code 3221225794
npm error path C:\layera\packages\forms
npm error workspace @layera/forms@1.0.0
npm error location C:\layera\packages\forms
npm error command failed
npm error command C:\WINDOWS\system32\cmd.exe /d /s /c tsc --noEmit


> @layera/geo-core@1.0.0 typecheck
> tsc --noEmit

npm error Lifecycle script `typecheck` failed with error:
npm error code 3221225794
npm error path C:\layera\packages\geo-core
npm error workspace @layera/geo-core@1.0.0
npm error location C:\layera\packages\geo-core
npm error command failed
npm error command C:\WINDOWS\system32\cmd.exe /d /s /c tsc --noEmit


> @layera/geo-drawing@1.0.0 typecheck
> tsc --noEmit

npm error Lifecycle script `typecheck` failed with error:
npm error code 3221225794
npm error path C:\layera\packages\geo-drawing
npm error workspace @layera/geo-drawing@1.0.0
npm error location C:\layera\packages\geo-drawing
npm error command failed
npm error command C:\WINDOWS\system32\cmd.exe /d /s /c tsc --noEmit


> @layera/geo-mapping@1.0.0 typecheck
> tsc --noEmit

npm error Lifecycle script `typecheck` failed with error:
npm error code 3221225794
npm error path C:\layera\packages\geo-mapping
npm error workspace @layera/geo-mapping@1.0.0
npm error location C:\layera\packages\geo-mapping
npm error command failed
npm error command C:\WINDOWS\system32\cmd.exe /d /s /c tsc --noEmit


> @layera/geocoding@1.0.0 typecheck
> tsc --noEmit

npm error Lifecycle script `typecheck` failed with error:
npm error code 3221225794
npm error path C:\layera\packages\geocoding
npm error workspace @layera/geocoding@1.0.0
npm error location C:\layera\packages\geocoding
npm error command failed
npm error command C:\WINDOWS\system32\cmd.exe /d /s /c tsc --noEmit


> @layera/info-panels@1.0.0 typecheck
> tsc --noEmit

npm error Lifecycle script `typecheck` failed with error:
npm error code 3221225794
npm error path C:\layera\packages\info-panels
npm error workspace @layera/info-panels@1.0.0
npm error location C:\layera\packages\info-panels
npm error command failed
npm error command C:\WINDOWS\system32\cmd.exe /d /s /c tsc --noEmit


> @layera/layout@1.0.0 typecheck
> tsc --noEmit

npm error Lifecycle script `typecheck` failed with error:
npm error code 3221225794
npm error path C:\layera\packages\layout
npm error workspace @layera/layout@1.0.0
npm error location C:\layera\packages\layout
npm error command failed
npm error command C:\WINDOWS\system32\cmd.exe /d /s /c tsc --noEmit


> @layera/loading@1.0.0 typecheck
> tsc --noEmit

npm error Lifecycle script `typecheck` failed with error:
npm error code 3221225794
npm error path C:\layera\packages\loading
npm error workspace @layera/loading@1.0.0
npm error location C:\layera\packages\loading
npm error command failed
npm error command C:\WINDOWS\system32\cmd.exe /d /s /c tsc --noEmit


> @layera/map-core@1.0.0 typecheck
> tsc --noEmit

npm error Lifecycle script `typecheck` failed with error:
npm error code 3221225794
npm error path C:\layera\packages\map-core
npm error workspace @layera/map-core@1.0.0
npm error location C:\layera\packages\map-core
npm error command failed
npm error command C:\WINDOWS\system32\cmd.exe /d /s /c tsc --noEmit


> @layera/map-labels@1.0.0 typecheck
> tsc --noEmit

npm error Lifecycle script `typecheck` failed with error:
npm error code 3221225794
npm error path C:\layera\packages\map-labels
npm error workspace @layera/map-labels@1.0.0
npm error location C:\layera\packages\map-labels
npm error command failed
npm error command C:\WINDOWS\system32\cmd.exe /d /s /c tsc --noEmit


> @layera/modals@1.0.0 typecheck
> tsc --noEmit

npm error Lifecycle script `typecheck` failed with error:
npm error code 3221225794
npm error path C:\layera\packages\modals
npm error workspace @layera/modals@1.0.0
npm error location C:\layera\packages\modals
npm error command failed
npm error command C:\WINDOWS\system32\cmd.exe /d /s /c tsc --noEmit


> @layera/notifications@1.0.0 typecheck
> tsc --noEmit

npm error Lifecycle script `typecheck` failed with error:
npm error code 3221225794
npm error path C:\layera\packages\notifications
npm error workspace @layera/notifications@1.0.0
npm error location C:\layera\packages\notifications
npm error command failed
npm error command C:\WINDOWS\system32\cmd.exe /d /s /c tsc --noEmit


> @layera/osm@1.0.0 typecheck
> tsc --noEmit

npm error Lifecycle script `typecheck` failed with error:
npm error code 3221225794
npm error path C:\layera\packages\osm
npm error workspace @layera/osm@1.0.0
npm error location C:\layera\packages\osm
npm error command failed
npm error command C:\WINDOWS\system32\cmd.exe /d /s /c tsc --noEmit


> @layera/pipelines@1.0.0 typecheck
> tsc --noEmit

npm error Lifecycle script `typecheck` failed with error:
npm error code 3221225794
npm error path C:\layera\packages\pipelines
npm error workspace @layera/pipelines@1.0.0
npm error location C:\layera\packages\pipelines
npm error command failed
npm error command C:\WINDOWS\system32\cmd.exe /d /s /c tsc --noEmit


> @layera/progress-stepper@1.0.0 typecheck
> tsc --noEmit

npm error Lifecycle script `typecheck` failed with error:
npm error code 3221225794
npm error path C:\layera\packages\progress-stepper
npm error workspace @layera/progress-stepper@1.0.0
npm error location C:\layera\packages\progress-stepper
npm error command failed
npm error command C:\WINDOWS\system32\cmd.exe /d /s /c tsc --noEmit


> @layera/snap-engine@1.0.0 typecheck
> tsc --noEmit

npm error Lifecycle script `typecheck` failed with error:
npm error code 3221225794
npm error path C:\layera\packages\snap-engine
npm error workspace @layera/snap-engine@1.0.0
npm error location C:\layera\packages\snap-engine
npm error command failed
npm error command C:\WINDOWS\system32\cmd.exe /d /s /c tsc --noEmit


> @layera/snap-interactions@1.0.0 typecheck
> tsc --noEmit

npm error Lifecycle script `typecheck` failed with error:
npm error code 3221225794
npm error path C:\layera\packages\snap-interactions
npm error workspace @layera/snap-interactions@1.0.0
npm error location C:\layera\packages\snap-interactions
npm error command failed
npm error command C:\WINDOWS\system32\cmd.exe /d /s /c tsc --noEmit


> @layera/tables@1.0.0 typecheck
> tsc --noEmit

npm error Lifecycle script `typecheck` failed with error:
npm error code 3221225794
npm error path C:\layera\packages\tables
npm error workspace @layera/tables@1.0.0
npm error location C:\layera\packages\tables
npm error command failed
npm error command C:\WINDOWS\system32\cmd.exe /d /s /c tsc --noEmit


> @layera/theme-switcher@1.0.0 typecheck
> tsc --noEmit

npm error Lifecycle script `typecheck` failed with error:
npm error code 3221225794
npm error path C:\layera\packages\theme-switcher
npm error workspace @layera/theme-switcher@1.0.0
npm error location C:\layera\packages\theme-switcher
npm error command failed
npm error command C:\WINDOWS\system32\cmd.exe /d /s /c tsc --noEmit


> @layera/tolgee@1.0.0 typecheck
> tsc --noEmit

npm error Lifecycle script `typecheck` failed with error:
npm error code 3221225794
npm error path C:\layera\packages\tolgee
npm error workspace @layera/tolgee@1.0.0
npm error location C:\layera\packages\tolgee
npm error command failed
npm error command C:\WINDOWS\system32\cmd.exe /d /s /c tsc --noEmit


> @layera/typography@1.0.0 typecheck
> tsc --noEmit

npm error Lifecycle script `typecheck` failed with error:
npm error code 3221225794
npm error path C:\layera\packages\typography
npm error workspace @layera/typography@1.0.0
npm error location C:\layera\packages\typography
npm error command failed
npm error command C:\WINDOWS\system32\cmd.exe /d /s /c tsc --noEmit


> @layera/ui@1.0.0 typecheck
> tsc --noEmit

npm error Lifecycle script `typecheck` failed with error:
npm error code 3221225794
npm error path C:\layera\packages\ui
npm error workspace @layera/ui@1.0.0
npm error location C:\layera\packages\ui
npm error command failed
npm error command C:\WINDOWS\system32\cmd.exe /d /s /c tsc --noEmit

