
> layera@1.0.0 typecheck
> npm run typecheck --workspaces --if-present


> @layera/layera-id@1.0.0 typecheck
> tsc --noEmit

src/components/__tests__/PrivateRoute.test.tsx(6,21): error TS7016: Could not find a declaration file for module '@layera/layout'. 'C:/layera/packages/layout/dist/index.js' implicitly has an 'any' type.
  Try `npm i --save-dev @types/layera__layout` if it exists or add a new declaration (.d.ts) file containing `declare module '@layera/layout';`
src/components/DeviceFrameWrapper.tsx(2,41): error TS2307: Cannot find module '@layera/viewport' or its corresponding type declarations.
src/components/DeviceFrameWrapper.tsx(3,66): error TS2307: Cannot find module '@layera/viewport' or its corresponding type declarations.
src/components/DeviceFrameWrapper.tsx(6,27): error TS7016: Could not find a declaration file for module '@layera/layout'. 'C:/layera/packages/layout/dist/index.js' implicitly has an 'any' type.
  Try `npm i --save-dev @types/layera__layout` if it exists or add a new declaration (.d.ts) file containing `declare module '@layera/layout';`
src/components/NewDashboard.tsx(6,24): error TS7016: Could not find a declaration file for module '@layera/buttons'. 'C:/layera/packages/buttons/dist/index.js' implicitly has an 'any' type.
  Try `npm i --save-dev @types/layera__buttons` if it exists or add a new declaration (.d.ts) file containing `declare module '@layera/buttons';`
src/components/NewDashboard.tsx(7,31): error TS7016: Could not find a declaration file for module '@layera/theme-switcher'. 'C:/layera/packages/theme-switcher/dist/index.js' implicitly has an 'any' type.
  Try `npm i --save-dev @types/layera__theme-switcher` if it exists or add a new declaration (.d.ts) file containing `declare module '@layera/theme-switcher';`
src/components/NewDashboard.tsx(8,104): error TS7016: Could not find a declaration file for module '@layera/layout'. 'C:/layera/packages/layout/dist/index.js' implicitly has an 'any' type.
  Try `npm i --save-dev @types/layera__layout` if it exists or add a new declaration (.d.ts) file containing `declare module '@layera/layout';`
src/components/NewDashboard.tsx(9,64): error TS7016: Could not find a declaration file for module '@layera/cards'. 'C:/layera/packages/cards/dist/index.js' implicitly has an 'any' type.
  Try `npm i --save-dev @types/layera__cards` if it exists or add a new declaration (.d.ts) file containing `declare module '@layera/cards';`
src/components/PrivateRoute.tsx(11,11): error TS2339: Property 'currentUser' does not exist on type '{}'.
src/components/PrivateRoute.tsx(11,24): error TS2339: Property 'loading' does not exist on type '{}'.
src/components/PrivateRoute.tsx(11,33): error TS2339: Property 'claims' does not exist on type '{}'.
src/components/QuickActions.tsx(4,64): error TS7016: Could not find a declaration file for module '@layera/cards'. 'C:/layera/packages/cards/dist/index.js' implicitly has an 'any' type.
  Try `npm i --save-dev @types/layera__cards` if it exists or add a new declaration (.d.ts) file containing `declare module '@layera/cards';`
src/contexts/AuthContext.tsx(27,22): error TS7016: Could not find a declaration file for module '../firebase'. 'C:/layera/apps/layera-id/src/firebase.js' implicitly has an 'any' type.
src/contexts/AuthContext.tsx(45,32): error TS7031: Binding element 'children' implicitly has an 'any' type.
src/contexts/AuthContext.tsx(51,25): error TS7006: Parameter 'email' implicitly has an 'any' type.
src/contexts/AuthContext.tsx(51,32): error TS7006: Parameter 'password' implicitly has an 'any' type.
src/contexts/AuthContext.tsx(56,24): error TS7006: Parameter 'email' implicitly has an 'any' type.
src/contexts/AuthContext.tsx(56,31): error TS7006: Parameter 'password' implicitly has an 'any' type.
src/contexts/AuthContext.tsx(66,32): error TS7006: Parameter 'email' implicitly has an 'any' type.
src/contexts/AuthContext.tsx(71,36): error TS7006: Parameter 'displayName' implicitly has an 'any' type.
src/contexts/AuthContext.tsx(71,49): error TS7006: Parameter 'photoURL' implicitly has an 'any' type.
src/contexts/AuthContext.tsx(79,34): error TS7006: Parameter 'email' implicitly has an 'any' type.
src/contexts/AuthContext.tsx(84,37): error TS7006: Parameter 'password' implicitly has an 'any' type.
src/contexts/AuthContext.tsx(99,24): error TS2345: Argument of type 'User' is not assignable to parameter of type 'SetStateAction<null>'.
  Type 'User' provides no match for the signature '(prevState: null): null'.
src/contexts/AuthContext.tsx(101,11): error TS2322: Type '{}' is not assignable to type 'string'.
src/contexts/AuthContext.tsx(101,30): error TS4111: Property 'role' comes from an index signature, so it must be accessed with ['role'].
src/contexts/AuthContext.tsx(102,29): error TS4111: Property 'mfa' comes from an index signature, so it must be accessed with ['mfa'].
src/contexts/AuthContext.tsx(106,24): error TS2345: Argument of type 'User' is not assignable to parameter of type 'SetStateAction<null>'.
  Type 'User' provides no match for the signature '(prevState: null): null'.
npm error Lifecycle script `typecheck` failed with error:
npm error code 2
npm error path C:\layera\apps\layera-id
npm error workspace @layera/layera-id@1.0.0
npm error location C:\layera\apps\layera-id
npm error command failed
npm error command C:\WINDOWS\system32\cmd.exe /d /s /c tsc --noEmit


> @layera/address-breakdown@1.0.0 typecheck
> tsc --noEmit

src/components/AddressBreakdownCard.tsx(154,11): error TS2375: Type '{ children: (string | false | Element)[]; variant: "secondary" | "outline"; icon: Element; loading: boolean; className: string; onClick: (() => Promise<void>) | undefined; disabled: boolean; style: { ...; }; key: string; }' is not assignable to type 'IntrinsicAttributes & ButtonProps' with 'exactOptionalPropertyTypes: true'. Consider adding 'undefined' to the types of the target's properties.
  Property 'icon' does not exist on type 'IntrinsicAttributes & ButtonProps'.
src/components/AddressBreakdownCard.tsx(270,7): error TS2322: Type 'string | number | bigint | true | ReactElement<unknown, string | JSXElementConstructor<any>> | Iterable<ReactNode> | Promise<...>' is not assignable to type 'string'.
  Type 'number' is not assignable to type 'string'.
../geo-mapping/src/services/osmService.ts(185,10): error TS6133: 'convertOSMGeometry' is declared but its value is never read.
npm error Lifecycle script `typecheck` failed with error:
npm error code 2
npm error path C:\layera\packages\address-breakdown
npm error workspace @layera/address-breakdown@1.0.0
npm error location C:\layera\packages\address-breakdown
npm error command failed
npm error command C:\WINDOWS\system32\cmd.exe /d /s /c tsc --noEmit


> @layera/auth-bridge@1.0.0 typecheck
> tsc --noEmit


> @layera/boundary-service@1.0.0 typecheck
> tsc --noEmit

src/factory.ts(72,30): error TS2345: Argument of type '{ providers: ProviderConfig[]; cache: { ttl?: number; maxSize?: number; cleanupInterval?: number; }; queue: { maxSize?: number; processingInterval?: number; retry?: RetryConfig; }; defaults: { ...; }; }' is not assignable to parameter of type 'BoundaryServiceConfig'.
  Types of property 'cache' are incompatible.
    Type '{ ttl?: number; maxSize?: number; cleanupInterval?: number; }' is not assignable to type 'CacheConfig' with 'exactOptionalPropertyTypes: true'. Consider adding 'undefined' to the types of the target's properties.
      Property 'ttl' is optional in type '{ ttl?: number; maxSize?: number; cleanupInterval?: number; }' but required in type 'CacheConfig'.
src/service.ts(380,35): error TS2677: A type predicate's type must be assignable to its parameter's type.
  Type 'PromiseFulfilledResult<{ name: string; health: unknown; }>' is not assignable to type 'PromiseSettledResult<{ name: string; health: ProviderHealth; }>'.
    Type 'PromiseFulfilledResult<{ name: string; health: unknown; }>' is not assignable to type 'PromiseFulfilledResult<{ name: string; health: ProviderHealth; }>'.
      Type '{ name: string; health: unknown; }' is not assignable to type '{ name: string; health: ProviderHealth; }'.
        Types of property 'health' are incompatible.
          Type 'unknown' is not assignable to type 'ProviderHealth'.
src/service.ts(383,29): error TS2339: Property 'value' does not exist on type 'PromiseSettledResult<{ name: string; health: ProviderHealth; }>'.
  Property 'value' does not exist on type 'PromiseRejectedResult'.
npm error Lifecycle script `typecheck` failed with error:
npm error code 2
npm error path C:\layera\packages\boundary-service
npm error workspace @layera/boundary-service@1.0.0
npm error location C:\layera\packages\boundary-service
npm error command failed
npm error command C:\WINDOWS\system32\cmd.exe /d /s /c tsc --noEmit


> @layera/box-model@1.0.0 typecheck
> tsc --noEmit

../osm/src/types/result.ts(30,4): error TS1161: Unterminated regular expression literal.
../osm/src/types/result.ts(31,4): error TS1109: Expression expected.
../osm/src/types/result.ts(31,6): error TS1128: Declaration or statement expected.
../osm/src/types/result.ts(32,2): error TS1109: Expression expected.
../osm/src/types/result.ts(33,2): error TS1109: Expression expected.
../osm/src/types/result.ts(33,4): error TS1109: Expression expected.
../osm/src/types/result.ts(34,2): error TS1109: Expression expected.
../osm/src/types/result.ts(58,7): error TS1005: ';' expected.
../osm/src/types/result.ts(59,9): error TS1005: ';' expected.
../osm/src/types/result.ts(60,2): error TS1109: Expression expected.
../osm/src/types/result.ts(60,9): error TS1005: ';' expected.
../osm/src/types/result.ts(61,2): error TS1109: Expression expected.
../osm/src/types/result.ts(243,2): error TS1160: Unterminated template literal.
npm error Lifecycle script `typecheck` failed with error:
npm error code 2
npm error path C:\layera\packages\box-model
npm error workspace @layera/box-model@1.0.0
npm error location C:\layera\packages\box-model
npm error command failed
npm error command C:\WINDOWS\system32\cmd.exe /d /s /c tsc --noEmit


> @layera/box-shadows@1.0.0 typecheck
> tsc --noEmit


> @layera/buttons@1.0.0 typecheck
> tsc --noEmit

src/components/Button.tsx(78,5): error TS2322: Type 'string | undefined' is not assignable to type 'Position | undefined'.
  Type 'string' is not assignable to type 'Position | undefined'.
src/components/Button.tsx(91,9): error TS2322: Type 'Element' is not assignable to type 'void'.
src/components/Button.tsx(99,9): error TS2322: Type 'Element' is not assignable to type 'void'.
src/components/Button.tsx(102,9): error TS2322: Type 'Element' is not assignable to type 'void'.
src/components/Button.tsx(108,16): error TS2322: Type 'null' is not assignable to type 'void'.
src/components/Button.tsx(109,5): error TS2322: Type 'Element' is not assignable to type 'void'.
src/components/Button.tsx(115,7): error TS2322: Type 'Element' is not assignable to type 'void'.
src/components/Button.tsx(128,5): error TS2322: Type 'Element' is not assignable to type 'void'.
src/components/Button.tsx(149,11): error TS2322: Type 'void' is not assignable to type 'ReactNode'.
src/components/Button.tsx(153,9): error TS2322: Type 'string | void' is not assignable to type 'ReactNode'.
  Type 'void' is not assignable to type 'ReactNode'.
src/components/LinkButton.tsx(47,9): error TS2322: Type 'Element' is not assignable to type 'void'.
src/components/LinkButton.tsx(55,9): error TS2322: Type 'Element' is not assignable to type 'void'.
src/components/LinkButton.tsx(58,9): error TS2322: Type 'Element' is not assignable to type 'void'.
src/components/LinkButton.tsx(64,16): error TS2322: Type 'null' is not assignable to type 'void'.
src/components/LinkButton.tsx(65,5): error TS2322: Type 'Element' is not assignable to type 'void'.
src/components/LinkButton.tsx(71,7): error TS2322: Type 'Element' is not assignable to type 'void'.
src/components/LinkButton.tsx(84,5): error TS2322: Type 'Element' is not assignable to type 'void'.
src/components/LinkButton.tsx(107,11): error TS2322: Type 'void' is not assignable to type 'ReactNode'.
src/components/LinkButton.tsx(111,9): error TS2322: Type 'string | void' is not assignable to type 'ReactNode'.
  Type 'void' is not assignable to type 'ReactNode'.
src/hooks/useButton.ts(356,5): error TS2322: Type 'Record<string, string>' is not assignable to type 'void'.
src/hooks/useButton.ts(359,3): error TS2322: Type '{ tokens: ButtonTokens; getButtonStyles: ({ variant, size }: { variant?: ButtonVariant; size?: ButtonSize; }) => { height: string; padding: string; fontSize: string; ... 11 more ...; gap: string; }; getButtonClasses: ({ variant, size, fullWidth, loading, className }: { variant?: ButtonVariant; size?: ButtonSize; ful...' is not assignable to type 'void'.
npm error Lifecycle script `typecheck` failed with error:
npm error code 2
npm error path C:\layera\packages\buttons
npm error workspace @layera/buttons@1.0.0
npm error location C:\layera\packages\buttons
npm error command failed
npm error command C:\WINDOWS\system32\cmd.exe /d /s /c tsc --noEmit


> @layera/cad-processing@1.0.0 typecheck
> tsc --noEmit

src/hooks/useCADProcessing.ts(2,34): error TS6059: File 'C:/layera/packages/notifications/src/index.ts' is not under 'rootDir' 'C:/layera/packages/cad-processing/src'. 'rootDir' is expected to contain all source files.
src/hooks/useCADProcessing.ts(90,26): error TS2304: Cannot find name 't'.
src/hooks/useCADProcessing.ts(240,76): error TS2304: Cannot find name 't'.
src/hooks/useCADProcessing.ts(285,55): error TS2304: Cannot find name 't'.
src/hooks/useCADProcessing.ts(325,36): error TS2304: Cannot find name 't'.
src/parsers/dxfParser.ts(63,53): error TS2345: Argument of type 'IDxf' is not assignable to parameter of type 'Record<string, unknown>'.
  Index signature for type 'string' is missing in type 'IDxf'.
src/parsers/dxfParser.ts(166,5): error TS6133: 'options' is declared but its value is never read.
src/parsers/dxfParser.ts(197,28): error TS6133: 'lineTypeData' is declared but its value is never read.
src/parsers/dxfParser.ts(205,29): error TS6133: 'styleData' is declared but its value is never read.
src/parsers/dxfParser.ts(219,11): error TS6133: 'blocks' is declared but its value is never read.
src/parsers/dxfParser.ts(229,5): error TS6133: 'options' is declared but its value is never read.
src/parsers/dxfParser.ts(442,7): error TS2322: Type '"mil"' is not assignable to type '"mm" | "cm" | "m" | "in" | "ft" | "units"'.
src/parsers/dxfParser.ts(458,5): error TS6133: 'header' is declared but its value is never read.
src/renderers/cadRenderer.ts(17,11): error TS6133: 'svgElements' is declared but its value is never read.
src/renderers/cadRenderer.ts(193,36): error TS2345: Argument of type 'CADPoint3D | undefined' is not assignable to parameter of type 'CADPoint3D'.
  Type 'undefined' is not assignable to type 'CADPoint3D'.
src/renderers/cadRenderer.ts(194,36): error TS2345: Argument of type 'CADPoint3D | undefined' is not assignable to parameter of type 'CADPoint3D'.
  Type 'undefined' is not assignable to type 'CADPoint3D'.
src/renderers/cadRenderer.ts(205,40): error TS2345: Argument of type 'CADPoint3D | undefined' is not assignable to parameter of type 'CADPoint3D'.
  Type 'undefined' is not assignable to type 'CADPoint3D'.
src/renderers/cadRenderer.ts(217,40): error TS2345: Argument of type 'CADPoint3D | undefined' is not assignable to parameter of type 'CADPoint3D'.
  Type 'undefined' is not assignable to type 'CADPoint3D'.
src/renderers/cadRenderer.ts(258,42): error TS2345: Argument of type 'CADPoint3D | undefined' is not assignable to parameter of type 'CADPoint3D'.
  Type 'undefined' is not assignable to type 'CADPoint3D'.
src/renderers/cadRenderer.ts(273,42): error TS2345: Argument of type 'CADPoint3D | undefined' is not assignable to parameter of type 'CADPoint3D'.
  Type 'undefined' is not assignable to type 'CADPoint3D'.
src/renderers/cadRenderer.ts(353,27): error TS2339: Property 'renderOptions' does not exist on type 'CADRenderOptions'.
src/renderers/cadRenderer.ts(354,28): error TS2339: Property 'renderOptions' does not exist on type 'CADRenderOptions'.
src/utils/cadValidator.ts(209,11): error TS18048: 'version' is possibly 'undefined'.
../constants/src/index.ts(7,15): error TS6059: File 'C:/layera/packages/constants/src/sizes.ts' is not under 'rootDir' 'C:/layera/packages/cad-processing/src'. 'rootDir' is expected to contain all source files.
../constants/src/index.ts(10,15): error TS6059: File 'C:/layera/packages/constants/src/states.ts' is not under 'rootDir' 'C:/layera/packages/cad-processing/src'. 'rootDir' is expected to contain all source files.
../constants/src/index.ts(13,15): error TS6059: File 'C:/layera/packages/constants/src/roles.ts' is not under 'rootDir' 'C:/layera/packages/cad-processing/src'. 'rootDir' is expected to contain all source files.
../constants/src/index.ts(16,15): error TS6059: File 'C:/layera/packages/constants/src/pipeline-steps.ts' is not under 'rootDir' 'C:/layera/packages/cad-processing/src'. 'rootDir' is expected to contain all source files.
../constants/src/index.ts(19,15): error TS6059: File 'C:/layera/packages/constants/src/forms.ts' is not under 'rootDir' 'C:/layera/packages/cad-processing/src'. 'rootDir' is expected to contain all source files.
../constants/src/index.ts(22,15): error TS6059: File 'C:/layera/packages/constants/src/tables.ts' is not under 'rootDir' 'C:/layera/packages/cad-processing/src'. 'rootDir' is expected to contain all source files.
../constants/src/index.ts(25,15): error TS6059: File 'C:/layera/packages/constants/src/themes.ts' is not under 'rootDir' 'C:/layera/packages/cad-processing/src'. 'rootDir' is expected to contain all source files.
../constants/src/index.ts(28,15): error TS6059: File 'C:/layera/packages/constants/src/config.ts' is not under 'rootDir' 'C:/layera/packages/cad-processing/src'. 'rootDir' is expected to contain all source files.
../constants/src/index.ts(31,15): error TS6059: File 'C:/layera/packages/constants/src/navigation.ts' is not under 'rootDir' 'C:/layera/packages/cad-processing/src'. 'rootDir' is expected to contain all source files.
../constants/src/index.ts(34,15): error TS6059: File 'C:/layera/packages/constants/src/snap.ts' is not under 'rootDir' 'C:/layera/packages/cad-processing/src'. 'rootDir' is expected to contain all source files.
../constants/src/index.ts(37,15): error TS6059: File 'C:/layera/packages/constants/src/geo-drawing.ts' is not under 'rootDir' 'C:/layera/packages/cad-processing/src'. 'rootDir' is expected to contain all source files.
../constants/src/index.ts(40,15): error TS6059: File 'C:/layera/packages/constants/src/design-tokens.ts' is not under 'rootDir' 'C:/layera/packages/cad-processing/src'. 'rootDir' is expected to contain all source files.
  The file is in the program because:
    Imported via './design-tokens' from file 'C:/layera/packages/constants/src/index.ts'
    Imported via './design-tokens' from file 'C:/layera/packages/constants/src/theme-engine.ts'
    Imported via './design-tokens' from file 'C:/layera/packages/constants/src/react-hooks.tsx'
../constants/src/index.ts(43,15): error TS6059: File 'C:/layera/packages/constants/src/theme-engine.ts' is not under 'rootDir' 'C:/layera/packages/cad-processing/src'. 'rootDir' is expected to contain all source files.
  The file is in the program because:
    Imported via './theme-engine' from file 'C:/layera/packages/constants/src/index.ts'
    Imported via './theme-engine' from file 'C:/layera/packages/constants/src/react-hooks.tsx'
../constants/src/index.ts(46,15): error TS6059: File 'C:/layera/packages/constants/src/react-hooks.tsx' is not under 'rootDir' 'C:/layera/packages/cad-processing/src'. 'rootDir' is expected to contain all source files.
../layout/src/components/AppShell/AppShell.tsx(2,31): error TS6059: File 'C:/layera/packages/layout/src/types/index.ts' is not under 'rootDir' 'C:/layera/packages/cad-processing/src'. 'rootDir' is expected to contain all source files.
  The file is in the program because:
    Imported via '../../types' from file 'C:/layera/packages/layout/src/components/AppShell/AppShell.tsx'
    Imported via '../../types' from file 'C:/layera/packages/layout/src/components/Header/LayeraHeader.tsx'
    Imported via '../../types' from file 'C:/layera/packages/layout/src/components/Header/HeaderActionsGroup.tsx'
    Imported via './types' from file 'C:/layera/packages/layout/src/index.ts'
../layout/src/components/AppShell/AppShell.tsx(3,21): error TS6059: File 'C:/layera/packages/layout/src/components/Box.tsx' is not under 'rootDir' 'C:/layera/packages/cad-processing/src'. 'rootDir' is expected to contain all source files.
  The file is in the program because:
    Imported via '../Box' from file 'C:/layera/packages/layout/src/components/AppShell/AppShell.tsx'
    Imported via '../Box' from file 'C:/layera/packages/layout/src/components/Header/LayeraHeader.tsx'
    Imported via '../Box' from file 'C:/layera/packages/layout/src/components/Header/HeaderActionsGroup.tsx'
    Imported via './Box' from file 'C:/layera/packages/layout/src/components/Stack.tsx'
    Imported via './components/Box' from file 'C:/layera/packages/layout/src/index.ts'
    Imported via '../Box' from file 'C:/layera/packages/layout/src/components/Container/PageContainer.tsx'
    Imported via '../Box' from file 'C:/layera/packages/layout/src/components/Container/PageHeader.tsx'
../layout/src/components/AppShell/AppShell.tsx(34,9): error TS6133: 'handleSidebarToggle' is declared but its value is never read.
../layout/src/components/AppShell/index.ts(1,26): error TS6059: File 'C:/layera/packages/layout/src/components/AppShell/AppShell.tsx' is not under 'rootDir' 'C:/layera/packages/cad-processing/src'. 'rootDir' is expected to contain all source files.
../layout/src/components/Box.tsx(15,31): error TS6059: File 'C:/layera/packages/constants/src/index.ts' is not under 'rootDir' 'C:/layera/packages/cad-processing/src'. 'rootDir' is expected to contain all source files.
  The file is in the program because:
    Imported via '@layera/constants' from file 'C:/layera/packages/layout/src/components/Box.tsx'
    Imported via '@layera/constants' from file 'C:/layera/packages/layout/src/sizing/index.ts'
    Imported via '@layera/constants' from file 'C:/layera/packages/layout/src/components/Stack.tsx'
    Imported via '@layera/constants' from file 'C:/layera/packages/layout/src/components/Flex.tsx'
    Imported via '@layera/constants' from file 'C:/layera/packages/layout/src/flex/index.ts'
    Imported via '@layera/constants' from file 'C:/layera/packages/layout/src/components/Container/PageContainer.tsx'
    Imported via '@layera/constants' from file 'C:/layera/packages/layout/src/components/Container/PageHeader.tsx'
    Imported via '@layera/constants' from file 'C:/layera/packages/layout/src/hooks/useSizing.ts'
../layout/src/components/Box.tsx(16,10): error TS6133: 'getSizingVar' is declared but its value is never read.
../layout/src/components/Box.tsx(16,64): error TS6059: File 'C:/layera/packages/layout/src/sizing/index.ts' is not under 'rootDir' 'C:/layera/packages/cad-processing/src'. 'rootDir' is expected to contain all source files.
  The file is in the program because:
    Imported via '../sizing' from file 'C:/layera/packages/layout/src/components/Box.tsx'
    Imported via '../sizing' from file 'C:/layera/packages/layout/src/hooks/useSizing.ts'
    Imported via './sizing' from file 'C:/layera/packages/layout/src/index.ts'
../layout/src/components/Box.tsx(25,3): error TS2300: Duplicate identifier 'minHeight'.
../layout/src/components/Box.tsx(57,3): error TS2300: Duplicate identifier 'minHeight'.
../layout/src/components/Box.tsx(184,7): error TS2322: Type 'string | undefined' is not assignable to type 'Position | undefined'.
  Type 'string' is not assignable to type 'Position | undefined'.
../layout/src/components/Box.tsx(210,6): error TS2322: Type '{ children: ReactNode; id: string | undefined; role: string | undefined; 'aria-label': string | undefined; 'aria-labelledby': string | undefined; 'aria-describedby': string | undefined; ... 4 more ...; style: CSSProperties; }' is not assignable to type 'SVGProps<SVGSymbolElement>'.
  Types of property 'onClick' are incompatible.
    Type 'MouseEventHandler<HTMLDivElement> | undefined' is not assignable to type 'MouseEventHandler<SVGSymbolElement> | undefined'.
      Type 'MouseEventHandler<HTMLDivElement>' is not assignable to type 'MouseEventHandler<SVGSymbolElement>'.
        Type 'HTMLDivElement' is missing the following properties from type 'SVGSymbolElement': ownerSVGElement, viewportElement, preserveAspectRatio, viewBox
../layout/src/components/Container/index.ts(1,31): error TS6059: File 'C:/layera/packages/layout/src/components/Container/PageContainer.tsx' is not under 'rootDir' 'C:/layera/packages/cad-processing/src'. 'rootDir' is expected to contain all source files.
  The file is in the program because:
    Imported via './PageContainer' from file 'C:/layera/packages/layout/src/components/Container/index.ts'
    Imported via './PageContainer' from file 'C:/layera/packages/layout/src/components/Container/index.ts'
../layout/src/components/Container/index.ts(2,28): error TS6059: File 'C:/layera/packages/layout/src/components/Container/PageHeader.tsx' is not under 'rootDir' 'C:/layera/packages/cad-processing/src'. 'rootDir' is expected to contain all source files.
  The file is in the program because:
    Imported via './PageHeader' from file 'C:/layera/packages/layout/src/components/Container/index.ts'
    Imported via './PageHeader' from file 'C:/layera/packages/layout/src/components/Container/index.ts'
../layout/src/components/Flex.tsx(3,1): error TS6192: All imports in import declaration are unused.
../layout/src/components/Flex.tsx(3,57): error TS6059: File 'C:/layera/packages/layout/src/flex/index.ts' is not under 'rootDir' 'C:/layera/packages/cad-processing/src'. 'rootDir' is expected to contain all source files.
  The file is in the program because:
    Imported via '../flex' from file 'C:/layera/packages/layout/src/components/Flex.tsx'
    Imported via '../flex' from file 'C:/layera/packages/layout/src/hooks/useFlex.ts'
    Imported via './flex' from file 'C:/layera/packages/layout/src/index.ts'
../layout/src/components/Header/index.ts(1,30): error TS6059: File 'C:/layera/packages/layout/src/components/Header/LayeraHeader.tsx' is not under 'rootDir' 'C:/layera/packages/cad-processing/src'. 'rootDir' is expected to contain all source files.
../layout/src/components/Header/index.ts(2,36): error TS6059: File 'C:/layera/packages/layout/src/components/Header/HeaderActionsGroup.tsx' is not under 'rootDir' 'C:/layera/packages/cad-processing/src'. 'rootDir' is expected to contain all source files.
../layout/src/hooks/useFlex.ts(14,55): error TS6133: 'FlexDirection' is declared but its value is never read.
../layout/src/hooks/useFlex.ts(14,75): error TS6133: 'FlexJustify' is declared but its value is never read.
../layout/src/hooks/useFlex.ts(14,93): error TS6133: 'FlexAlign' is declared but its value is never read.
../layout/src/hooks/useFlex.ts(57,3): error TS2322: Type '{ row: { display: string; flexDirection: "column" | "column-reverse" | "row" | "row-reverse"; justifyContent: string; alignItems: string; flexWrap: "nowrap" | "wrap" | "wrap-reverse"; gap: "2px" | ... 7 more ... | "64px"; }; ... 15 more ...; mainContent: { display: string; flexDirection: "column" | "column-reverse" ...' is not assignable to type 'void'.
../layout/src/hooks/useFlex.ts(172,3): error TS2322: Type '{ scale: { readonly direction: { readonly ROW: "row"; readonly ROW_REVERSE: "row-reverse"; readonly COLUMN: "column"; readonly COLUMN_REVERSE: "column-reverse"; }; readonly justify: { readonly START: "flex-start"; ... 4 more ...; readonly SPACE_EVENLY: "space-evenly"; }; ... 4 more ...; readonly gap: { ...; }; }; .....' is not assignable to type 'void'.
../layout/src/hooks/useFlex.ts(202,3): error TS2322: Type '{ mobile: { stackOnMobile: { display: string; flexDirection: "column"; gap: "8px"; }; }; tablet: { rowOnTablet: { display: string; flexDirection: "row"; gap: "16px"; }; }; desktop: { complexLayout: { display: string; flexDirection: "row"; gap: "24px"; }; }; }' is not assignable to type 'void'.
../layout/src/hooks/useGeoAlertLayout.ts(10,8): error TS6059: File 'C:/layera/packages/layout/src/types/geoalert-layout.types.ts' is not under 'rootDir' 'C:/layera/packages/cad-processing/src'. 'rootDir' is expected to contain all source files.
  The file is in the program because:
    Imported via '../types/geoalert-layout.types' from file 'C:/layera/packages/layout/src/hooks/useGeoAlertLayout.ts'
    Imported via '../types/geoalert-layout.types' from file 'C:/layera/packages/layout/src/utils/geoalert-layout.ts'
    Imported via './types/geoalert-layout.types' from file 'C:/layera/packages/layout/src/index.ts'
../layout/src/hooks/useGeoAlertLayout.ts(17,8): error TS6059: File 'C:/layera/packages/layout/src/utils/geoalert-layout.ts' is not under 'rootDir' 'C:/layera/packages/cad-processing/src'. 'rootDir' is expected to contain all source files.
  The file is in the program because:
    Imported via '../utils/geoalert-layout' from file 'C:/layera/packages/layout/src/hooks/useGeoAlertLayout.ts'
    Imported via './utils/geoalert-layout' from file 'C:/layera/packages/layout/src/index.ts'
../layout/src/hooks/useSizing.ts(52,3): error TS2322: Type '{ scale: { readonly BASE_UNIT: 8; readonly NONE: 0; readonly XXS: 2; readonly XS: 4; readonly SM: 8; readonly MD: 16; readonly LG: 24; readonly XL: 32; readonly XXL: 48; readonly XXXL: 64; readonly LAYOUT_SM: 80; ... 19 more ...; readonly A4: "1.414:1"; }; getSizingVar: (category: "width" | "height", token: string) ...' is not assignable to type 'void'.
../layout/src/hooks/useSizing.ts(91,3): error TS2322: Type '{ mobile: { containerMaxWidth: string | number; sidebarWidth: string | number; }; tablet: { containerMaxWidth: string | number; sidebarWidth: string | number; }; desktop: { containerMaxWidth: string | number; sidebarWidth: string | number; }; desktopLarge: { ...; }; }' is not assignable to type 'void'.
../layout/src/hooks/useSizing.ts(122,3): error TS2322: Type '{ createSizingStyle: (width?: SizingToken, height?: SizingToken) => { width: string | number | undefined; height: string | number | undefined; }; fullSize: { width: string | number | undefined; height: string | ... 1 more ... | undefined; }; square: (size: SizingToken) => { ...; }; button: { ...; }; card: { ...; }; ...' is not assignable to type 'void'.
../layout/src/index.ts(15,26): error TS6059: File 'C:/layera/packages/layout/src/components/AppShell/index.ts' is not under 'rootDir' 'C:/layera/packages/cad-processing/src'. 'rootDir' is expected to contain all source files.
../layout/src/index.ts(16,50): error TS6059: File 'C:/layera/packages/layout/src/components/Header/index.ts' is not under 'rootDir' 'C:/layera/packages/cad-processing/src'. 'rootDir' is expected to contain all source files.
../layout/src/index.ts(19,23): error TS6059: File 'C:/layera/packages/layout/src/components/Stack.tsx' is not under 'rootDir' 'C:/layera/packages/cad-processing/src'. 'rootDir' is expected to contain all source files.
../layout/src/index.ts(20,22): error TS6059: File 'C:/layera/packages/layout/src/components/Flex.tsx' is not under 'rootDir' 'C:/layera/packages/cad-processing/src'. 'rootDir' is expected to contain all source files.
  The file is in the program because:
    Imported via './components/Flex' from file 'C:/layera/packages/layout/src/index.ts'
    Imported via '../components/Flex' from file 'C:/layera/packages/layout/src/utils/shortcuts.tsx'
../layout/src/index.ts(32,8): error TS6059: File 'C:/layera/packages/layout/src/utils/shortcuts.tsx' is not under 'rootDir' 'C:/layera/packages/cad-processing/src'. 'rootDir' is expected to contain all source files.
../layout/src/index.ts(35,43): error TS6059: File 'C:/layera/packages/layout/src/components/Container/index.ts' is not under 'rootDir' 'C:/layera/packages/cad-processing/src'. 'rootDir' is expected to contain all source files.
../layout/src/index.ts(38,35): error TS6059: File 'C:/layera/packages/layout/src/hooks/useGeoAlertLayout.ts' is not under 'rootDir' 'C:/layera/packages/cad-processing/src'. 'rootDir' is expected to contain all source files.
../layout/src/index.ts(47,8): error TS6059: File 'C:/layera/packages/layout/src/hooks/useSizing.ts' is not under 'rootDir' 'C:/layera/packages/cad-processing/src'. 'rootDir' is expected to contain all source files.
../layout/src/index.ts(55,8): error TS6059: File 'C:/layera/packages/layout/src/hooks/useFlex.ts' is not under 'rootDir' 'C:/layera/packages/cad-processing/src'. 'rootDir' is expected to contain all source files.
../layout/src/types/index.ts(1,15): error TS6059: File 'C:/layera/packages/layout/src/types/layout.types.ts' is not under 'rootDir' 'C:/layera/packages/cad-processing/src'. 'rootDir' is expected to contain all source files.
  The file is in the program because:
    Imported via './layout.types' from file 'C:/layera/packages/layout/src/types/index.ts'
    Imported via './layout.types' from file 'C:/layera/packages/layout/src/types/component.types.ts'
../layout/src/types/index.ts(2,15): error TS6059: File 'C:/layera/packages/layout/src/types/component.types.ts' is not under 'rootDir' 'C:/layera/packages/cad-processing/src'. 'rootDir' is expected to contain all source files.
../notifications/src/components/Alert/Alert.tsx(21,15): error TS2322: Type 'string | number | bigint | true | ReactElement<unknown, string | JSXElementConstructor<any>> | Iterable<ReactNode> | ReactPortal | Promise<...>' is not assignable to type 'void'.
  Type 'string' is not assignable to type 'void'.
../notifications/src/components/Alert/Alert.tsx(25,9): error TS2322: Type 'Element' is not assignable to type 'void'.
../notifications/src/components/Alert/Alert.tsx(32,9): error TS2322: Type 'Element' is not assignable to type 'void'.
../notifications/src/components/Alert/Alert.tsx(38,9): error TS2322: Type 'Element' is not assignable to type 'void'.
../notifications/src/components/Alert/Alert.tsx(45,9): error TS2322: Type 'Element' is not assignable to type 'void'.
../notifications/src/components/Alert/Alert.tsx(63,9): error TS2322: Type 'void' is not assignable to type 'ReactNode'.
../notifications/src/components/Alert/index.ts(5,23): error TS6059: File 'C:/layera/packages/notifications/src/components/Alert/Alert.tsx' is not under 'rootDir' 'C:/layera/packages/cad-processing/src'. 'rootDir' is expected to contain all source files.
../notifications/src/components/index.ts(5,23): error TS6059: File 'C:/layera/packages/notifications/src/components/Toast/index.ts' is not under 'rootDir' 'C:/layera/packages/cad-processing/src'. 'rootDir' is expected to contain all source files.
  The file is in the program because:
    Imported via './Toast' from file 'C:/layera/packages/notifications/src/components/index.ts'
    Imported via '../Toast' from file 'C:/layera/packages/notifications/src/components/NotificationContainer/NotificationContainer.tsx'
../notifications/src/components/index.ts(6,39): error TS6059: File 'C:/layera/packages/notifications/src/components/NotificationContainer/index.ts' is not under 'rootDir' 'C:/layera/packages/cad-processing/src'. 'rootDir' is expected to contain all source files.
  The file is in the program because:
    Imported via './NotificationContainer' from file 'C:/layera/packages/notifications/src/components/index.ts'
    Imported via '../NotificationContainer' from file 'C:/layera/packages/notifications/src/components/NotificationProvider/NotificationProvider.tsx'
../notifications/src/components/index.ts(7,38): error TS6059: File 'C:/layera/packages/notifications/src/components/NotificationProvider/index.ts' is not under 'rootDir' 'C:/layera/packages/cad-processing/src'. 'rootDir' is expected to contain all source files.
../notifications/src/components/index.ts(8,23): error TS6059: File 'C:/layera/packages/notifications/src/components/Alert/index.ts' is not under 'rootDir' 'C:/layera/packages/cad-processing/src'. 'rootDir' is expected to contain all source files.
../notifications/src/components/NotificationContainer/index.ts(5,39): error TS6059: File 'C:/layera/packages/notifications/src/components/NotificationContainer/NotificationContainer.tsx' is not under 'rootDir' 'C:/layera/packages/cad-processing/src'. 'rootDir' is expected to contain all source files.
../notifications/src/components/NotificationContainer/NotificationContainer.tsx(42,16): error TS18046: 'notification' is of type 'unknown'.
../notifications/src/components/NotificationContainer/NotificationContainer.tsx(43,11): error TS2322: Type 'unknown' is not assignable to type 'Notification'.
../notifications/src/components/NotificationProvider/index.ts(5,38): error TS6059: File 'C:/layera/packages/notifications/src/components/NotificationProvider/NotificationProvider.tsx' is not under 'rootDir' 'C:/layera/packages/cad-processing/src'. 'rootDir' is expected to contain all source files.
../notifications/src/components/NotificationProvider/NotificationProvider.tsx(2,75): error TS6059: File 'C:/layera/packages/notifications/src/context/index.ts' is not under 'rootDir' 'C:/layera/packages/cad-processing/src'. 'rootDir' is expected to contain all source files.
  The file is in the program because:
    Imported via '../../context' from file 'C:/layera/packages/notifications/src/components/NotificationProvider/NotificationProvider.tsx'
    Imported via './context' from file 'C:/layera/packages/notifications/src/index.ts'
../notifications/src/components/Toast/index.ts(5,23): error TS6059: File 'C:/layera/packages/notifications/src/components/Toast/Toast.tsx' is not under 'rootDir' 'C:/layera/packages/cad-processing/src'. 'rootDir' is expected to contain all source files.
../notifications/src/components/Toast/Toast.tsx(2,21): error TS6059: File 'C:/layera/packages/layout/src/index.ts' is not under 'rootDir' 'C:/layera/packages/cad-processing/src'. 'rootDir' is expected to contain all source files.
  The file is in the program because:
    Imported via '@layera/layout' from file 'C:/layera/packages/notifications/src/components/Toast/Toast.tsx'
    Imported via '@layera/layout' from file 'C:/layera/packages/notifications/src/components/NotificationContainer/NotificationContainer.tsx'
    Imported via '@layera/layout' from file 'C:/layera/packages/notifications/src/components/Alert/Alert.tsx'
../notifications/src/components/Toast/Toast.tsx(3,68): error TS6059: File 'C:/layera/packages/notifications/src/constants/index.ts' is not under 'rootDir' 'C:/layera/packages/cad-processing/src'. 'rootDir' is expected to contain all source files.
  The file is in the program because:
    Imported via '../../constants' from file 'C:/layera/packages/notifications/src/components/Toast/Toast.tsx'
    Imported via '../../constants' from file 'C:/layera/packages/notifications/src/components/Alert/Alert.tsx'
../notifications/src/components/Toast/Toast.tsx(4,33): error TS6059: File 'C:/layera/packages/notifications/src/types/index.ts' is not under 'rootDir' 'C:/layera/packages/cad-processing/src'. 'rootDir' is expected to contain all source files.
  The file is in the program because:
    Imported via '../../types' from file 'C:/layera/packages/notifications/src/components/Toast/Toast.tsx'
    Imported via '../../types' from file 'C:/layera/packages/notifications/src/components/NotificationContainer/NotificationContainer.tsx'
    Imported via '../types' from file 'C:/layera/packages/notifications/src/context/NotificationContext.tsx'
    Imported via '../../types' from file 'C:/layera/packages/notifications/src/components/NotificationProvider/NotificationProvider.tsx'
    Imported via '../../types' from file 'C:/layera/packages/notifications/src/components/Alert/Alert.tsx'
    Imported via './types' from file 'C:/layera/packages/notifications/src/index.ts'
../notifications/src/components/Toast/Toast.tsx(49,28): error TS2322: Type 'string | number | bigint | true | ReactElement<unknown, string | JSXElementConstructor<any>> | Iterable<ReactNode> | ReactPortal | Promise<...>' is not assignable to type 'void'.
  Type 'string' is not assignable to type 'void'.
../notifications/src/components/Toast/Toast.tsx(53,9): error TS2322: Type 'Element' is not assignable to type 'void'.
../notifications/src/components/Toast/Toast.tsx(60,9): error TS2322: Type 'Element' is not assignable to type 'void'.
../notifications/src/components/Toast/Toast.tsx(66,9): error TS2322: Type 'Element' is not assignable to type 'void'.
../notifications/src/components/Toast/Toast.tsx(73,9): error TS2322: Type 'Element' is not assignable to type 'void'.
../notifications/src/components/Toast/Toast.tsx(94,9): error TS2322: Type 'void' is not assignable to type 'ReactNode'.
../notifications/src/constants/index.ts(5,15): error TS6059: File 'C:/layera/packages/notifications/src/constants/notificationConstants.ts' is not under 'rootDir' 'C:/layera/packages/cad-processing/src'. 'rootDir' is expected to contain all source files.
../notifications/src/constants/index.ts(6,15): error TS6059: File 'C:/layera/packages/notifications/src/constants/translationKeys.ts' is not under 'rootDir' 'C:/layera/packages/cad-processing/src'. 'rootDir' is expected to contain all source files.
../notifications/src/context/index.ts(5,56): error TS6059: File 'C:/layera/packages/notifications/src/context/NotificationContext.tsx' is not under 'rootDir' 'C:/layera/packages/cad-processing/src'. 'rootDir' is expected to contain all source files.
../notifications/src/context/NotificationContext.tsx(77,11): error TS2375: Type '{ id: string; type: NotificationType; title: string; message: string; duration: number; persistent: boolean; dismissible: boolean; timestamp: number; icon: React.ReactNode; action: { ...; } | undefined; className: string | undefined; }' is not assignable to type 'Notification' with 'exactOptionalPropertyTypes: true'. Consider adding 'undefined' to the types of the target's properties.
  Types of property 'className' are incompatible.
    Type 'string | undefined' is not assignable to type 'string'.
      Type 'undefined' is not assignable to type 'string'.
../notifications/src/index.ts(13,8): error TS6059: File 'C:/layera/packages/notifications/src/components/index.ts' is not under 'rootDir' 'C:/layera/packages/cad-processing/src'. 'rootDir' is expected to contain all source files.
../notifications/src/types/index.ts(5,20): error TS6059: File 'C:/layera/packages/notifications/src/types/notification.types.ts' is not under 'rootDir' 'C:/layera/packages/cad-processing/src'. 'rootDir' is expected to contain all source files.
npm error Lifecycle script `typecheck` failed with error:
npm error code 2
npm error path C:\layera\packages\cad-processing
npm error workspace @layera/cad-processing@1.0.0
npm error location C:\layera\packages\cad-processing
npm error command failed
npm error command C:\WINDOWS\system32\cmd.exe /d /s /c tsc --noEmit


> @layera/canvas-transforms@1.0.0 typecheck
> tsc --noEmit

npm error Lifecycle script `typecheck` failed with error:
npm error code 3221225794
npm error path C:\layera\packages\canvas-transforms
npm error workspace @layera/canvas-transforms@1.0.0
npm error location C:\layera\packages\canvas-transforms
npm error command failed
npm error command C:\WINDOWS\system32\cmd.exe /d /s /c tsc --noEmit


> @layera/cards@1.0.0 typecheck
> tsc --noEmit

npm error Lifecycle script `typecheck` failed with error:
npm error code 3221225794
npm error path C:\layera\packages\cards
npm error workspace @layera/cards@1.0.0
npm error location C:\layera\packages\cards
npm error command failed
npm error command C:\WINDOWS\system32\cmd.exe /d /s /c tsc --noEmit


> @layera/constants@1.0.0 typecheck
> tsc --noEmit

npm error Lifecycle script `typecheck` failed with error:
npm error code 3221225794
npm error path C:\layera\packages\constants
npm error workspace @layera/constants@1.0.0
npm error location C:\layera\packages\constants
npm error command failed
npm error command C:\WINDOWS\system32\cmd.exe /d /s /c tsc --noEmit


> @layera/cursors@1.0.0 typecheck
> tsc --noEmit

npm error Lifecycle script `typecheck` failed with error:
npm error code 3221225794
npm error path C:\layera\packages\cursors
npm error workspace @layera/cursors@1.0.0
npm error location C:\layera\packages\cursors
npm error command failed
npm error command C:\WINDOWS\system32\cmd.exe /d /s /c tsc --noEmit


> @layera/database-core@1.0.0 typecheck
> tsc --noEmit

npm error Lifecycle script `typecheck` failed with error:
npm error code 3221225794
npm error path C:\layera\packages\database-core
npm error workspace @layera/database-core@1.0.0
npm error location C:\layera\packages\database-core
npm error command failed
npm error command C:\WINDOWS\system32\cmd.exe /d /s /c tsc --noEmit


> @layera/draggable@1.0.0 typecheck
> tsc --noEmit

npm error Lifecycle script `typecheck` failed with error:
npm error code 3221225794
npm error path C:\layera\packages\draggable
npm error workspace @layera/draggable@1.0.0
npm error location C:\layera\packages\draggable
npm error command failed
npm error command C:\WINDOWS\system32\cmd.exe /d /s /c tsc --noEmit


> @layera/draggable-fab@1.0.0 typecheck
> tsc --noEmit

npm error Lifecycle script `typecheck` failed with error:
npm error code 3221225794
npm error path C:\layera\packages\draggable-fab
npm error workspace @layera/draggable-fab@1.0.0
npm error location C:\layera\packages\draggable-fab
npm error command failed
npm error command C:\WINDOWS\system32\cmd.exe /d /s /c tsc --noEmit


> @layera/employment-taxonomy@1.0.0 typecheck
> tsc --noEmit

npm error Lifecycle script `typecheck` failed with error:
npm error code 3221225794
npm error path C:\layera\packages\employment-taxonomy
npm error workspace @layera/employment-taxonomy@1.0.0
npm error location C:\layera\packages\employment-taxonomy
npm error command failed
npm error command C:\WINDOWS\system32\cmd.exe /d /s /c tsc --noEmit


> @layera/error-boundary@1.0.0 typecheck
> tsc --noEmit

npm error Lifecycle script `typecheck` failed with error:
npm error code 3221225794
npm error path C:\layera\packages\error-boundary
npm error workspace @layera/error-boundary@1.0.0
npm error location C:\layera\packages\error-boundary
npm error command failed
npm error command C:\WINDOWS\system32\cmd.exe /d /s /c tsc --noEmit


> @layera/file-compression@1.0.0 typecheck
> tsc --noEmit

npm error Lifecycle script `typecheck` failed with error:
npm error code 3221225794
npm error path C:\layera\packages\file-compression
npm error workspace @layera/file-compression@1.0.0
npm error location C:\layera\packages\file-compression
npm error command failed
npm error command C:\WINDOWS\system32\cmd.exe /d /s /c tsc --noEmit


> @layera/file-import@1.0.0 typecheck
> tsc --noEmit

npm error Lifecycle script `typecheck` failed with error:
npm error code 3221225794
npm error path C:\layera\packages\file-import
npm error workspace @layera/file-import@1.0.0
npm error location C:\layera\packages\file-import
npm error command failed
npm error command C:\WINDOWS\system32\cmd.exe /d /s /c tsc --noEmit


> @layera/file-transformation@1.0.0 typecheck
> tsc --noEmit

npm error Lifecycle script `typecheck` failed with error:
npm error code 3221225794
npm error path C:\layera\packages\file-transformation
npm error workspace @layera/file-transformation@1.0.0
npm error location C:\layera\packages\file-transformation
npm error command failed
npm error command C:\WINDOWS\system32\cmd.exe /d /s /c tsc --noEmit


> @layera/file-upload@1.0.0 typecheck
> tsc --noEmit

npm error Lifecycle script `typecheck` failed with error:
npm error code 3221225794
npm error path C:\layera\packages\file-upload
npm error workspace @layera/file-upload@1.0.0
npm error location C:\layera\packages\file-upload
npm error command failed
npm error command C:\WINDOWS\system32\cmd.exe /d /s /c tsc --noEmit


> @layera/forms@1.0.0 typecheck
> tsc --noEmit

npm error Lifecycle script `typecheck` failed with error:
npm error code 3221225794
npm error path C:\layera\packages\forms
npm error workspace @layera/forms@1.0.0
npm error location C:\layera\packages\forms
npm error command failed
npm error command C:\WINDOWS\system32\cmd.exe /d /s /c tsc --noEmit


> @layera/geo-core@1.0.0 typecheck
> tsc --noEmit

npm error Lifecycle script `typecheck` failed with error:
npm error code 3221225794
npm error path C:\layera\packages\geo-core
npm error workspace @layera/geo-core@1.0.0
npm error location C:\layera\packages\geo-core
npm error command failed
npm error command C:\WINDOWS\system32\cmd.exe /d /s /c tsc --noEmit


> @layera/geo-drawing@1.0.0 typecheck
> tsc --noEmit

npm error Lifecycle script `typecheck` failed with error:
npm error code 3221225794
npm error path C:\layera\packages\geo-drawing
npm error workspace @layera/geo-drawing@1.0.0
npm error location C:\layera\packages\geo-drawing
npm error command failed
npm error command C:\WINDOWS\system32\cmd.exe /d /s /c tsc --noEmit


> @layera/geo-mapping@1.0.0 typecheck
> tsc --noEmit

npm error Lifecycle script `typecheck` failed with error:
npm error code 3221225794
npm error path C:\layera\packages\geo-mapping
npm error workspace @layera/geo-mapping@1.0.0
npm error location C:\layera\packages\geo-mapping
npm error command failed
npm error command C:\WINDOWS\system32\cmd.exe /d /s /c tsc --noEmit


> @layera/geocoding@1.0.0 typecheck
> tsc --noEmit

npm error Lifecycle script `typecheck` failed with error:
npm error code 3221225794
npm error path C:\layera\packages\geocoding
npm error workspace @layera/geocoding@1.0.0
npm error location C:\layera\packages\geocoding
npm error command failed
npm error command C:\WINDOWS\system32\cmd.exe /d /s /c tsc --noEmit


> @layera/info-panels@1.0.0 typecheck
> tsc --noEmit

npm error Lifecycle script `typecheck` failed with error:
npm error code 3221225794
npm error path C:\layera\packages\info-panels
npm error workspace @layera/info-panels@1.0.0
npm error location C:\layera\packages\info-panels
npm error command failed
npm error command C:\WINDOWS\system32\cmd.exe /d /s /c tsc --noEmit


> @layera/layout@1.0.0 typecheck
> tsc --noEmit

npm error Lifecycle script `typecheck` failed with error:
npm error code 3221225794
npm error path C:\layera\packages\layout
npm error workspace @layera/layout@1.0.0
npm error location C:\layera\packages\layout
npm error command failed
npm error command C:\WINDOWS\system32\cmd.exe /d /s /c tsc --noEmit


> @layera/loading@1.0.0 typecheck
> tsc --noEmit

npm error Lifecycle script `typecheck` failed with error:
npm error code 3221225794
npm error path C:\layera\packages\loading
npm error workspace @layera/loading@1.0.0
npm error location C:\layera\packages\loading
npm error command failed
npm error command C:\WINDOWS\system32\cmd.exe /d /s /c tsc --noEmit


> @layera/map-core@1.0.0 typecheck
> tsc --noEmit

npm error Lifecycle script `typecheck` failed with error:
npm error code 3221225794
npm error path C:\layera\packages\map-core
npm error workspace @layera/map-core@1.0.0
npm error location C:\layera\packages\map-core
npm error command failed
npm error command C:\WINDOWS\system32\cmd.exe /d /s /c tsc --noEmit


> @layera/map-labels@1.0.0 typecheck
> tsc --noEmit

npm error Lifecycle script `typecheck` failed with error:
npm error code 3221225794
npm error path C:\layera\packages\map-labels
npm error workspace @layera/map-labels@1.0.0
npm error location C:\layera\packages\map-labels
npm error command failed
npm error command C:\WINDOWS\system32\cmd.exe /d /s /c tsc --noEmit


> @layera/modals@1.0.0 typecheck
> tsc --noEmit

npm error Lifecycle script `typecheck` failed with error:
npm error code 3221225794
npm error path C:\layera\packages\modals
npm error workspace @layera/modals@1.0.0
npm error location C:\layera\packages\modals
npm error command failed
npm error command C:\WINDOWS\system32\cmd.exe /d /s /c tsc --noEmit


> @layera/notifications@1.0.0 typecheck
> tsc --noEmit

npm error Lifecycle script `typecheck` failed with error:
npm error code 3221225794
npm error path C:\layera\packages\notifications
npm error workspace @layera/notifications@1.0.0
npm error location C:\layera\packages\notifications
npm error command failed
npm error command C:\WINDOWS\system32\cmd.exe /d /s /c tsc --noEmit


> @layera/osm@1.0.0 typecheck
> tsc --noEmit

npm error Lifecycle script `typecheck` failed with error:
npm error code 3221225794
npm error path C:\layera\packages\osm
npm error workspace @layera/osm@1.0.0
npm error location C:\layera\packages\osm
npm error command failed
npm error command C:\WINDOWS\system32\cmd.exe /d /s /c tsc --noEmit


> @layera/pipelines@1.0.0 typecheck
> tsc --noEmit

npm error Lifecycle script `typecheck` failed with error:
npm error code 3221225794
npm error path C:\layera\packages\pipelines
npm error workspace @layera/pipelines@1.0.0
npm error location C:\layera\packages\pipelines
npm error command failed
npm error command C:\WINDOWS\system32\cmd.exe /d /s /c tsc --noEmit


> @layera/progress-stepper@1.0.0 typecheck
> tsc --noEmit

npm error Lifecycle script `typecheck` failed with error:
npm error code 3221225794
npm error path C:\layera\packages\progress-stepper
npm error workspace @layera/progress-stepper@1.0.0
npm error location C:\layera\packages\progress-stepper
npm error command failed
npm error command C:\WINDOWS\system32\cmd.exe /d /s /c tsc --noEmit


> @layera/snap-engine@1.0.0 typecheck
> tsc --noEmit

npm error Lifecycle script `typecheck` failed with error:
npm error code 3221225794
npm error path C:\layera\packages\snap-engine
npm error workspace @layera/snap-engine@1.0.0
npm error location C:\layera\packages\snap-engine
npm error command failed
npm error command C:\WINDOWS\system32\cmd.exe /d /s /c tsc --noEmit


> @layera/snap-interactions@1.0.0 typecheck
> tsc --noEmit

npm error Lifecycle script `typecheck` failed with error:
npm error code 3221225794
npm error path C:\layera\packages\snap-interactions
npm error workspace @layera/snap-interactions@1.0.0
npm error location C:\layera\packages\snap-interactions
npm error command failed
npm error command C:\WINDOWS\system32\cmd.exe /d /s /c tsc --noEmit


> @layera/tables@1.0.0 typecheck
> tsc --noEmit

npm error Lifecycle script `typecheck` failed with error:
npm error code 3221225794
npm error path C:\layera\packages\tables
npm error workspace @layera/tables@1.0.0
npm error location C:\layera\packages\tables
npm error command failed
npm error command C:\WINDOWS\system32\cmd.exe /d /s /c tsc --noEmit


> @layera/theme-switcher@1.0.0 typecheck
> tsc --noEmit

npm error Lifecycle script `typecheck` failed with error:
npm error code 3221225794
npm error path C:\layera\packages\theme-switcher
npm error workspace @layera/theme-switcher@1.0.0
npm error location C:\layera\packages\theme-switcher
npm error command failed
npm error command C:\WINDOWS\system32\cmd.exe /d /s /c tsc --noEmit


> @layera/tolgee@1.0.0 typecheck
> tsc --noEmit

npm error Lifecycle script `typecheck` failed with error:
npm error code 3221225794
npm error path C:\layera\packages\tolgee
npm error workspace @layera/tolgee@1.0.0
npm error location C:\layera\packages\tolgee
npm error command failed
npm error command C:\WINDOWS\system32\cmd.exe /d /s /c tsc --noEmit


> @layera/typography@1.0.0 typecheck
> tsc --noEmit

npm error Lifecycle script `typecheck` failed with error:
npm error code 3221225794
npm error path C:\layera\packages\typography
npm error workspace @layera/typography@1.0.0
npm error location C:\layera\packages\typography
npm error command failed
npm error command C:\WINDOWS\system32\cmd.exe /d /s /c tsc --noEmit


> @layera/ui@1.0.0 typecheck
> tsc --noEmit

npm error Lifecycle script `typecheck` failed with error:
npm error code 3221225794
npm error path C:\layera\packages\ui
npm error workspace @layera/ui@1.0.0
npm error location C:\layera\packages\ui
npm error command failed
npm error command C:\WINDOWS\system32\cmd.exe /d /s /c tsc --noEmit

