src/App.tsx(7,10): error TS2305: Module '"@layera/constants"' has no exported member 'getCardOrangeColor'.
src/App.tsx(7,30): error TS2305: Module '"@layera/constants"' has no exported member 'getCardInfoColor'.
src/App.tsx(7,48): error TS2305: Module '"@layera/constants"' has no exported member 'getCardInfoBorder'.
src/App.tsx(10,10): error TS2305: Module '"@layera/loading"' has no exported member 'LoadingSpinner'.
src/App.tsx(11,10): error TS2724: '"@layera/notifications"' has no exported member named 'NotificationProvider'. Did you mean 'NotificationProps'?
src/App.tsx(11,32): error TS2305: Module '"@layera/notifications"' has no exported member 'useNotifications'.
src/App.tsx(14,16): error TS2305: Module '"@layera/typography"' has no exported member 'Heading'.
src/App.tsx(33,11): error TS2345: Argument of type 'Record<string, unknown>' is not assignable to parameter of type '{ children: ReactNode; level?: string | undefined; onError?: ((error: Error, errorInfo: { componentStack: string; errorBoundary?: ComponentType<SVGProps<SVGSVGElement>> | null | undefined; errorBoundaryStack?: string | ... 1 more ... | undefined; }) => void) | undefined; }'.
  Property 'children' is missing in type 'Record<string, unknown>' but required in type '{ children: ReactNode; level?: string | undefined; onError?: ((error: Error, errorInfo: { componentStack: string; errorBoundary?: ComponentType<SVGProps<SVGSVGElement>> | null | undefined; errorBoundaryStack?: string | ... 1 more ... | undefined; }) => void) | undefined; }'.
src/App.tsx(144,11): error TS2322: Type '{ children: (string | Element)[]; variant: "primary"; size: string; onClick: () => void; }' is not assignable to type 'IntrinsicAttributes & ButtonProps'.
  Property 'size' does not exist on type 'IntrinsicAttributes & ButtonProps'.
src/App.tsx(147,32): error TS2322: Type '{ size: "xs"; marginRight: string; }' is not assignable to type 'IntrinsicAttributes & Omit<IconProps, "children" | "name">'.
  Property 'marginRight' does not exist on type 'IntrinsicAttributes & Omit<IconProps, "children" | "name">'.
src/App.tsx(153,11): error TS2322: Type '{ children: (string | Element)[]; variant: "primary"; size: string; onClick: () => void; }' is not assignable to type 'IntrinsicAttributes & ButtonProps'.
  Property 'size' does not exist on type 'IntrinsicAttributes & ButtonProps'.
src/App.tsx(156,34): error TS2322: Type '{ size: "xs"; marginRight: string; }' is not assignable to type 'IntrinsicAttributes & Omit<IconProps, "children" | "name">'.
  Property 'marginRight' does not exist on type 'IntrinsicAttributes & Omit<IconProps, "children" | "name">'.
src/App.tsx(162,11): error TS2322: Type '{ children: (string | Element)[]; variant: "primary"; size: string; onClick: () => void; }' is not assignable to type 'IntrinsicAttributes & ButtonProps'.
  Property 'size' does not exist on type 'IntrinsicAttributes & ButtonProps'.
src/App.tsx(165,31): error TS2322: Type '{ size: "xs"; marginRight: string; }' is not assignable to type 'IntrinsicAttributes & Omit<IconProps, "children" | "name">'.
  Property 'marginRight' does not exist on type 'IntrinsicAttributes & Omit<IconProps, "children" | "name">'.
src/App.tsx(171,11): error TS2322: Type '{ children: Element; variant: "primary"; size: string; onClick: () => void; disabled: boolean; }' is not assignable to type 'IntrinsicAttributes & ButtonProps'.
  Property 'size' does not exist on type 'IntrinsicAttributes & ButtonProps'.
src/App.tsx(177,38): error TS2322: Type '{ size: "xs"; marginRight: string; }' is not assignable to type 'IntrinsicAttributes & Omit<IconProps, "children" | "name">'.
  Property 'marginRight' does not exist on type 'IntrinsicAttributes & Omit<IconProps, "children" | "name">'.
src/App.tsx(243,24): error TS2322: Type '{ children: Element; defaultTheme: string; storageKey: string; }' is not assignable to type 'IntrinsicAttributes & { children: ReactNode; }'.
  Property 'defaultTheme' does not exist on type 'IntrinsicAttributes & { children: ReactNode; }'.
src/App.tsx(326,24): error TS2322: Type '{ children: Element; defaultTheme: string; storageKey: string; }' is not assignable to type 'IntrinsicAttributes & { children: ReactNode; }'.
  Property 'defaultTheme' does not exist on type 'IntrinsicAttributes & { children: ReactNode; }'.
src/App.tsx(372,19): error TS2322: Type '{ children: string; variant: "primary"; size: string; onClick: () => void; icon: Element; margin: string; marginBottom: string; shadow: string; }' is not assignable to type 'IntrinsicAttributes & ButtonProps'.
  Property 'size' does not exist on type 'IntrinsicAttributes & ButtonProps'.
src/App.tsx(451,19): error TS2322: Type '{ children: string; onClick: () => void; variant: "primary"; size: string; }' is not assignable to type 'IntrinsicAttributes & ButtonProps'.
  Property 'size' does not exist on type 'IntrinsicAttributes & ButtonProps'.
src/components/GeoHeader.tsx(3,10): error TS2305: Module '"@layera/layout"' has no exported member 'LayeraHeader'.
src/components/GeoHeader.tsx(3,10): error TS6133: 'LayeraHeader' is declared but its value is never read.
src/components/GeoHeader.tsx(3,24): error TS2305: Module '"@layera/layout"' has no exported member 'HeaderActionsGroup'.
src/components/GeoHeader.tsx(3,24): error TS6133: 'HeaderActionsGroup' is declared but its value is never read.
src/components/GeoHeader.tsx(5,25): error TS2305: Module '"@layera/theme-switcher"' has no exported member 'useTheme'.
src/components/GeoHeader.tsx(8,25): error TS6133: 'GlobeIcon' is declared but its value is never read.
src/components/GeoHeader.tsx(8,36): error TS6133: 'SettingsIcon' is declared but its value is never read.
src/components/GeoHeader.tsx(9,1): error TS6192: All imports in import declaration are unused.
src/components/GeoHeader.tsx(9,10): error TS2305: Module '"@layera/constants"' has no exported member 'SPACING_SCALE'.
src/components/GeoHeader.tsx(9,25): error TS2305: Module '"@layera/constants"' has no exported member 'getCardOrangeColor'.
src/components/GeoHeader.tsx(27,7): error TS6133: 'theme' is declared but its value is never read.
src/components/GeoHeader.tsx(28,7): error TS6133: 'toggleTheme' is declared but its value is never read.
src/components/GeoHeader.tsx(58,13): error TS2322: Type '"ghost"' is not assignable to type '"outline" | "primary" | "secondary" | undefined'.
src/components/GeoHeader.tsx(102,13): error TS2322: Type '{ children: string | false; variant: "primary"; size: string; icon: Element; onClick: () => void; title: string; }' is not assignable to type 'IntrinsicAttributes & ButtonProps'.
  Property 'size' does not exist on type 'IntrinsicAttributes & ButtonProps'.
src/components/GeoMapNew.tsx(8,49): error TS6133: 'useEffect' is declared but its value is never read.
src/components/GeoMapNew.tsx(18,10): error TS2305: Module '"@layera/constants"' has no exported member 'CONFIG'.
src/components/GeoMapNew.tsx(18,18): error TS2305: Module '"@layera/constants"' has no exported member 'PIPELINE_STEP'.
src/components/GeoMapNew.tsx(18,18): error TS6133: 'PIPELINE_STEP' is declared but its value is never read.
src/components/GeoMapNew.tsx(86,3): error TS6133: 'onCategoryElementsChange' is declared but its value is never read.
src/components/GeoMapNew.tsx(91,9): error TS6133: 't' is declared but its value is never read.
src/components/GeoMapNew.tsx(104,5): error TS2322: Type 'null' is not assignable to type 'ESCOOccupation'.
src/components/GeoMapNew.tsx(137,9): error TS2322: Type 'null' is not assignable to type 'ESCOOccupation'.
src/components/GeoMapNew.tsx(239,9): error TS2322: Type '() => void' is not assignable to type '() => ReactNode'.
  Type 'void' is not assignable to type 'ReactNode'.
src/components/GeoMapNew.tsx(246,9): error TS6133: 'handleNewEntryClick' is declared but its value is never read.
src/components/GeoMapNew.tsx(253,9): error TS6133: 'deviceType' is declared but its value is never read.
src/components/GeoMapNew.tsx(259,26): error TS2869: Right operand of ?? is unreachable because the left operand is never nullish.
src/components/GeoMapNew.tsx(266,8): error TS2322: Type '{ onAreaCreated?: ((area: DrawnArea) => void) | undefined; onNewEntryClick?: (() => void) | undefined; isMobileDevice: boolean; hideDrawingControls: boolean; }' is not assignable to type 'MapContainerProps'.
  Types of property 'onAreaCreated' are incompatible.
    Type '((area: DrawnArea) => void) | undefined' is not assignable to type '((area: { id: string; type: string; coordinates: number[][]; name: string; category: string; }) => void) | undefined'.
      Type '(area: DrawnArea) => void' is not assignable to type '(area: { id: string; type: string; coordinates: number[][]; name: string; category: string; }) => void'.
        Types of parameters 'area' and 'area' are incompatible.
          Type '{ id: string; type: string; coordinates: number[][]; name: string; category: string; }' is not assignable to type 'DrawnArea'.
            Types of property 'type' are incompatible.
              Type 'string' is not assignable to type '"polygon" | "marker"'.
src/components/GeoMapNew.tsx(273,8): error TS2322: Type '{ onAreaCreated?: ((area: DrawnArea) => void) | undefined; onNewEntryClick?: (() => void) | undefined; isMobileDevice: boolean; hideDrawingControls: boolean; }' is not assignable to type 'MapContainerProps'.
  Types of property 'onAreaCreated' are incompatible.
    Type '((area: DrawnArea) => void) | undefined' is not assignable to type '((area: { id: string; type: string; coordinates: number[][]; name: string; category: string; }) => void) | undefined'.
      Type '(area: DrawnArea) => void' is not assignable to type '(area: { id: string; type: string; coordinates: number[][]; name: string; category: string; }) => void'.
        Types of parameters 'area' and 'area' are incompatible.
          Type '{ id: string; type: string; coordinates: number[][]; name: string; category: string; }' is not assignable to type 'DrawnArea'.
            Types of property 'type' are incompatible.
              Type 'string' is not assignable to type '"polygon" | "marker"'.
src/components/GeoMapNew.tsx(278,6): error TS2322: Type '{ onAreaCreated?: ((area: DrawnArea) => void) | undefined; onNewEntryClick?: (() => void) | undefined; isMobileDevice: boolean; hideDrawingControls: boolean; }' is not assignable to type 'MapContainerProps'.
  Types of property 'onAreaCreated' are incompatible.
    Type '((area: DrawnArea) => void) | undefined' is not assignable to type '((area: { id: string; type: string; coordinates: number[][]; name: string; category: string; }) => void) | undefined'.
      Type '(area: DrawnArea) => void' is not assignable to type '(area: { id: string; type: string; coordinates: number[][]; name: string; category: string; }) => void'.
        Types of parameters 'area' and 'area' are incompatible.
          Type '{ id: string; type: string; coordinates: number[][]; name: string; category: string; }' is not assignable to type 'DrawnArea'.
            Types of property 'type' are incompatible.
              Type 'string' is not assignable to type '"polygon" | "marker"'.
src/components/GeoMapNew.tsx(281,9): error TS6133: 'mapComponents' is declared but its value is never read.
src/components/GeoMapNew.tsx(299,10): error TS2322: Type '{ onAreaCreated: ((area: DrawnArea) => void) | undefined; onNewEntryClick: (() => void) | undefined; isMobileDevice: boolean; hideDrawingControls: boolean; }' is not assignable to type 'MapContainerProps'.
  Types of property 'onAreaCreated' are incompatible.
    Type '((area: DrawnArea) => void) | undefined' is not assignable to type '((area: { id: string; type: string; coordinates: number[][]; name: string; category: string; }) => void) | undefined'.
      Type '(area: DrawnArea) => void' is not assignable to type '(area: { id: string; type: string; coordinates: number[][]; name: string; category: string; }) => void'.
        Types of parameters 'area' and 'area' are incompatible.
          Type '{ id: string; type: string; coordinates: number[][]; name: string; category: string; }' is not assignable to type 'DrawnArea'.
            Types of property 'type' are incompatible.
              Type 'string' is not assignable to type '"polygon" | "marker"'.
src/components/GeoMapNew.tsx(331,13): error TS2322: Type '(stepId: StepId, data?: Record<string, unknown>) => void' is not assignable to type '(stepId: StepId, data?: unknown) => void'.
  Types of parameters 'data' and 'data' are incompatible.
    Type 'unknown' is not assignable to type 'Record<string, unknown> | undefined'.
src/components/map/MapContainer.tsx(17,10): error TS2305: Module '"@layera/constants"' has no exported member 'SPACING_SCALE'.
src/components/map/MapContainer.tsx(17,10): error TS6133: 'SPACING_SCALE' is declared but its value is never read.
src/components/map/MapContainer.tsx(17,25): error TS2305: Module '"@layera/constants"' has no exported member 'BORDER_RADIUS_SCALE'.
src/components/map/MapContainer.tsx(17,25): error TS6133: 'BORDER_RADIUS_SCALE' is declared but its value is never read.
src/components/map/MapContainer.tsx(17,46): error TS2305: Module '"@layera/constants"' has no exported member 'DEVICE_BREAKPOINTS'.
src/components/map/MapContainer.tsx(17,66): error TS2305: Module '"@layera/constants"' has no exported member 'getCardSuccessColor'.
src/components/map/MapContainer.tsx(17,66): error TS6133: 'getCardSuccessColor' is declared but its value is never read.
src/components/map/MapContainer.tsx(17,87): error TS2305: Module '"@layera/constants"' has no exported member 'LEAFLET_MARKER_DIMENSIONS'.
src/components/map/MapContainer.tsx(17,114): error TS2305: Module '"@layera/constants"' has no exported member 'LEAFLET_ICON_SIZES'.
src/components/map/MapContainer.tsx(19,16): error TS2305: Module '"@layera/layout"' has no exported member 'FlexCenter'.
src/components/map/MapContainer.tsx(20,1): error TS6133: 'BOX_SHADOW_SCALE' is declared but its value is never read.
src/components/map/MapContainer.tsx(23,1): error TS6133: 'Button' is declared but its value is never read.
src/components/map/MapContainer.tsx(25,35): error TS6133: 'TrashIcon' is declared but its value is never read.
src/components/map/MapContainer.tsx(25,56): error TS6133: 'LocationIcon' is declared but its value is never read.
src/components/map/MapContainer.tsx(26,21): error TS7016: Could not find a declaration file for module '@layera/floating-action-buttons'. 'C:/layera/packages/floating-action-buttons/dist/index.js' implicitly has an 'any' type.
  Try `npm i --save-dev @types/layera__floating-action-buttons` if it exists or add a new declaration (.d.ts) file containing `declare module '@layera/floating-action-buttons';`
src/components/map/MapContainer.tsx(44,52): error TS6133: 'onAreaCreated' is declared but its value is never read.
src/components/map/MapContainer.tsx(44,84): error TS6133: 'hideDrawingControls' is declared but its value is never read.
src/components/map/MapContainer.tsx(44,113): error TS6133: 'isMobileDevice' is declared but its value is never read.
src/components/map/MapContainer.tsx(45,9): error TS6133: 't' is declared but its value is never read.
src/components/map/MapContainer.tsx(46,11): error TS6133: 'isDesktop' is declared but its value is never read.
src/components/map/MapContainer.tsx(46,22): error TS6133: 'isTablet' is declared but its value is never read.
src/components/map/MapContainer.tsx(57,13): error TS6133: 'debugInfo' is declared but its value is never read.
src/components/map/MapContainer.tsx(132,5): error TS2322: Type 'DivIcon' is not assignable to type 'void'.
src/components/map/MapContainer.tsx(151,7): error TS2322: Type 'void' is not assignable to type 'DivIcon | Icon<IconOptions> | undefined'.
src/components/map/MapContainer.tsx(447,9): error TS6133: 'isDrawing' is declared but its value is never read.
src/components/map/MapContainer.tsx(449,9): error TS6133: 'handleDrawingModeChange' is declared but its value is never read.
src/components/map/MapContainer.tsx(453,9): error TS6133: 'handleClearAll' is declared but its value is never read.
src/components/map/MapContainer.tsx(574,36): error TS2322: Type '"2"' is not assignable to type '"sm" | "xxs" | "xs" | "md" | "lg" | "xl" | "xxl" | "xxxl" | undefined'.
src/components/map/MapContainer.tsx(592,23): error TS2339: Property 'area' does not exist on type '{ id: string; type: string; coordinates: number[][]; name: string; category: string; }'.
src/components/map/MapContainer.tsx(603,38): error TS2339: Property 'area' does not exist on type '{ id: string; type: string; coordinates: number[][]; name: string; category: string; }'.
src/components/MapCanvas.tsx(10,1): error TS6192: All imports in import declaration are unused.
src/components/MapCanvas.tsx(10,10): error TS2305: Module '"@layera/constants"' has no exported member 'SPACING_SCALE'.
src/components/MapCanvas.tsx(10,25): error TS2305: Module '"@layera/constants"' has no exported member 'getCardInfoColor'.
src/components/MapCanvas.tsx(11,1): error TS6133: 'BOX_SHADOW_SCALE' is declared but its value is never read.
src/components/MapCanvas.tsx(14,21): error TS2307: Cannot find module '../map/core/MapCore' or its corresponding type declarations.
src/components/MapCanvas.tsx(18,1): error TS6192: All imports in import declaration are unused.
src/components/MapCanvas.tsx(18,44): error TS7016: Could not find a declaration file for module '@layera/geo-drawing'. 'C:/layera/node_modules/.pnpm/@layera+geo-drawing@file+packages+geo-drawing_react-dom@19.2.0_react@19.2.0__react@19.2.0/node_modules/@layera/geo-drawing/dist/index.js' implicitly has an 'any' type.
  Try `npm i --save-dev @types/layera__geo-drawing` if it exists or add a new declaration (.d.ts) file containing `declare module '@layera/geo-drawing';`
src/components/MapCanvas.tsx(73,9): error TS6133: 'handleAreaCreated' is declared but its value is never read.
src/components/MapCanvas.tsx(119,65): error TS6133: 'area' is declared but its value is never read.
src/components/MapCanvas.tsx(148,37): error TS2304: Cannot find name 'MAP_CONFIG'.
src/components/MapCanvas.tsx(148,77): error TS2304: Cannot find name 'MAP_CONFIG'.
src/components/MapCanvas.tsx(148,120): error TS2304: Cannot find name 'MAP_CONFIG'.
src/components/MapCanvas.tsx(152,11): error TS2322: Type '{ children: Element; onClick: () => Promise<void>; disabled: boolean; size: string; title: string; backgroundColor: string; boxShadow: string; padding: string; }' is not assignable to type 'IntrinsicAttributes & ButtonProps'.
  Property 'size' does not exist on type 'IntrinsicAttributes & ButtonProps'.
src/components/MapCanvas.tsx(162,22): error TS2304: Cannot find name 'MAP_CONFIG'.
src/components/MapCanvas.tsx(180,42): error TS2304: Cannot find name 'MAP_CONFIG'.
src/components/MapCanvas.tsx(180,83): error TS2304: Cannot find name 'MAP_CONFIG'.
src/components/MapCanvas.tsx(180,123): error TS2304: Cannot find name 'MAP_CONFIG'.
src/components/MapCanvas.tsx(180,165): error TS2304: Cannot find name 'MAP_CONFIG'.
src/components/MapCanvas.tsx(182,39): error TS2322: Type '"2"' is not assignable to type '"sm" | "xxs" | "xs" | "md" | "lg" | "xl" | "xxl" | "xxxl" | undefined'.
src/components/MapCanvas.tsx(184,24): error TS2304: Cannot find name 'MAP_CONFIG'.
src/components/SimpleMap.tsx(2,10): error TS2305: Module '"@layera/constants"' has no exported member 'SPACING_SCALE'.
src/components/SimpleMap.tsx(2,10): error TS6133: 'SPACING_SCALE' is declared but its value is never read.
src/components/SimpleMap.tsx(2,25): error TS2305: Module '"@layera/constants"' has no exported member 'BORDER_RADIUS_SCALE'.
src/components/SimpleMap.tsx(2,25): error TS6133: 'BORDER_RADIUS_SCALE' is declared but its value is never read.
src/components/SimpleMap.tsx(2,46): error TS2305: Module '"@layera/constants"' has no exported member 'getCardOrangeColor'.
src/components/SimpleMap.tsx(2,46): error TS6133: 'getCardOrangeColor' is declared but its value is never read.
src/components/SimpleMap.tsx(2,66): error TS2305: Module '"@layera/constants"' has no exported member 'CONFIG'.
src/components/SimpleMap.tsx(2,74): error TS2305: Module '"@layera/constants"' has no exported member 'ANIMATION_DURATIONS'.
src/components/SimpleMap.tsx(3,15): error TS2305: Module '"@layera/layout"' has no exported member 'FlexCenter'.
src/components/SimpleNavigationRail.tsx(2,1): error TS6133: 'Button' is declared but its value is never read.
src/components/SimpleNavigationRail.tsx(3,1): error TS6192: All imports in import declaration are unused.
src/components/SimpleNavigationRail.tsx(14,75): error TS6198: All destructured elements are unused.
src/components/SimpleNavigationRail.tsx(19,6): error TS2741: Property 'children' is missing in type '{ direction: "column"; align: "center"; padding: string; height: string; width: string; }' but required in type 'FlexProps'.
src/components/steps/areaMethod/AreaMethodCard.tsx(60,50): error TS2345: Argument of type 'string' is not assignable to parameter of type 'Record<string, unknown>'.
src/components/steps/areaMethod/AreaMethodStep.tsx(19,10): error TS2305: Module '"@layera/layout"' has no exported member 'useGeoAlertLayout'.
src/components/steps/areaMethod/AreaMethodStep.tsx(20,1): error TS6133: 'SPACING_SCALE' is declared but its value is never read.
src/components/steps/areaMethod/AreaMethodStep.tsx(20,10): error TS2305: Module '"@layera/constants"' has no exported member 'SPACING_SCALE'.
src/components/steps/areaMethod/AreaMethodStep.tsx(40,3): error TS6133: 'deviceProps' is declared but its value is never read.
src/components/steps/areaMethod/AreaMethodStep.tsx(42,9): error TS6133: 't' is declared but its value is never read.
src/components/steps/areaMethod/AreaMethodStep.tsx(43,10): error TS6133: 'selectedMethod' is declared but its value is never read.
src/components/steps/areaMethod/AreaMethodStep.tsx(48,9): error TS6133: 'containerStyles' is declared but its value is never read.
src/components/steps/areaMethod/AreaMethodStep.tsx(138,9): error TS2322: Type '(area: number) => void' is not assignable to type '(area: number) => ReactNode'.
  Type 'void' is not assignable to type 'ReactNode'.
src/components/steps/areaMethod/AreaMethodStep.tsx(139,9): error TS2322: Type '() => void' is not assignable to type '() => ReactNode'.
  Type 'void' is not assignable to type 'ReactNode'.
src/components/steps/areaMethod/AreaMethodStep.tsx(154,32): error TS2322: Type 'Promise<void>' is not assignable to type 'void'.
src/components/steps/areaMethod/AreaMethodStep.tsx(154,32): error TS2322: Type 'void' is not assignable to type 'ReactNode'.
src/components/steps/areaMethod/InteractiveAreaMeasurement.tsx(19,16): error TS2305: Module '"@layera/typography"' has no exported member 'Heading'.
src/components/steps/areaMethod/InteractiveAreaMeasurement.tsx(28,1): error TS6133: 'SPACING_SCALE' is declared but its value is never read.
src/components/steps/areaMethod/InteractiveAreaMeasurement.tsx(28,10): error TS2305: Module '"@layera/constants"' has no exported member 'SPACING_SCALE'.
src/components/steps/areaMethod/InteractiveAreaMeasurement.tsx(31,1): error TS6192: All imports in import declaration are unused.
src/components/steps/areaMethod/InteractiveAreaMeasurement.tsx(31,57): error TS7016: Could not find a declaration file for module '@layera/geo-drawing'. 'C:/layera/node_modules/.pnpm/@layera+geo-drawing@file+packages+geo-drawing_react-dom@19.2.0_react@19.2.0__react@19.2.0/node_modules/@layera/geo-drawing/dist/index.js' implicitly has an 'any' type.
  Try `npm i --save-dev @types/layera__geo-drawing` if it exists or add a new declaration (.d.ts) file containing `declare module '@layera/geo-drawing';`
src/components/steps/areaMethod/InteractiveAreaMeasurement.tsx(46,3): error TS6133: 'style' is declared but its value is never read.
src/components/steps/areaMethod/InteractiveAreaMeasurement.tsx(48,9): error TS6133: 't' is declared but its value is never read.
src/components/steps/areaMethod/InteractiveAreaMeasurement.tsx(63,15): error TS2339: Property 'latlng' does not exist on type 'MouseEvent<HTMLElement, MouseEvent>'.
src/components/steps/areaMethod/InteractiveAreaMeasurement.tsx(76,12): error TS2769: No overload matches this call.
  Overload 1 of 2, '(type: keyof WindowEventMap, listener: (this: Window, ev: Event | ToggleEvent | ProgressEvent<EventTarget> | ErrorEvent | ... 27 more ... | StorageEvent) => any, options?: boolean | ... 1 more ... | undefined): void', gave the following error.
    Argument of type '"measurementMapClick"' is not assignable to parameter of type 'keyof WindowEventMap'.
  Overload 2 of 2, '(type: string, listener: EventListenerOrEventListenerObject, options?: boolean | AddEventListenerOptions | undefined): void', gave the following error.
    Argument of type '(event: React.MouseEvent<HTMLElement>) => void' is not assignable to parameter of type 'EventListenerOrEventListenerObject'.
      Type '(event: React.MouseEvent<HTMLElement>) => void' is not assignable to type 'EventListener'.
        Types of parameters 'event' and 'evt' are incompatible.
          Type 'Event' is missing the following properties from type 'MouseEvent<HTMLElement, MouseEvent>': altKey, button, buttons, clientX, and 18 more.
src/components/steps/areaMethod/InteractiveAreaMeasurement.tsx(80,14): error TS2769: No overload matches this call.
  Overload 1 of 2, '(type: keyof WindowEventMap, listener: (this: Window, ev: Event | ToggleEvent | ProgressEvent<EventTarget> | ErrorEvent | ... 27 more ... | StorageEvent) => any, options?: boolean | ... 1 more ... | undefined): void', gave the following error.
    Argument of type '"measurementMapClick"' is not assignable to parameter of type 'keyof WindowEventMap'.
  Overload 2 of 2, '(type: string, listener: EventListenerOrEventListenerObject, options?: boolean | EventListenerOptions | undefined): void', gave the following error.
    Argument of type '(event: React.MouseEvent<HTMLElement>) => void' is not assignable to parameter of type 'EventListenerOrEventListenerObject'.
      Type '(event: React.MouseEvent<HTMLElement>) => void' is not assignable to type 'EventListener'.
        Types of parameters 'event' and 'evt' are incompatible.
          Type 'Event' is missing the following properties from type 'MouseEvent<HTMLElement, MouseEvent>': altKey, button, buttons, clientX, and 18 more.
src/components/steps/areaMethod/InteractiveAreaMeasurement.tsx(168,32): error TS2322: Type '"var(--la-space-4)"' is not assignable to type '"sm" | "xxs" | "xs" | "md" | "lg" | "xl" | "xxl" | "xxxl" | undefined'.
src/components/steps/areaMethod/InteractiveAreaMeasurement.tsx(185,33): error TS2322: Type '"var(--la-space-3)"' is not assignable to type '"sm" | "xxs" | "xs" | "md" | "lg" | "xl" | "xxl" | "xxxl" | undefined'.
src/components/steps/areaMethod/InteractiveAreaMeasurement.tsx(215,17): error TS2322: Type '{ children: (string | Element)[]; variant: "primary"; size: string; onClick: () => void; fullWidth: true; }' is not assignable to type 'IntrinsicAttributes & ButtonProps'.
  Property 'size' does not exist on type 'IntrinsicAttributes & ButtonProps'.
src/components/steps/areaMethod/InteractiveAreaMeasurement.tsx(226,17): error TS2322: Type '"success"' is not assignable to type '"outline" | "primary" | "secondary" | undefined'.
src/components/steps/areaMethod/InteractiveAreaMeasurement.tsx(238,17): error TS2322: Type '"success"' is not assignable to type '"outline" | "primary" | "secondary" | undefined'.
src/components/steps/areaMethod/InteractiveAreaMeasurement.tsx(250,15): error TS2322: Type '{ children: (string | Element)[]; variant: "outline"; size: string; onClick: () => void; width: string; }' is not assignable to type 'IntrinsicAttributes & ButtonProps'.
  Property 'size' does not exist on type 'IntrinsicAttributes & ButtonProps'.
src/components/steps/availability/AvailabilityCard.tsx(10,10): error TS6133: 'CheckIcon' is declared but its value is never read.
src/components/steps/availability/AvailabilityStep.tsx(23,3): error TS6133: 'context' is declared but its value is never read.
src/components/steps/availability/AvailabilityStep.tsx(28,3): error TS6133: 'deviceProps' is declared but its value is never read.
src/components/steps/availability/AvailabilityStep.tsx(59,9): error TS6133: 'containerStyles' is declared but its value is never read.
src/components/steps/availability/AvailabilityStep.tsx(64,13): error TS2304: Cannot find name 'Z_INDEX_LAYERS'.
src/components/steps/availability/AvailabilityStep.tsx(76,44): error TS2345: Argument of type 'string' is not assignable to parameter of type 'Record<string, unknown>'.
src/components/steps/availability/AvailabilityStep.tsx(77,56): error TS2345: Argument of type 'string' is not assignable to parameter of type 'Record<string, unknown>'.
src/components/steps/availability/AvailabilityStep.tsx(78,30): error TS2322: Type 'Promise<void>' is not assignable to type 'void'.
src/components/steps/availability/AvailabilityStep.tsx(78,30): error TS2322: Type 'void' is not assignable to type 'ReactNode'.
src/components/steps/availability/AvailabilityStep.tsx(85,47): error TS2345: Argument of type 'string' is not assignable to parameter of type 'Record<string, unknown>'.
src/components/steps/availability/AvailabilityStep.tsx(86,59): error TS2345: Argument of type 'string' is not assignable to parameter of type 'Record<string, unknown>'.
src/components/steps/availability/AvailabilityStep.tsx(87,30): error TS2322: Type 'Promise<void>' is not assignable to type 'void'.
src/components/steps/availability/AvailabilityStep.tsx(87,30): error TS2322: Type 'void' is not assignable to type 'ReactNode'.
src/components/steps/availabilityDetails/AvailabilityDetailsForm.tsx(9,10): error TS2305: Module '"@layera/forms"' has no exported member 'DatePicker'.
src/components/steps/availabilityDetails/AvailabilityDetailsForm.tsx(9,22): error TS2305: Module '"@layera/forms"' has no exported member 'NumericInput'.
src/components/steps/availabilityDetails/AvailabilityDetailsForm.tsx(9,36): error TS2305: Module '"@layera/forms"' has no exported member 'Select'.
src/components/steps/availabilityDetails/AvailabilityDetailsForm.tsx(30,51): error TS2345: Argument of type 'string' is not assignable to parameter of type 'Record<string, unknown>'.
src/components/steps/availabilityDetails/AvailabilityDetailsForm.tsx(35,88): error TS2339: Property 'value' does not exist on type 'EventTarget'.
src/components/steps/availabilityDetails/AvailabilityDetailsForm.tsx(36,65): error TS2345: Argument of type 'string' is not assignable to parameter of type 'Record<string, unknown>'.
src/components/steps/availabilityDetails/AvailabilityDetailsForm.tsx(46,50): error TS2345: Argument of type 'string' is not assignable to parameter of type 'Record<string, unknown>'.
src/components/steps/availabilityDetails/AvailabilityDetailsForm.tsx(51,92): error TS2339: Property 'value' does not exist on type 'EventTarget'.
src/components/steps/availabilityDetails/AvailabilityDetailsForm.tsx(51,116): error TS2339: Property 'value' does not exist on type 'EventTarget'.
src/components/steps/availabilityDetails/AvailabilityDetailsForm.tsx(52,69): error TS2345: Argument of type 'string' is not assignable to parameter of type 'Record<string, unknown>'.
src/components/steps/availabilityDetails/AvailabilityDetailsForm.tsx(63,46): error TS2345: Argument of type 'string' is not assignable to parameter of type 'Record<string, unknown>'.
src/components/steps/availabilityDetails/AvailabilityDetailsForm.tsx(68,88): error TS2339: Property 'value' does not exist on type 'EventTarget'.
src/components/steps/availabilityDetails/AvailabilityDetailsForm.tsx(70,71): error TS2345: Argument of type 'string' is not assignable to parameter of type 'Record<string, unknown>'.
src/components/steps/availabilityDetails/AvailabilityDetailsForm.tsx(71,69): error TS2345: Argument of type 'string' is not assignable to parameter of type 'Record<string, unknown>'.
src/components/steps/availabilityDetails/AvailabilityDetailsStep.tsx(12,34): error TS6133: 'FormIcon' is declared but its value is never read.
src/components/steps/availabilityDetails/AvailabilityDetailsStep.tsx(26,3): error TS6133: 'context' is declared but its value is never read.
src/components/steps/availabilityDetails/AvailabilityDetailsStep.tsx(31,3): error TS6133: 'deviceProps' is declared but its value is never read.
src/components/steps/availabilityDetails/AvailabilityDetailsStep.tsx(80,9): error TS6133: 'containerStyles' is declared but its value is never read.
src/components/steps/availabilityDetails/AvailabilityDetailsStep.tsx(103,66): error TS2345: Argument of type 'string' is not assignable to parameter of type 'Record<string, unknown>'.
src/components/steps/availabilityDetails/AvailabilityDetailsStep.tsx(104,63): error TS2345: Argument of type 'string' is not assignable to parameter of type 'Record<string, unknown>'.
src/components/steps/availabilityDetails/AvailabilityDetailsStep.tsx(116,13): error TS2322: Type '(field: keyof AvailabilityDetails, value: unknown) => void' is not assignable to type '(field: keyof AvailabilityDetails, value: unknown) => ReactNode'.
  Type 'void' is not assignable to type 'ReactNode'.
src/components/steps/availabilityDetails/AvailabilityDetailsStep.tsx(122,50): error TS2345: Argument of type 'string' is not assignable to parameter of type 'Record<string, unknown>'.
src/components/steps/availabilityDetails/AvailabilityDetailsStep.tsx(123,83): error TS2345: Argument of type 'string' is not assignable to parameter of type 'Record<string, unknown>'.
src/components/steps/availabilityDetails/AvailabilityDetailsStep.tsx(123,151): error TS2345: Argument of type 'string' is not assignable to parameter of type 'Record<string, unknown>'.
src/components/steps/availabilityDetails/index.ts(7,10): error TS2305: Module '"@layera/constants"' has no exported member 'WORKFLOW_ORDER'.
src/components/steps/category/CategoryCard.tsx(34,3): error TS6133: 'context' is declared but its value is never read.
src/components/steps/category/CategoryCard.tsx(40,3): error TS6133: 'variant' is declared but its value is never read.
src/components/steps/category/CategoryCard.tsx(41,3): error TS6133: 'opacity' is declared but its value is never read.
src/components/steps/category/CategoryStep.tsx(20,10): error TS2305: Module '"@layera/layout"' has no exported member 'useGeoAlertLayout'.
src/components/steps/category/CategoryStep.tsx(32,3): error TS6133: 'context' is declared but its value is never read.
src/components/steps/category/CategoryStep.tsx(33,3): error TS6133: 'onNext' is declared but its value is never read.
src/components/steps/category/CategoryStep.tsx(37,3): error TS6133: 'deviceProps' is declared but its value is never read.
src/components/steps/category/CategoryStep.tsx(105,9): error TS6133: 'containerStyles' is declared but its value is never read.
src/components/steps/category/CategoryStep.tsx(144,9): error TS2322: Type '() => void' is not assignable to type '() => ReactNode'.
  Type 'void' is not assignable to type 'ReactNode'.
src/components/steps/category/CategoryStep.tsx(148,48): error TS2339: Property 'title' does not exist on type 'Promise<InfoPanelContent> | { title: string; content: string; type: "info"; }'.
  Property 'title' does not exist on type 'Promise<InfoPanelContent>'.
src/components/steps/category/CategoryStep.tsx(149,50): error TS2339: Property 'content' does not exist on type 'Promise<InfoPanelContent> | { title: string; content: string; type: "info"; }'.
  Property 'content' does not exist on type 'Promise<InfoPanelContent>'.
src/components/steps/category/CategoryStep.tsx(150,50): error TS2339: Property 'type' does not exist on type 'Promise<InfoPanelContent> | { title: string; content: string; type: "info"; }'.
  Property 'type' does not exist on type 'Promise<InfoPanelContent>'.
src/components/steps/category/CategoryStep.tsx(151,9): error TS2322: Type '(cardId: "property" | "job") => Promise<InfoPanelContent> | { title: string; content: string; type: "info"; }' is not assignable to type '(cardId: string) => Promise<{ title: string; content: string; }> | { title: string; content: string; }'.
  Types of parameters 'cardId' and 'cardId' are incompatible.
    Type 'string' is not assignable to type '"property" | "job"'.
src/components/steps/category/index.ts(8,1): error TS6133: 'React' is declared but its value is never read.
src/components/steps/category/index.ts(11,1): error TS6133: 'CategoryCard' is declared but its value is never read.
src/components/steps/category/index.ts(12,1): error TS6192: All imports in import declaration are unused.
src/components/steps/complete/CompleteStep.tsx(11,10): error TS2305: Module '"@layera/constants"' has no exported member 'SPACING_SCALE'.
src/components/steps/complete/CompleteStep.tsx(11,25): error TS2305: Module '"@layera/constants"' has no exported member 'BORDER_RADIUS_SCALE'.
src/components/steps/complete/CompleteStep.tsx(11,25): error TS6133: 'BORDER_RADIUS_SCALE' is declared but its value is never read.
src/components/steps/complete/CompleteStep.tsx(11,46): error TS2305: Module '"@layera/constants"' has no exported member 'getCardInfoColor'.
src/components/steps/complete/CompleteStep.tsx(11,64): error TS2305: Module '"@layera/constants"' has no exported member 'ANIMATION_DURATIONS'.
src/components/steps/complete/CompleteStep.tsx(27,3): error TS6133: 'onNext' is declared but its value is never read.
src/components/steps/complete/CompleteStep.tsx(31,3): error TS6133: 'deviceProps' is declared but its value is never read.
src/components/steps/complete/CompleteStep.tsx(118,9): error TS6133: 'containerStyles' is declared but its value is never read.
src/components/steps/complete/CompleteStep.tsx(123,13): error TS2304: Cannot find name 'Z_INDEX_LAYERS'.
src/components/steps/complete/CompleteStep.tsx(136,44): error TS2345: Argument of type 'string' is not assignable to parameter of type 'Record<string, unknown>'.
src/components/steps/complete/CompleteStep.tsx(151,11): error TS2322: Type '"var(--la-cards-gap)"' is not assignable to type '"sm" | "xxs" | "xs" | "md" | "lg" | "xl" | "xxl" | "xxxl" | undefined'.
src/components/steps/complete/CompleteStep.tsx(156,44): error TS2345: Argument of type 'string' is not assignable to parameter of type 'Record<string, unknown>'.
src/components/steps/complete/CompleteStep.tsx(172,43): error TS2345: Argument of type 'string' is not assignable to parameter of type 'Record<string, unknown>'.
src/components/steps/complete/CompleteStep.tsx(173,55): error TS2345: Argument of type 'string' is not assignable to parameter of type 'Record<string, unknown>'.
src/components/steps/complete/CompleteStep.tsx(183,41): error TS2345: Argument of type 'string' is not assignable to parameter of type 'Record<string, unknown>'.
src/components/steps/complete/CompleteStep.tsx(184,53): error TS2345: Argument of type 'string' is not assignable to parameter of type 'Record<string, unknown>'.
src/components/steps/complete/index.ts(7,10): error TS2305: Module '"@layera/constants"' has no exported member 'WORKFLOW_ORDER'.
src/components/steps/employmentType/EmploymentTypeStep.tsx(11,1): error TS6133: 'CONFIG' is declared but its value is never read.
src/components/steps/employmentType/EmploymentTypeStep.tsx(11,10): error TS2305: Module '"@layera/constants"' has no exported member 'CONFIG'.
src/components/steps/employmentType/EmploymentTypeStep.tsx(24,3): error TS6133: 'context' is declared but its value is never read.
src/components/steps/employmentType/EmploymentTypeStep.tsx(29,3): error TS6133: 'deviceProps' is declared but its value is never read.
src/components/steps/employmentType/EmploymentTypeStep.tsx(31,9): error TS6133: 't' is declared but its value is never read.
src/components/steps/employmentType/EmploymentTypeStep.tsx(37,23): error TS2304: Cannot find name 'DEMO_PROPERTY_DATA'.
src/components/steps/employmentType/EmploymentTypeStep.tsx(42,37): error TS2304: Cannot find name 'DEMO_PROPERTY_DATA'.
src/components/steps/employmentType/EmploymentTypeStep.tsx(83,9): error TS6133: 'containerStyles' is declared but its value is never read.
src/components/steps/employmentType/EmploymentTypeStep.tsx(99,16): error TS18046: 'type' is of type 'unknown'.
src/components/steps/employmentType/EmploymentTypeStep.tsx(100,27): error TS18046: 'type' is of type 'unknown'.
src/components/steps/employmentType/EmploymentTypeStep.tsx(101,18): error TS18046: 'type' is of type 'unknown'.
src/components/steps/employmentType/EmploymentTypeStep.tsx(102,24): error TS18046: 'type' is of type 'unknown'.
src/components/steps/employmentType/EmploymentTypeStep.tsx(103,32): error TS2322: Type 'Promise<void>' is not assignable to type 'void'.
src/components/steps/employmentType/EmploymentTypeStep.tsx(103,32): error TS2322: Type 'void' is not assignable to type 'ReactNode'.
src/components/steps/employmentType/EmploymentTypeStep.tsx(103,62): error TS18046: 'type' is of type 'unknown'.
src/components/steps/employmentType/EmploymentTypeStep.tsx(104,48): error TS18046: 'type' is of type 'unknown'.
src/components/steps/employmentType/index.ts(28,5): error TS2353: Object literal may only specify known properties, and 'description' does not exist in type '{ category?: CategoryType | undefined; intent?: IntentType | undefined; isOptional?: boolean | undefined; estimatedTime?: number | undefined; }'.
src/components/steps/index.ts(22,1): error TS2308: Module './types' has already exported a member named 'TransactionType'. Consider explicitly re-exporting to resolve the ambiguity.
src/components/steps/index.ts(23,1): error TS2308: Module './types' has already exported a member named 'ESCOOccupation'. Consider explicitly re-exporting to resolve the ambiguity.
src/components/steps/index.ts(24,15): error TS2307: Cannot find module './details' or its corresponding type declarations.
src/components/steps/index.ts(36,1): error TS2308: Module './types' has already exported a member named 'EmploymentType'. Consider explicitly re-exporting to resolve the ambiguity.
src/components/steps/index.ts(68,3): error TS2322: Type '{ totalSteps: number; registeredSteps: StepId[]; currentFlow: string; stepOrder: { id: StepId; order: number; }[]; }' is not assignable to type 'void'.
src/components/steps/intent/index.ts(38,26): error TS6133: 'intent' is declared but its value is never read.
src/components/steps/intent/index.ts(51,26): error TS6133: 'intent' is declared but its value is never read.
src/components/steps/intent/IntentCard.tsx(37,3): error TS6133: 'context' is declared but its value is never read.
src/components/steps/intent/IntentCard.tsx(44,3): error TS6133: 'opacity' is declared but its value is never read.
src/components/steps/intent/IntentStep.tsx(18,10): error TS2305: Module '"@layera/layout"' has no exported member 'useGeoAlertLayout'.
src/components/steps/intent/IntentStep.tsx(44,3): error TS6133: 'deviceProps' is declared but its value is never read.
src/components/steps/intent/IntentStep.tsx(52,10): error TS6133: 'selectedIntent' is declared but its value is never read.
src/components/steps/intent/IntentStep.tsx(130,9): error TS6133: 'containerStyles' is declared but its value is never read.
src/components/steps/intent/IntentStep.tsx(147,58): error TS2769: No overload matches this call.
  The last overload gave the following error.
    Object literal may only specify known properties, and 'size' does not exist in type 'Attributes'.
src/components/steps/intent/IntentStep.tsx(162,11): error TS2322: Type '() => void' is not assignable to type '() => ReactNode'.
  Type 'void' is not assignable to type 'ReactNode'.
src/components/steps/intent/IntentStep.tsx(166,50): error TS2339: Property 'title' does not exist on type 'Promise<InfoPanelContent> | { title: string; content: string; type: "info"; }'.
  Property 'title' does not exist on type 'Promise<InfoPanelContent>'.
src/components/steps/intent/IntentStep.tsx(167,52): error TS2339: Property 'content' does not exist on type 'Promise<InfoPanelContent> | { title: string; content: string; type: "info"; }'.
  Property 'content' does not exist on type 'Promise<InfoPanelContent>'.
src/components/steps/intent/IntentStep.tsx(168,52): error TS2339: Property 'type' does not exist on type 'Promise<InfoPanelContent> | { title: string; content: string; type: "info"; }'.
  Property 'type' does not exist on type 'Promise<InfoPanelContent>'.
src/components/steps/layout/index.ts(7,10): error TS2305: Module '"@layera/constants"' has no exported member 'WORKFLOW_ORDER'.
src/components/steps/layout/LayoutStep.tsx(11,10): error TS2305: Module '"@layera/constants"' has no exported member 'SPACING_SCALE'.
src/components/steps/layout/LayoutStep.tsx(11,10): error TS6133: 'SPACING_SCALE' is declared but its value is never read.
src/components/steps/layout/LayoutStep.tsx(11,25): error TS2305: Module '"@layera/constants"' has no exported member 'BORDER_RADIUS_SCALE'.
src/components/steps/layout/LayoutStep.tsx(11,25): error TS6133: 'BORDER_RADIUS_SCALE' is declared but its value is never read.
src/components/steps/layout/LayoutStep.tsx(11,46): error TS2305: Module '"@layera/constants"' has no exported member 'getCardSuccessColor'.
src/components/steps/layout/LayoutStep.tsx(11,67): error TS2305: Module '"@layera/constants"' has no exported member 'Z_INDEX_LAYERS'.
src/components/steps/layout/LayoutStep.tsx(26,3): error TS6133: 'context' is declared but its value is never read.
src/components/steps/layout/LayoutStep.tsx(31,3): error TS6133: 'deviceProps' is declared but its value is never read.
src/components/steps/layout/LayoutStep.tsx(33,9): error TS6133: 't' is declared but its value is never read.
src/components/steps/layout/LayoutStep.tsx(104,9): error TS6133: 'containerStyles' is declared but its value is never read.
src/components/steps/layout/LayoutToolCard.tsx(30,3): error TS6133: 'isActive' is declared but its value is never read.
src/components/steps/location/index.ts(7,10): error TS2305: Module '"@layera/constants"' has no exported member 'WORKFLOW_ORDER'.
src/components/steps/location/LocationStep.tsx(13,40): error TS6133: 'useEffect' is declared but its value is never read.
src/components/steps/location/LocationStep.tsx(17,10): error TS2305: Module '"@layera/constants"' has no exported member 'SPACING_SCALE'.
src/components/steps/location/LocationStep.tsx(17,10): error TS6133: 'SPACING_SCALE' is declared but its value is never read.
src/components/steps/location/LocationStep.tsx(17,25): error TS2305: Module '"@layera/constants"' has no exported member 'CSS_DESIGN_TOKENS'.
src/components/steps/location/LocationStep.tsx(17,44): error TS2305: Module '"@layera/constants"' has no exported member 'FIXED_DIMENSIONS'.
src/components/steps/location/LocationStep.tsx(27,10): error TS2305: Module '"@layera/layout"' has no exported member 'useGeoAlertLayout'.
src/components/steps/location/LocationStep.tsx(29,15): error TS6196: 'LocationMethodType' is declared but never used.
src/components/steps/location/LocationStep.tsx(59,9): error TS2322: Type '{ backgroundColor: string; border: string; color: string; '::placeholder': { color: string; }; }' is not assignable to type 'void'.
src/components/steps/location/LocationStep.tsx(66,9): error TS2322: Type '{ backgroundColor: string; border: string; color: string; '::placeholder': { color: string; }; }' is not assignable to type 'void'.
src/components/steps/location/LocationStep.tsx(73,9): error TS2322: Type '{ backgroundColor: string; border: string; color: string; '::placeholder': { color: string; }; }' is not assignable to type 'void'.
src/components/steps/location/LocationStep.tsx(82,9): error TS6133: 'inputStyles' is declared but its value is never read.
src/components/steps/location/LocationStep.tsx(87,9): error TS2322: Type 'string' is not assignable to type 'void'.
src/components/steps/location/LocationStep.tsx(89,9): error TS2322: Type 'string' is not assignable to type 'void'.
src/components/steps/location/LocationStep.tsx(91,9): error TS2322: Type 'string' is not assignable to type 'void'.
src/components/steps/location/LocationStep.tsx(98,9): error TS2322: Type 'string' is not assignable to type 'void'.
src/components/steps/location/LocationStep.tsx(100,9): error TS2322: Type 'string' is not assignable to type 'void'.
src/components/steps/location/LocationStep.tsx(102,9): error TS2322: Type 'string' is not assignable to type 'void'.
src/components/steps/location/LocationStep.tsx(112,43): error TS2322: Type 'void' is not assignable to type 'string | undefined'.
src/components/steps/location/LocationStep.tsx(119,26): error TS2304: Cannot find name 't'.
src/components/steps/location/LocationStep.tsx(120,13): error TS2322: Type '"default"' is not assignable to type '"outline" | "ghost" | "solid" | undefined'.
src/components/steps/location/LocationStep.tsx(121,13): error TS2322: Type '"medium"' is not assignable to type '"sm" | "md" | "lg" | undefined'.
src/components/steps/location/LocationStep.tsx(127,44): error TS2322: Type 'void' is not assignable to type 'string | undefined'.
src/components/steps/location/LocationStep.tsx(164,3): error TS6133: 'deviceProps' is declared but its value is never read.
src/components/steps/location/LocationStep.tsx(190,16): error TS6133: 'query' is declared but its value is never read.
src/components/steps/location/LocationStep.tsx(199,36): error TS2339: Property 'selectedAvailability' does not exist on type 'StepContext'.
src/components/steps/location/LocationStep.tsx(288,7): error TS2322: Type 'unknown' is not assignable to type 'GeocodeResult | undefined'.
src/components/steps/location/LocationStep.tsx(367,9): error TS6133: 'cardCount' is declared but its value is never read.
src/components/steps/location/LocationStep.tsx(370,9): error TS6133: 'containerStyles' is declared but its value is never read.
src/components/steps/location/LocationStep.tsx(444,56): error TS2322: Type '{ size: "sm"; theme: "success"; marginRight: string; }' is not assignable to type 'IntrinsicAttributes & Omit<IconProps, "children" | "name">'.
  Property 'marginRight' does not exist on type 'IntrinsicAttributes & Omit<IconProps, "children" | "name">'.
src/components/steps/location/LocationStep.tsx(461,15): error TS2322: Type '(e: React.ChangeEvent<HTMLInputElement>) => void' is not assignable to type '(e: ChangeEvent<HTMLInputElement>) => ReactNode'.
  Type 'void' is not assignable to type 'ReactNode'.
src/components/steps/location/LocationStep.tsx(476,24): error TS18046: 'result' is of type 'unknown'.
src/components/steps/location/LocationStep.tsx(478,26): error TS18046: 'result' is of type 'unknown'.
src/components/steps/location/LocationStep.tsx(479,32): error TS18046: 'result' is of type 'unknown'.
src/components/steps/location/LocationStep.tsx(479,61): error TS18046: 'result' is of type 'unknown'.
src/components/steps/location/LocationStep.tsx(496,57): error TS2322: Type '{ size: "sm"; theme: "success"; marginRight: string; }' is not assignable to type 'IntrinsicAttributes & Omit<IconProps, "children" | "name">'.
  Property 'marginRight' does not exist on type 'IntrinsicAttributes & Omit<IconProps, "children" | "name">'.
src/components/steps/location/LocationStep.tsx(523,9): error TS2322: Type '() => void' is not assignable to type '() => ReactNode'.
  Type 'void' is not assignable to type 'ReactNode'.
src/components/steps/location/LocationStep.tsx(527,48): error TS2339: Property 'title' does not exist on type 'Promise<InfoPanelContent> | { title: string; content: string; type: "info"; }'.
  Property 'title' does not exist on type 'Promise<InfoPanelContent>'.
src/components/steps/location/LocationStep.tsx(528,50): error TS2339: Property 'content' does not exist on type 'Promise<InfoPanelContent> | { title: string; content: string; type: "info"; }'.
  Property 'content' does not exist on type 'Promise<InfoPanelContent>'.
src/components/steps/location/LocationStep.tsx(529,50): error TS2339: Property 'type' does not exist on type 'Promise<InfoPanelContent> | { title: string; content: string; type: "info"; }'.
  Property 'type' does not exist on type 'Promise<InfoPanelContent>'.
src/components/steps/location/LocationStep.tsx(530,9): error TS2322: Type '(cardId: "search" | "upload" | "drawing") => Promise<InfoPanelContent> | { title: string; content: string; type: "info"; }' is not assignable to type '(cardId: string) => Promise<{ title: string; content: string; }> | { title: string; content: string; }'.
  Types of parameters 'cardId' and 'cardId' are incompatible.
    Type 'string' is not assignable to type '"search" | "upload" | "drawing"'.
src/components/steps/occupation/ESCOSearchComponent.tsx(11,10): error TS6133: 'Stack' is declared but its value is never read.
src/components/steps/occupation/ESCOSearchComponent.tsx(12,10): error TS2305: Module '"@layera/constants"' has no exported member 'SPACING_SCALE'.
src/components/steps/occupation/ESCOSearchComponent.tsx(12,25): error TS2305: Module '"@layera/constants"' has no exported member 'TABLE_COLUMN_WIDTHS'.
src/components/steps/occupation/ESCOSearchComponent.tsx(12,46): error TS2305: Module '"@layera/constants"' has no exported member 'CSS_DESIGN_TOKENS'.
src/components/steps/occupation/ESCOSearchComponent.tsx(29,23): error TS2339: Property 'env' does not exist on type 'ImportMeta'.
src/components/steps/occupation/ESCOSearchComponent.tsx(30,27): error TS2339: Property 'env' does not exist on type 'ImportMeta'.
src/components/steps/occupation/ESCOSearchComponent.tsx(31,26): error TS2339: Property 'env' does not exist on type 'ImportMeta'.
src/components/steps/occupation/ESCOSearchComponent.tsx(32,30): error TS2339: Property 'env' does not exist on type 'ImportMeta'.
src/components/steps/occupation/ESCOSearchComponent.tsx(33,34): error TS2339: Property 'env' does not exist on type 'ImportMeta'.
src/components/steps/occupation/ESCOSearchComponent.tsx(34,22): error TS2339: Property 'env' does not exist on type 'ImportMeta'.
src/components/steps/occupation/index.ts(8,1): error TS6133: 'React' is declared but its value is never read.
src/components/steps/occupation/index.ts(11,10): error TS2305: Module '"@layera/constants"' has no exported member 'SEARCH_LIMITS'.
src/components/steps/occupation/index.ts(35,5): error TS2353: Object literal may only specify known properties, and 'description' does not exist in type '{ category?: CategoryType | undefined; intent?: IntentType | undefined; isOptional?: boolean | undefined; estimatedTime?: number | undefined; }'.
src/components/steps/occupation/OccupationStep.tsx(9,10): error TS2305: Module '"@layera/typography"' has no exported member 'Heading'.
src/components/steps/occupation/OccupationStep.tsx(11,10): error TS2305: Module '"@layera/constants"' has no exported member 'SPACING_SCALE'.
src/components/steps/occupation/OccupationStep.tsx(11,10): error TS6133: 'SPACING_SCALE' is declared but its value is never read.
src/components/steps/occupation/OccupationStep.tsx(11,25): error TS2305: Module '"@layera/constants"' has no exported member 'getCardInfoColor'.
src/components/steps/occupation/OccupationStep.tsx(11,43): error TS2305: Module '"@layera/constants"' has no exported member 'getCardSuccessColor'.
src/components/steps/occupation/OccupationStep.tsx(11,64): error TS2305: Module '"@layera/constants"' has no exported member 'ANIMATION_DURATIONS'.
src/components/steps/occupation/OccupationStep.tsx(32,3): error TS6133: 'deviceProps' is declared but its value is never read.
src/components/steps/occupation/OccupationStep.tsx(38,5): error TS2345: Argument of type 'ESCOOccupation' is not assignable to parameter of type 'ESCOOccupation | (() => ESCOOccupation | null) | null'.
  Type 'ESCOOccupation' is missing the following properties from type 'ESCOOccupation': preferredLabel, alternativeLabels, description, iscoGroupCode, and 3 more.
src/components/steps/occupation/OccupationStep.tsx(84,9): error TS6133: 'containerStyles' is declared but its value is never read.
src/components/steps/occupation/OccupationStep.tsx(102,34): error TS2345: Argument of type 'string' is not assignable to parameter of type 'Record<string, unknown>'.
src/components/steps/occupation/OccupationStep.tsx(111,39): error TS2345: Argument of type 'string' is not assignable to parameter of type 'Record<string, unknown>'.
src/components/steps/occupation/OccupationStep.tsx(118,9): error TS2322: Type '(occupation: ESCOOccupation) => Promise<void>' is not assignable to type '(occupation: ESCOOccupation) => ReactNode'.
  Type 'Promise<void>' is not assignable to type 'ReactNode'.
    Type 'Promise<void>' is not assignable to type 'ReactElement<unknown, string | JSXElementConstructor<any>> | Iterable<ReactNode> | ReactPortal | Promise<...>'.
      Type 'Promise<void>' is not assignable to type 'Promise<AwaitedReactNode>'.
        Type 'void' is not assignable to type 'AwaitedReactNode'.
src/components/steps/occupation/OccupationStep.tsx(119,57): error TS2345: Argument of type 'string' is not assignable to parameter of type 'Record<string, unknown>'.
src/components/steps/occupation/OccupationStep.tsx(134,48): error TS2345: Argument of type 'string' is not assignable to parameter of type 'Record<string, unknown>'.
src/components/steps/occupation/OccupationStep.tsx(143,47): error TS2345: Argument of type 'string' is not assignable to parameter of type 'Record<string, unknown>'.
src/components/steps/occupation/OccupationStep.tsx(160,46): error TS2345: Argument of type 'string' is not assignable to parameter of type 'Record<string, unknown>'.
src/components/steps/occupation/OccupationStep.tsx(163,102): error TS2554: Expected 1-2 arguments, but got 3.
src/components/steps/occupation/OccupationStep.tsx(166,49): error TS2345: Argument of type 'string' is not assignable to parameter of type 'Record<string, unknown>'.
src/components/steps/occupation/OccupationStep.tsx(181,39): error TS2345: Argument of type 'string' is not assignable to parameter of type 'Record<string, unknown>'.
src/components/steps/pricing/index.ts(50,27): error TS6133: 'pricing' is declared but its value is never read.
src/components/steps/pricing/index.ts(63,27): error TS6133: 'pricing' is declared but its value is never read.
src/components/steps/pricing/index.ts(76,27): error TS6133: 'pricing' is declared but its value is never read.
src/components/steps/pricing/index.ts(89,27): error TS6133: 'pricing' is declared but its value is never read.
src/components/steps/pricing/PricingCard.tsx(33,3): error TS6133: 'context' is declared but its value is never read.
src/components/steps/pricing/PricingCard.tsx(39,3): error TS6133: 'isSelected' is declared but its value is never read.
src/components/steps/pricing/PricingCard.tsx(40,3): error TS6133: 'opacity' is declared but its value is never read.
src/components/steps/pricing/PricingStep.tsx(10,10): error TS2305: Module '"@layera/constants"' has no exported member 'SPACING_SCALE'.
src/components/steps/pricing/PricingStep.tsx(10,10): error TS6133: 'SPACING_SCALE' is declared but its value is never read.
src/components/steps/pricing/PricingStep.tsx(10,25): error TS2305: Module '"@layera/constants"' has no exported member 'FIXED_DIMENSIONS'.
src/components/steps/pricing/PricingStep.tsx(11,16): error TS2305: Module '"@layera/typography"' has no exported member 'Heading'.
src/components/steps/pricing/PricingStep.tsx(109,18): error TS18046: 'card' is of type 'unknown'.
src/components/steps/pricing/PricingStep.tsx(110,20): error TS18046: 'card' is of type 'unknown'.
src/components/steps/pricing/PricingStep.tsx(111,42): error TS18046: 'card' is of type 'unknown'.
src/components/steps/pricing/PricingStep.tsx(113,54): error TS18046: 'card' is of type 'unknown'.
src/components/steps/pricing/PricingStep.tsx(116,16): error TS18046: 'card' is of type 'unknown'.
src/components/steps/pricing/PricingStep.tsx(116,35): error TS18046: 'card' is of type 'unknown'.
src/components/steps/pricing/PricingStep.tsx(118,18): error TS18046: 'card' is of type 'unknown'.
src/components/steps/PropertyCompletionStep.tsx(10,3): error TS2305: Module '"@layera/constants"' has no exported member 'SPACING_SCALE'.
src/components/steps/PropertyCompletionStep.tsx(10,3): error TS6133: 'SPACING_SCALE' is declared but its value is never read.
src/components/steps/PropertyCompletionStep.tsx(11,3): error TS2305: Module '"@layera/constants"' has no exported member 'BORDER_RADIUS_SCALE'.
src/components/steps/PropertyCompletionStep.tsx(11,3): error TS6133: 'BORDER_RADIUS_SCALE' is declared but its value is never read.
src/components/steps/PropertyCompletionStep.tsx(12,3): error TS2305: Module '"@layera/constants"' has no exported member 'CSS_DESIGN_TOKENS'.
src/components/steps/PropertyCompletionStep.tsx(12,3): error TS6133: 'CSS_DESIGN_TOKENS' is declared but its value is never read.
src/components/steps/PropertyCompletionStep.tsx(13,3): error TS2305: Module '"@layera/constants"' has no exported member 'ANIMATION_DURATIONS'.
src/components/steps/PropertyCompletionStep.tsx(13,3): error TS6133: 'ANIMATION_DURATIONS' is declared but its value is never read.
src/components/steps/PropertyCompletionStep.tsx(14,3): error TS2305: Module '"@layera/constants"' has no exported member 'EASING_FUNCTIONS'.
src/components/steps/PropertyCompletionStep.tsx(14,3): error TS6133: 'EASING_FUNCTIONS' is declared but its value is never read.
src/components/steps/PropertyCompletionStep.tsx(15,3): error TS2305: Module '"@layera/constants"' has no exported member 'MENU_POSITIONS'.
src/components/steps/PropertyCompletionStep.tsx(16,3): error TS2305: Module '"@layera/constants"' has no exported member 'getWorkflowCardContainerStyle'.
src/components/steps/PropertyCompletionStep.tsx(16,3): error TS6133: 'getWorkflowCardContainerStyle' is declared but its value is never read.
src/components/steps/PropertyCompletionStep.tsx(17,3): error TS2305: Module '"@layera/constants"' has no exported member 'getWorkflowCardStepStyle'.
src/components/steps/PropertyCompletionStep.tsx(17,3): error TS6133: 'getWorkflowCardStepStyle' is declared but its value is never read.
src/components/steps/PropertyCompletionStep.tsx(18,3): error TS2305: Module '"@layera/constants"' has no exported member 'getCardInfoBorder'.
src/components/steps/PropertyCompletionStep.tsx(19,3): error TS2305: Module '"@layera/constants"' has no exported member 'getCardPrimaryColor'.
src/components/steps/PropertyCompletionStep.tsx(21,21): error TS2305: Module '"@layera/layout"' has no exported member 'FlexCenter'.
src/components/steps/PropertyCompletionStep.tsx(22,16): error TS2305: Module '"@layera/typography"' has no exported member 'Heading'.
src/components/steps/PropertyCompletionStep.tsx(33,15): error TS2459: Module '"../../types"' declares 'PropertyType' locally, but it is not exported.
src/components/steps/PropertyCompletionStep.tsx(70,3): error TS6133: 'onBackToQuickSearch' is declared but its value is never read.
src/components/steps/PropertyCompletionStep.tsx(79,9): error TS2322: Type 'FC<Omit<IconProps, "children" | "name">>' is not assignable to type 'ComponentType<{ size?: string | undefined; }>'.
  Type 'FunctionComponent<Omit<IconProps, "children" | "name">>' is not assignable to type 'FunctionComponent<{ size?: string | undefined; }>'.
    Types of parameters 'props' and 'props' are incompatible.
      Type '{ size?: string | undefined; }' is not assignable to type 'Omit<IconProps, "children" | "name">'.
        Types of property 'size' are incompatible.
          Type 'string | undefined' is not assignable to type 'IconSize | undefined'.
            Type 'string' is not assignable to type 'IconSize | undefined'.
src/components/steps/PropertyCompletionStep.tsx(87,9): error TS2322: Type 'FC<Omit<IconProps, "children" | "name">>' is not assignable to type 'ComponentType<{ size?: string | undefined; }>'.
  Type 'FunctionComponent<Omit<IconProps, "children" | "name">>' is not assignable to type 'FunctionComponent<{ size?: string | undefined; }>'.
    Types of parameters 'props' and 'props' are incompatible.
      Type '{ size?: string | undefined; }' is not assignable to type 'Omit<IconProps, "children" | "name">'.
        Types of property 'size' are incompatible.
          Type 'string | undefined' is not assignable to type 'IconSize | undefined'.
            Type 'string' is not assignable to type 'IconSize | undefined'.
src/components/steps/PropertyCompletionStep.tsx(95,9): error TS2322: Type 'FC<Omit<IconProps, "children" | "name">>' is not assignable to type 'ComponentType<{ size?: string | undefined; }>'.
  Type 'FunctionComponent<Omit<IconProps, "children" | "name">>' is not assignable to type 'FunctionComponent<{ size?: string | undefined; }>'.
    Types of parameters 'props' and 'props' are incompatible.
      Type '{ size?: string | undefined; }' is not assignable to type 'Omit<IconProps, "children" | "name">'.
        Types of property 'size' are incompatible.
          Type 'string | undefined' is not assignable to type 'IconSize | undefined'.
            Type 'string' is not assignable to type 'IconSize | undefined'.
src/components/steps/PropertyCompletionStep.tsx(103,9): error TS2322: Type 'FC<Omit<IconProps, "children" | "name">>' is not assignable to type 'ComponentType<{ size?: string | undefined; }>'.
  Type 'FunctionComponent<Omit<IconProps, "children" | "name">>' is not assignable to type 'FunctionComponent<{ size?: string | undefined; }>'.
    Types of parameters 'props' and 'props' are incompatible.
      Type '{ size?: string | undefined; }' is not assignable to type 'Omit<IconProps, "children" | "name">'.
        Types of property 'size' are incompatible.
          Type 'string | undefined' is not assignable to type 'IconSize | undefined'.
            Type 'string' is not assignable to type 'IconSize | undefined'.
src/components/steps/PropertyCompletionStep.tsx(285,15): error TS2322: Type '{ children: string; variant: "secondary"; size: string; onClick: (() => void) | undefined; }' is not assignable to type 'IntrinsicAttributes & ButtonProps'.
  Property 'size' does not exist on type 'IntrinsicAttributes & ButtonProps'.
src/components/steps/PropertyCompletionStep.tsx(293,15): error TS2322: Type '{ children: string[]; variant: "primary"; size: string; onClick: (() => void) | undefined; }' is not assignable to type 'IntrinsicAttributes & ButtonProps'.
  Property 'size' does not exist on type 'IntrinsicAttributes & ButtonProps'.
src/components/steps/PropertyCompletionStep.tsx(304,35): error TS2322: Type '{ size: "xs"; color: string; }' is not assignable to type 'IntrinsicAttributes & Omit<IconProps, "children" | "name">'.
  Property 'color' does not exist on type 'IntrinsicAttributes & Omit<IconProps, "children" | "name">'.
src/components/steps/PropertyCompletionStep.tsx(310,33): error TS2322: Type '{ size: "xs"; color: string; }' is not assignable to type 'IntrinsicAttributes & Omit<IconProps, "children" | "name">'.
  Property 'color' does not exist on type 'IntrinsicAttributes & Omit<IconProps, "children" | "name">'.
src/components/steps/propertyDetails/index.ts(7,10): error TS2305: Module '"@layera/constants"' has no exported member 'WORKFLOW_ORDER'.
src/components/steps/propertyDetails/PropertyDetailsForm.tsx(6,27): error TS2305: Module '"@layera/forms"' has no exported member 'Checkbox'.
src/components/steps/propertyDetails/PropertyDetailsForm.tsx(30,13): error TS2322: Type '(e: React.FormEvent<HTMLFormElement>) => React.ReactNode' is not assignable to type '(e: ChangeEvent<HTMLInputElement>) => void'.
  Types of parameters 'e' and 'e' are incompatible.
    Type 'ChangeEvent<HTMLInputElement>' is not assignable to type 'FormEvent<HTMLFormElement>'.
      Types of property 'currentTarget' are incompatible.
        Type 'EventTarget & HTMLInputElement' is not assignable to type 'EventTarget & HTMLFormElement'.
          Type 'EventTarget & HTMLInputElement' is missing the following properties from type 'HTMLFormElement': acceptCharset, action, elements, encoding, and 11 more.
src/components/steps/propertyDetails/PropertyDetailsForm.tsx(30,92): error TS2339: Property 'value' does not exist on type 'EventTarget'.
src/components/steps/propertyDetails/PropertyDetailsForm.tsx(30,116): error TS2339: Property 'value' does not exist on type 'EventTarget'.
src/components/steps/propertyDetails/PropertyDetailsForm.tsx(45,13): error TS2322: Type '(e: React.FormEvent<HTMLFormElement>) => React.ReactNode' is not assignable to type '(e: ChangeEvent<HTMLInputElement>) => void'.
  Types of parameters 'e' and 'e' are incompatible.
    Type 'ChangeEvent<HTMLInputElement>' is not assignable to type 'FormEvent<HTMLFormElement>'.
      Types of property 'currentTarget' are incompatible.
        Type 'EventTarget & HTMLInputElement' is not assignable to type 'EventTarget & HTMLFormElement'.
          Type 'EventTarget & HTMLInputElement' is missing the following properties from type 'HTMLFormElement': acceptCharset, action, elements, encoding, and 11 more.
src/components/steps/propertyDetails/PropertyDetailsForm.tsx(45,92): error TS2339: Property 'value' does not exist on type 'EventTarget'.
src/components/steps/propertyDetails/PropertyDetailsForm.tsx(57,13): error TS2322: Type '(e: React.FormEvent<HTMLFormElement>) => React.ReactNode' is not assignable to type '(e: ChangeEvent<HTMLTextAreaElement>) => void'.
  Types of parameters 'e' and 'e' are incompatible.
    Type 'ChangeEvent<HTMLTextAreaElement>' is not assignable to type 'FormEvent<HTMLFormElement>'.
      Types of property 'currentTarget' are incompatible.
        Type 'EventTarget & HTMLTextAreaElement' is not assignable to type 'EventTarget & HTMLFormElement'.
          Type 'EventTarget & HTMLTextAreaElement' is missing the following properties from type 'HTMLFormElement': acceptCharset, action, elements, encoding, and 11 more.
src/components/steps/propertyDetails/PropertyDetailsForm.tsx(57,92): error TS2339: Property 'value' does not exist on type 'EventTarget'.
src/components/steps/propertyDetails/PropertyDetailsForm.tsx(86,16): error TS18046: 'field' is of type 'unknown'.
src/components/steps/propertyDetails/PropertyDetailsForm.tsx(87,18): error TS18046: 'field' is of type 'unknown'.
src/components/steps/propertyDetails/PropertyDetailsForm.tsx(87,45): error TS18046: 'field' is of type 'unknown'.
src/components/steps/propertyDetails/PropertyDetailsForm.tsx(88,21): error TS18046: 'field' is of type 'unknown'.
src/components/steps/propertyDetails/PropertyDetailsForm.tsx(89,11): error TS2322: Type '{ children: Element | null; key: any; label: any; required: any; width: string; }' is not assignable to type 'IntrinsicAttributes & FormFieldProps'.
  Property 'width' does not exist on type 'IntrinsicAttributes & FormFieldProps'.
src/components/steps/propertyDetails/PropertyDetailsForm.tsx(91,24): error TS2345: Argument of type 'unknown' is not assignable to parameter of type 'PropertyDetailsFormField'.
src/components/steps/propertyDetails/PropertyDetailsStep.tsx(13,10): error TS2305: Module '"@layera/constants"' has no exported member 'getCardInfoColor'.
src/components/steps/propertyDetails/PropertyDetailsStep.tsx(13,10): error TS6133: 'getCardInfoColor' is declared but its value is never read.
src/components/steps/propertyDetails/PropertyDetailsStep.tsx(13,28): error TS2305: Module '"@layera/constants"' has no exported member 'FIXED_DIMENSIONS'.
src/components/steps/propertyDetails/PropertyDetailsStep.tsx(13,46): error TS2305: Module '"@layera/constants"' has no exported member 'DEMO_PROPERTY_DATA'.
src/components/steps/propertyDetails/PropertyDetailsStep.tsx(13,66): error TS2305: Module '"@layera/constants"' has no exported member 'ANIMATION_DURATIONS'.
src/components/steps/propertyDetails/PropertyDetailsStep.tsx(26,3): error TS6133: 'context' is declared but its value is never read.
src/components/steps/propertyDetails/PropertyDetailsStep.tsx(31,3): error TS6133: 'deviceProps' is declared but its value is never read.
src/components/steps/propertyDetails/PropertyDetailsStep.tsx(169,9): error TS6133: 'containerStyles' is declared but its value is never read.
src/components/steps/propertyDetails/PropertyDetailsStep.tsx(216,13): error TS2322: Type '(field: keyof PropertyDetails, value: unknown) => void' is not assignable to type '(field: keyof PropertyDetails, value: unknown) => ReactNode'.
  Type 'void' is not assignable to type 'ReactNode'.
src/components/steps/PropertyDetailsStep.tsx(10,3): error TS2305: Module '"@layera/constants"' has no exported member 'SPACING_SCALE'.
src/components/steps/PropertyDetailsStep.tsx(10,3): error TS6133: 'SPACING_SCALE' is declared but its value is never read.
src/components/steps/PropertyDetailsStep.tsx(11,3): error TS2305: Module '"@layera/constants"' has no exported member 'BORDER_RADIUS_SCALE'.
src/components/steps/PropertyDetailsStep.tsx(11,3): error TS6133: 'BORDER_RADIUS_SCALE' is declared but its value is never read.
src/components/steps/PropertyDetailsStep.tsx(12,3): error TS2305: Module '"@layera/constants"' has no exported member 'CSS_DESIGN_TOKENS'.
src/components/steps/PropertyDetailsStep.tsx(12,3): error TS6133: 'CSS_DESIGN_TOKENS' is declared but its value is never read.
src/components/steps/PropertyDetailsStep.tsx(13,3): error TS2305: Module '"@layera/constants"' has no exported member 'ANIMATION_DURATIONS'.
src/components/steps/PropertyDetailsStep.tsx(13,3): error TS6133: 'ANIMATION_DURATIONS' is declared but its value is never read.
src/components/steps/PropertyDetailsStep.tsx(14,3): error TS2305: Module '"@layera/constants"' has no exported member 'EASING_FUNCTIONS'.
src/components/steps/PropertyDetailsStep.tsx(14,3): error TS6133: 'EASING_FUNCTIONS' is declared but its value is never read.
src/components/steps/PropertyDetailsStep.tsx(15,3): error TS2305: Module '"@layera/constants"' has no exported member 'MENU_POSITIONS'.
src/components/steps/PropertyDetailsStep.tsx(16,3): error TS2305: Module '"@layera/constants"' has no exported member 'PROPERTY_VALIDATION'.
src/components/steps/PropertyDetailsStep.tsx(17,3): error TS2305: Module '"@layera/constants"' has no exported member 'getWorkflowCardStepStyle'.
src/components/steps/PropertyDetailsStep.tsx(17,3): error TS6133: 'getWorkflowCardStepStyle' is declared but its value is never read.
src/components/steps/PropertyDetailsStep.tsx(18,3): error TS2305: Module '"@layera/constants"' has no exported member 'getCardInfoBorder'.
src/components/steps/PropertyDetailsStep.tsx(19,3): error TS2305: Module '"@layera/constants"' has no exported member 'getCardPrimaryColor'.
src/components/steps/PropertyDetailsStep.tsx(21,21): error TS2305: Module '"@layera/layout"' has no exported member 'FlexCenter'.
src/components/steps/PropertyDetailsStep.tsx(21,21): error TS6133: 'FlexCenter' is declared but its value is never read.
src/components/steps/PropertyDetailsStep.tsx(22,16): error TS2305: Module '"@layera/typography"' has no exported member 'Heading'.
src/components/steps/PropertyDetailsStep.tsx(24,17): error TS2305: Module '"@layera/forms"' has no exported member 'Select'.
src/components/steps/PropertyDetailsStep.tsx(26,3): error TS6133: 'HomeIcon' is declared but its value is never read.
src/components/steps/PropertyDetailsStep.tsx(28,3): error TS6133: 'SettingsIcon' is declared but its value is never read.
src/components/steps/PropertyDetailsStep.tsx(31,15): error TS2459: Module '"../../types"' declares 'PropertyType' locally, but it is not exported.
src/components/steps/PropertyDetailsStep.tsx(136,3): error TS6133: 'quickSearchState' is declared but its value is never read.
src/components/steps/PropertyDetailsStep.tsx(265,21): error TS2322: Type '"large"' is not assignable to type '"sm" | "md" | "lg" | undefined'.
src/components/steps/PropertyDetailsStep.tsx(267,21): error TS2322: Type '"default" | "error"' is not assignable to type '"outline" | "ghost" | "solid" | undefined'.
  Type '"default"' is not assignable to type '"outline" | "ghost" | "solid" | undefined'.
src/components/steps/PropertyDetailsStep.tsx(297,34): error TS7006: Parameter 'value' implicitly has an 'any' type.
src/components/steps/PropertyDetailsStep.tsx(337,34): error TS7006: Parameter 'value' implicitly has an 'any' type.
src/components/steps/PropertyDetailsStep.tsx(377,34): error TS7006: Parameter 'value' implicitly has an 'any' type.
src/components/steps/PropertyDetailsStep.tsx(423,23): error TS2322: Type '"large"' is not assignable to type '"sm" | "md" | "lg" | undefined'.
src/components/steps/PropertyDetailsStep.tsx(425,23): error TS2322: Type '"default" | "error"' is not assignable to type '"outline" | "ghost" | "solid" | undefined'.
  Type '"default"' is not assignable to type '"outline" | "ghost" | "solid" | undefined'.
src/components/steps/PropertyDetailsStep.tsx(475,34): error TS7006: Parameter 'value' implicitly has an 'any' type.
src/components/steps/PropertyDetailsStep.tsx(500,34): error TS7006: Parameter 'value' implicitly has an 'any' type.
src/components/steps/PropertyDetailsStep.tsx(530,34): error TS7006: Parameter 'value' implicitly has an 'any' type.
src/components/steps/PropertyDetailsStep.tsx(561,34): error TS7006: Parameter 'value' implicitly has an 'any' type.
src/components/steps/PropertyDetailsStep.tsx(611,34): error TS7006: Parameter 'value' implicitly has an 'any' type.
src/components/steps/PropertyDetailsStep.tsx(636,34): error TS7006: Parameter 'value' implicitly has an 'any' type.
src/components/steps/PropertyDetailsStep.tsx(663,34): error TS7006: Parameter 'value' implicitly has an 'any' type.
src/components/steps/PropertyDetailsStep.tsx(689,34): error TS7006: Parameter 'value' implicitly has an 'any' type.
src/components/steps/PropertyDetailsStep.tsx(742,23): error TS2322: Type '"large"' is not assignable to type '"sm" | "md" | "lg" | undefined'.
src/components/steps/PropertyDetailsStep.tsx(761,34): error TS7006: Parameter 'value' implicitly has an 'any' type.
src/components/steps/PropertyDetailsStep.tsx(801,17): error TS2322: Type '"large"' is not assignable to type '"sm" | "md" | "lg" | undefined'.
src/components/steps/PropertyDetailsStep.tsx(820,28): error TS7006: Parameter 'value' implicitly has an 'any' type.
src/components/steps/PropertyDetailsStep.tsx(848,17): error TS2322: Type '"large"' is not assignable to type '"sm" | "md" | "lg" | undefined'.
src/components/steps/PropertyDetailsStep.tsx(878,17): error TS2322: Type '"large"' is not assignable to type '"sm" | "md" | "lg" | undefined'.
src/components/steps/PropertyDetailsStep.tsx(897,28): error TS7006: Parameter 'value' implicitly has an 'any' type.
src/components/steps/PropertyDetailsStep.tsx(922,28): error TS7006: Parameter 'value' implicitly has an 'any' type.
src/components/steps/PropertyDetailsStep.tsx(960,17): error TS2322: Type '"large"' is not assignable to type '"sm" | "md" | "lg" | undefined'.
src/components/steps/PropertyDetailsStep.tsx(979,28): error TS7006: Parameter 'value' implicitly has an 'any' type.
src/components/steps/PropertyDetailsStep.tsx(1038,15): error TS2322: Type '{ children: string; variant: "secondary"; size: string; onClick: (() => void) | undefined; }' is not assignable to type 'IntrinsicAttributes & ButtonProps'.
  Property 'size' does not exist on type 'IntrinsicAttributes & ButtonProps'.
src/components/steps/PropertyDetailsStep.tsx(1046,15): error TS2322: Type '{ children: string; variant: "primary"; size: string; onClick: () => void; disabled: boolean; opacity: string; cursor: string; }' is not assignable to type 'IntrinsicAttributes & ButtonProps'.
  Property 'size' does not exist on type 'IntrinsicAttributes & ButtonProps'.
src/components/steps/propertyType/PropertyTypeSelector.tsx(9,10): error TS2305: Module '"@layera/forms"' has no exported member 'Select'.
src/components/steps/propertyType/PropertyTypeSelector.tsx(11,10): error TS2305: Module '"@layera/constants"' has no exported member 'ANIMATION_DURATIONS'.
src/components/steps/propertyType/PropertyTypeSelector.tsx(59,3): error TS6133: 'context' is declared but its value is never read.
src/components/steps/propertyType/PropertyTypeSelector.tsx(108,12): error TS2304: Cannot find name 'Heading'.
src/components/steps/propertyType/PropertyTypeSelector.tsx(116,13): error TS2304: Cannot find name 'Heading'.
src/components/steps/propertyType/PropertyTypeSelector.tsx(117,11): error TS2607: JSX element class does not support attributes because it does not have a 'props' property.
src/components/steps/propertyType/PropertyTypeSelector.tsx(117,12): error TS2786: 'Text' cannot be used as a JSX component.
  Its type '{ new (data?: string | undefined): Text; prototype: Text; }' is not a valid JSX element type.
    Type '{ new (data?: string | undefined): Text; prototype: Text; }' is not assignable to type 'new (props: any, context: any) => Component<any, any, any>'.
      Type 'Text' is missing the following properties from type 'Component<any, any, any>': context, setState, forceUpdate, render, and 2 more.
src/components/steps/propertyType/PropertyTypeSelector.tsx(129,11): error TS2607: JSX element class does not support attributes because it does not have a 'props' property.
src/components/steps/propertyType/PropertyTypeSelector.tsx(129,12): error TS2786: 'Text' cannot be used as a JSX component.
  Its type '{ new (data?: string | undefined): Text; prototype: Text; }' is not a valid JSX element type.
    Type '{ new (data?: string | undefined): Text; prototype: Text; }' is not assignable to type 'new (props: any, context: any) => Component<any, any, any>'.
      Type 'Text' is missing the following properties from type 'Component<any, any, any>': context, setState, forceUpdate, render, and 2 more.
src/components/steps/propertyType/PropertyTypeSelector.tsx(156,11): error TS2607: JSX element class does not support attributes because it does not have a 'props' property.
src/components/steps/propertyType/PropertyTypeSelector.tsx(156,12): error TS2786: 'Text' cannot be used as a JSX component.
  Its type '{ new (data?: string | undefined): Text; prototype: Text; }' is not a valid JSX element type.
    Type '{ new (data?: string | undefined): Text; prototype: Text; }' is not assignable to type 'new (props: any, context: any) => Component<any, any, any>'.
      Type 'Text' is missing the following properties from type 'Component<any, any, any>': context, setState, forceUpdate, render, and 2 more.
src/components/steps/propertyType/PropertyTypeStep.tsx(7,17): error TS6133: 'useCallback' is declared but its value is never read.
src/components/steps/propertyType/PropertyTypeStep.tsx(8,1): error TS6133: 'useLayeraTranslation' is declared but its value is never read.
src/components/steps/propertyType/PropertyTypeStep.tsx(10,1): error TS6192: All imports in import declaration are unused.
src/components/steps/propertyType/PropertyTypeStep.tsx(11,1): error TS6133: 'useGeoAlertLayout' is declared but its value is never read.
src/components/steps/propertyType/PropertyTypeStep.tsx(11,10): error TS2305: Module '"@layera/layout"' has no exported member 'useGeoAlertLayout'.
src/components/steps/propertyType/PropertyTypeStep.tsx(13,29): error TS6196: 'PropertyTypeStepData' is declared but never used.
src/components/steps/propertyType/PropertyTypeStep.tsx(13,51): error TS6196: 'PropertyTypeOption' is declared but never used.
src/components/steps/review/index.ts(60,26): error TS6133: 'action' is declared but its value is never read.
src/components/steps/review/index.ts(60,34): error TS6133: 'stepId' is declared but its value is never read.
src/components/steps/review/index.ts(79,26): error TS6133: 'action' is declared but its value is never read.
src/components/steps/review/index.ts(79,34): error TS6133: 'stepId' is declared but its value is never read.
src/components/steps/review/index.ts(98,26): error TS6133: 'action' is declared but its value is never read.
src/components/steps/review/index.ts(98,34): error TS6133: 'stepId' is declared but its value is never read.
src/components/steps/review/ReviewCard.tsx(48,3): error TS6133: 'context' is declared but its value is never read.
src/components/steps/review/ReviewCard.tsx(56,3): error TS6133: 'reviewMode' is declared but its value is never read.
src/components/steps/review/ReviewCard.tsx(57,3): error TS6133: 'opacity' is declared but its value is never read.
src/components/steps/review/ReviewStep.tsx(11,16): error TS2305: Module '"@layera/typography"' has no exported member 'Heading'.
src/components/steps/review/ReviewStep.tsx(15,3): error TS2305: Module '"@layera/constants"' has no exported member 'SPACING_SCALE'.
src/components/steps/review/ReviewStep.tsx(15,3): error TS6133: 'SPACING_SCALE' is declared but its value is never read.
src/components/steps/review/ReviewStep.tsx(16,3): error TS2305: Module '"@layera/constants"' has no exported member 'FIXED_DIMENSIONS'.
src/components/steps/review/ReviewStep.tsx(17,3): error TS2305: Module '"@layera/constants"' has no exported member 'useLayeraDesignSystem'.
src/components/steps/review/ReviewStep.tsx(18,3): error TS2305: Module '"@layera/constants"' has no exported member 'LayeraThemeProvider'.
src/components/steps/review/ReviewStep.tsx(22,3): error TS2305: Module '"@layera/layout"' has no exported member 'useFlex'.
src/components/steps/review/ReviewStep.tsx(23,3): error TS2305: Module '"@layera/layout"' has no exported member 'useFlexPatterns'.
src/components/steps/review/ReviewStep.tsx(24,3): error TS2305: Module '"@layera/layout"' has no exported member 'useSizingStyles'.
src/components/steps/review/ReviewStep.tsx(51,3): error TS6133: 'onNext' is declared but its value is never read.
src/components/steps/review/ReviewStep.tsx(66,9): error TS6133: 'designSystem' is declared but its value is never read.
src/components/steps/review/ReviewStep.tsx(69,9): error TS6133: 'flexPatterns' is declared but its value is never read.
src/components/steps/review/ReviewStep.tsx(70,9): error TS6133: 'sizingStyles' is declared but its value is never read.
src/components/steps/review/ReviewStep.tsx(71,9): error TS6133: 'headerFlex' is declared but its value is never read.
src/components/steps/review/ReviewStep.tsx(77,9): error TS6133: 'itemRowFlex' is declared but its value is never read.
src/components/steps/review/ReviewStep.tsx(82,9): error TS6133: 'actionsFlex' is declared but its value is never read.
src/components/steps/review/ReviewStep.tsx(203,11): error TS2322: Type '{ children: string; variant: "outline" | "primary"; size: string; onClick: () => void; }' is not assignable to type 'IntrinsicAttributes & ButtonProps'.
  Property 'size' does not exist on type 'IntrinsicAttributes & ButtonProps'.
src/components/steps/review/ReviewStep.tsx(210,11): error TS2322: Type '{ children: string; variant: "outline" | "primary"; size: string; onClick: () => void; }' is not assignable to type 'IntrinsicAttributes & ButtonProps'.
  Property 'size' does not exist on type 'IntrinsicAttributes & ButtonProps'.
src/components/steps/review/ReviewStep.tsx(217,11): error TS2322: Type '{ children: string; variant: "outline" | "primary"; size: string; onClick: () => void; }' is not assignable to type 'IntrinsicAttributes & ButtonProps'.
  Property 'size' does not exist on type 'IntrinsicAttributes & ButtonProps'.
src/components/steps/review/ReviewStep.tsx(240,21): error TS2322: Type '"ghost"' is not assignable to type '"outline" | "primary" | "secondary" | undefined'.
src/components/steps/review/ReviewStep.tsx(262,20): error TS18046: 'card' is of type 'unknown'.
src/components/steps/review/ReviewStep.tsx(263,22): error TS18046: 'card' is of type 'unknown'.
src/components/steps/review/ReviewStep.tsx(269,18): error TS18046: 'card' is of type 'unknown'.
src/components/steps/review/ReviewStep.tsx(269,37): error TS18046: 'card' is of type 'unknown'.
src/components/steps/review/ReviewStep.tsx(271,20): error TS18046: 'card' is of type 'unknown'.
src/components/steps/review/ReviewStep.tsx(300,15): error TS2322: Type '"success"' is not assignable to type '"outline" | "primary" | "secondary" | undefined'.
src/components/steps/StepOrchestrator.tsx(13,1): error TS6192: All imports in import declaration are unused.
src/components/steps/StepOrchestrator.tsx(14,3): error TS2305: Module '"@layera/constants"' has no exported member 'getWorkflowCardContainerStyle'.
src/components/steps/StepOrchestrator.tsx(15,3): error TS2305: Module '"@layera/constants"' has no exported member 'getWorkflowCardModalStyle'.
src/components/steps/StepOrchestrator.tsx(16,3): error TS2305: Module '"@layera/constants"' has no exported member 'getWorkflowCardStepStyle'.
src/components/steps/StepOrchestrator.tsx(17,3): error TS2305: Module '"@layera/constants"' has no exported member 'getWorkflowCardStepContainerStyle'.
src/components/steps/StepOrchestrator.tsx(18,3): error TS2305: Module '"@layera/constants"' has no exported member 'getCardPrimaryColor'.
src/components/steps/StepOrchestrator.tsx(20,21): error TS2305: Module '"@layera/layout"' has no exported member 'FlexCenter'.
src/components/steps/StepOrchestrator.tsx(20,21): error TS6133: 'FlexCenter' is declared but its value is never read.
src/components/steps/StepOrchestrator.tsx(22,16): error TS2305: Module '"@layera/typography"' has no exported member 'Heading'.
src/components/steps/StepOrchestrator.tsx(24,10): error TS2305: Module '"@layera/cards"' has no exported member 'SST_DATA_CONFIG'.
src/components/steps/StepOrchestrator.tsx(25,1): error TS6133: 'BOX_SHADOW_SCALE' is declared but its value is never read.
src/components/steps/StepOrchestrator.tsx(111,3): error TS6133: 'name' is declared but its value is never read.
src/components/steps/StepOrchestrator.tsx(135,17): error TS6133: 'isSelected' is declared but its value is never read.
src/components/steps/StepOrchestrator.tsx(157,9): error TS6133: 't' is declared but its value is never read.
src/components/steps/StepOrchestrator.tsx(196,9): error TS6133: 'handleKindChange' is declared but its value is never read.
src/components/steps/StepOrchestrator.tsx(255,37): error TS2344: Type 'string | null' does not satisfy the constraint 'string'.
  Type 'null' is not assignable to type 'string'.
src/components/steps/StepOrchestrator.tsx(257,9): error TS6133: 'kindOptions' is declared but its value is never read.
src/components/steps/StepOrchestrator.tsx(257,33): error TS2344: Type 'string | null' does not satisfy the constraint 'string'.
  Type 'null' is not assignable to type 'string'.
src/components/steps/StepOrchestrator.tsx(259,9): error TS6133: 'purposeOptions' is declared but its value is never read.
src/components/steps/StepOrchestrator.tsx(259,36): error TS2344: Type 'string | null' does not satisfy the constraint 'string'.
  Type 'null' is not assignable to type 'string'.
src/components/steps/StepOrchestrator.tsx(261,9): error TS6133: 'timeframeOptions' is declared but its value is never read.
src/components/steps/StepOrchestrator.tsx(261,38): error TS2344: Type 'string | null' does not satisfy the constraint 'string'.
  Type 'null' is not assignable to type 'string'.
src/components/steps/StepOrchestrator.tsx(273,9): error TS2322: Type '{ children: Element; size: string; onClick: () => void; }' is not assignable to type 'IntrinsicAttributes & ButtonProps'.
  Property 'size' does not exist on type 'IntrinsicAttributes & ButtonProps'.
src/components/steps/StepOrchestrator.tsx(293,11): error TS2322: Type 'string | null' is not assignable to type 'string'.
  Type 'null' is not assignable to type 'string'.
src/components/steps/StepOrchestrator.tsx(294,11): error TS2322: Type '(intent: string) => void' is not assignable to type '(value: string) => ReactNode'.
  Type 'void' is not assignable to type 'ReactNode'.
src/components/steps/StepOrchestrator.tsx(295,22): error TS2345: Argument of type '(prev: QuickSearchState) => { intent: string; kind: null; purpose: null; timeframe: null; }' is not assignable to parameter of type 'SetStateAction<QuickSearchState>'.
  Type '(prev: QuickSearchState) => { intent: string; kind: null; purpose: null; timeframe: null; }' is not assignable to type '(prevState: QuickSearchState) => QuickSearchState'.
    Call signature return types '{ intent: string; kind: null; purpose: null; timeframe: null; }' and 'QuickSearchState' are incompatible.
      The types of 'intent' are incompatible between these types.
        Type 'string' is not assignable to type 'QuickSearchIntent'.
src/components/steps/StepOrchestrator.tsx(304,11): error TS2322: Type 'CardOption<QuickSearchIntent>[]' is not assignable to type '(CardOption<string> & { description?: string | undefined; })[]'.
  Type 'CardOption<QuickSearchIntent>' is not assignable to type 'CardOption<string> & { description?: string | undefined; }'.
    Type 'CardOption<QuickSearchIntent>' is not assignable to type 'CardOption<string>'.
      Type 'string | null' is not assignable to type 'string'.
        Type 'null' is not assignable to type 'string'.
src/components/steps/StepOrchestrator.tsx(311,17): error TS2322: Type '{ children: any; size: string; onClick: () => void | undefined; }' is not assignable to type 'IntrinsicAttributes & ButtonProps'.
  Property 'size' does not exist on type 'IntrinsicAttributes & ButtonProps'.
src/components/steps/StepOrchestrator.tsx(344,21): error TS2322: Type '{ children: any[]; size: string; }' is not assignable to type 'IntrinsicAttributes & ButtonProps'.
  Property 'size' does not exist on type 'IntrinsicAttributes & ButtonProps'.
src/components/steps/StepOrchestrator.tsx(396,9): error TS2322: Type '{ currentStepId: StepId; selectedCategory: CategoryType; selectedIntent: IntentType; selectedTransactionType: "rent" | "sale" | "full_time" | "part_time" | "freelance" | "internship" | null; ... 8 more ...; customData: {}; }' is not assignable to type 'StepContext'.
  Types of property 'selectedOccupation' are incompatible.
    Type '{}' is missing the following properties from type 'ESCOOccupation': id, title
src/components/steps/StepOrchestrator.tsx(517,22): error TS6133: 'data' is declared but its value is never read.
src/components/steps/StepOrchestrator.tsx(520,32): error TS6133: 'isValid' is declared but its value is never read.
src/components/steps/StepOrchestrator.tsx(657,3): error TS2322: Type '{ registry: StepRegistry; status: { totalSteps: number; registeredSteps: StepId[]; currentFlow: string; stepOrder: { id: StepId; order: number; }[]; }; reorderSteps: (reorderConfig: Array<{ stepId: StepId; order: number; }>) => void; setFlow: (flowConfig: StepFlowConfig) => void; }' is not assignable to type 'void'.
src/components/steps/StepRegistry.ts(183,51): error TS6133: 'context' is declared but its value is never read.
src/components/steps/test/StepRegistryTest.tsx(10,1): error TS6133: 'SPACING_SCALE' is declared but its value is never read.
src/components/steps/test/StepRegistryTest.tsx(10,10): error TS2305: Module '"@layera/constants"' has no exported member 'SPACING_SCALE'.
src/components/steps/test/StepRegistryTest.tsx(12,10): error TS2305: Module '"@layera/typography"' has no exported member 'Heading'.
src/components/steps/test/StepRegistryTest.tsx(16,61): error TS2345: Argument of type '{ currentStepId: "category"; selectedCategory: null; selectedIntent: null; selectedLocation: null; selectedDetails: null; selectedPricing: null; selectedReview: null; completedSteps: Set<StepId>; featureFlags: {}; }' is not assignable to parameter of type 'StepContext | (() => StepContext)'.
  Type '{ currentStepId: "category"; selectedCategory: null; selectedIntent: null; selectedLocation: null; selectedDetails: null; selectedPricing: null; selectedReview: null; completedSteps: Set<StepId>; featureFlags: {}; }' is missing the following properties from type 'StepContext': selectedTransactionType, selectedEmploymentType, selectedOccupation
src/components/steps/test/StepRegistryTest.tsx(42,40): error TS6133: 'key' is declared but its value is never read.
src/components/steps/test/StepRegistryTest.tsx(68,36): error TS6133: 'data' is declared but its value is never read.
src/components/steps/transactionType/index.ts(24,7): error TS2322: Type '"hasSelectedCategory"' is not assignable to type '"category" | "intent" | "feature_flag" | "custom" | "hasSelectedEmploymentType" | "isJobCategory"'.
src/components/steps/transactionType/index.ts(28,7): error TS2322: Type '"hasSelectedIntent"' is not assignable to type '"category" | "intent" | "feature_flag" | "custom" | "hasSelectedEmploymentType" | "isJobCategory"'.
src/components/steps/transactionType/index.ts(41,31): error TS6133: 'transactionType' is declared but its value is never read.
src/components/steps/transactionType/index.ts(47,11): error TS2820: Type '"categoryIs"' is not assignable to type '"category" | "intent" | "feature_flag" | "custom" | "hasSelectedEmploymentType" | "isJobCategory"'. Did you mean '"category"'?
src/components/steps/transactionType/index.ts(60,31): error TS6133: 'transactionType' is declared but its value is never read.
src/components/steps/transactionType/index.ts(66,11): error TS2820: Type '"categoryIs"' is not assignable to type '"category" | "intent" | "feature_flag" | "custom" | "hasSelectedEmploymentType" | "isJobCategory"'. Did you mean '"category"'?
src/components/steps/transactionType/index.ts(76,9): error TS2769: No overload matches this call.
  The last overload gave the following error.
    Type '"property" | "job" | "jobs"' is not assignable to type 'CategoryType'.
      Type '"jobs"' is not assignable to type 'CategoryType'. Did you mean '"job"'?
src/components/steps/transactionType/index.ts(79,31): error TS6133: 'transactionType' is declared but its value is never read.
src/components/steps/transactionType/index.ts(85,11): error TS2820: Type '"categoryIs"' is not assignable to type '"category" | "intent" | "feature_flag" | "custom" | "hasSelectedEmploymentType" | "isJobCategory"'. Did you mean '"category"'?
src/components/steps/transactionType/index.ts(86,31): error TS2367: This comparison appears to be unintentional because the types 'CategoryType' and '"jobs"' have no overlap.
src/components/steps/transactionType/index.ts(95,9): error TS2769: No overload matches this call.
  The last overload gave the following error.
    Type '"property" | "job" | "jobs"' is not assignable to type 'CategoryType'.
      Type '"jobs"' is not assignable to type 'CategoryType'. Did you mean '"job"'?
src/components/steps/transactionType/index.ts(98,31): error TS6133: 'transactionType' is declared but its value is never read.
src/components/steps/transactionType/index.ts(104,11): error TS2820: Type '"categoryIs"' is not assignable to type '"category" | "intent" | "feature_flag" | "custom" | "hasSelectedEmploymentType" | "isJobCategory"'. Did you mean '"category"'?
src/components/steps/transactionType/index.ts(105,31): error TS2367: This comparison appears to be unintentional because the types 'CategoryType' and '"jobs"' have no overlap.
src/components/steps/transactionType/TransactionCard.tsx(38,3): error TS6133: 'context' is declared but its value is never read.
src/components/steps/transactionType/TransactionCard.tsx(45,3): error TS6133: 'opacity' is declared but its value is never read.
src/components/steps/transactionType/TransactionStep.tsx(39,3): error TS6133: 'deviceProps' is declared but its value is never read.
src/components/steps/transactionType/TransactionStep.tsx(45,5): error TS2345: Argument of type 'TransactionType' is not assignable to parameter of type 'TransactionType | (() => TransactionType)'.
  Type 'null' is not assignable to type 'TransactionType | (() => TransactionType)'.
src/components/steps/transactionType/TransactionStep.tsx(64,60): error TS2345: Argument of type 'string' is not assignable to parameter of type 'Record<string, unknown>'.
src/components/steps/transactionType/TransactionStep.tsx(64,121): error TS2345: Argument of type 'string' is not assignable to parameter of type 'Record<string, unknown>'.
src/components/steps/transactionType/TransactionStep.tsx(65,60): error TS2345: Argument of type 'string' is not assignable to parameter of type 'Record<string, unknown>'.
src/components/steps/transactionType/TransactionStep.tsx(65,118): error TS2345: Argument of type 'string' is not assignable to parameter of type 'Record<string, unknown>'.
src/components/steps/transactionType/TransactionStep.tsx(67,16): error TS2367: This comparison appears to be unintentional because the types '"job" | null' and '"jobs"' have no overlap.
src/components/steps/transactionType/TransactionStep.tsx(69,69): error TS2345: Argument of type 'string' is not assignable to parameter of type 'Record<string, unknown>'.
src/components/steps/transactionType/TransactionStep.tsx(69,142): error TS2345: Argument of type 'string' is not assignable to parameter of type 'Record<string, unknown>'.
src/components/steps/transactionType/TransactionStep.tsx(70,69): error TS2345: Argument of type 'string' is not assignable to parameter of type 'Record<string, unknown>'.
src/components/steps/transactionType/TransactionStep.tsx(70,142): error TS2345: Argument of type 'string' is not assignable to parameter of type 'Record<string, unknown>'.
src/components/steps/transactionType/TransactionStep.tsx(71,70): error TS2345: Argument of type 'string' is not assignable to parameter of type 'Record<string, unknown>'.
src/components/steps/transactionType/TransactionStep.tsx(71,150): error TS2345: Argument of type 'string' is not assignable to parameter of type 'Record<string, unknown>'.
src/components/steps/transactionType/TransactionStep.tsx(72,72): error TS2345: Argument of type 'string' is not assignable to parameter of type 'Record<string, unknown>'.
src/components/steps/transactionType/TransactionStep.tsx(72,145): error TS2345: Argument of type 'string' is not assignable to parameter of type 'Record<string, unknown>'.
src/components/steps/transactionType/TransactionStep.tsx(123,16): error TS18046: 'option' is of type 'unknown'.
src/components/steps/transactionType/TransactionStep.tsx(124,11): error TS2322: Type 'CategoryType' is not assignable to type 'string | undefined'.
  Type 'null' is not assignable to type 'string | undefined'.
src/components/steps/transactionType/TransactionStep.tsx(125,18): error TS18046: 'option' is of type 'unknown'.
src/components/steps/transactionType/TransactionStep.tsx(126,21): error TS18046: 'option' is of type 'unknown'.
src/components/steps/transactionType/TransactionStep.tsx(127,73): error TS18046: 'option' is of type 'unknown'.
src/components/steps/transactionType/TransactionStep.tsx(129,59): error TS18046: 'option' is of type 'unknown'.
src/components/steps/transactionType/TransactionStep.tsx(130,61): error TS18046: 'option' is of type 'unknown'.
src/components/steps/transactionType/TransactionStep.tsx(131,44): error TS18046: 'option' is of type 'unknown'.
src/components/steps/transactionType/TransactionStep.tsx(139,11): error TS2322: Type '() => void' is not assignable to type '() => ReactNode'.
  Type 'void' is not assignable to type 'ReactNode'.
src/components/steps/transactionType/TransactionStep.tsx(140,11): error TS2739: Type 'Promise<InfoPanelContent>' is missing the following properties from type '{ title: string; content: string; type?: "success" | "warning" | "info" | "error" | undefined; }': title, content
src/components/steps/upload/index.ts(7,10): error TS2305: Module '"@layera/constants"' has no exported member 'WORKFLOW_ORDER'.
src/components/steps/upload/types.ts(5,40): error TS7016: Could not find a declaration file for module '@layera/file-upload'. 'C:/layera/packages/file-upload/dist/index.mjs' implicitly has an 'any' type.
  Try `npm i --save-dev @types/layera__file-upload` if it exists or add a new declaration (.d.ts) file containing `declare module '@layera/file-upload';`
src/components/steps/upload/UploadCard.tsx(6,53): error TS7016: Could not find a declaration file for module '@layera/file-upload'. 'C:/layera/packages/file-upload/dist/index.mjs' implicitly has an 'any' type.
  Try `npm i --save-dev @types/layera__file-upload` if it exists or add a new declaration (.d.ts) file containing `declare module '@layera/file-upload';`
src/components/steps/upload/UploadCard.tsx(7,55): error TS7016: Could not find a declaration file for module '@layera/file-upload'. 'C:/layera/packages/file-upload/dist/index.mjs' implicitly has an 'any' type.
  Try `npm i --save-dev @types/layera__file-upload` if it exists or add a new declaration (.d.ts) file containing `declare module '@layera/file-upload';`
src/components/steps/upload/UploadCard.tsx(20,3): error TS6133: 'title' is declared but its value is never read.
src/components/steps/upload/UploadCard.tsx(21,3): error TS6133: 'description' is declared but its value is never read.
src/components/steps/upload/UploadCard.tsx(35,9): error TS6133: 'handleFilesAdded' is declared but its value is never read.
src/components/steps/upload/UploadCard.tsx(39,21): error TS2345: Argument of type 'FileList' is not assignable to parameter of type 'FileUploadItem[]'.
  Type 'FileList' is missing the following properties from type 'FileUploadItem[]': pop, push, concat, join, and 27 more.
src/components/steps/upload/UploadCard.tsx(42,33): error TS6133: 'file' is declared but its value is never read.
src/components/steps/upload/UploadStep.tsx(13,10): error TS2305: Module '"@layera/constants"' has no exported member 'SPACING_SCALE'.
src/components/steps/upload/UploadStep.tsx(13,10): error TS6133: 'SPACING_SCALE' is declared but its value is never read.
src/components/steps/upload/UploadStep.tsx(13,25): error TS2305: Module '"@layera/constants"' has no exported member 'getCardInfoColor'.
src/components/steps/upload/UploadStep.tsx(13,25): error TS6133: 'getCardInfoColor' is declared but its value is never read.
src/components/steps/upload/UploadStep.tsx(13,43): error TS2305: Module '"@layera/constants"' has no exported member 'FILE_SIZE_CONSTANTS'.
src/components/steps/upload/UploadStep.tsx(14,53): error TS7016: Could not find a declaration file for module '@layera/file-upload'. 'C:/layera/packages/file-upload/dist/index.mjs' implicitly has an 'any' type.
  Try `npm i --save-dev @types/layera__file-upload` if it exists or add a new declaration (.d.ts) file containing `declare module '@layera/file-upload';`
src/components/steps/upload/UploadStep.tsx(26,55): error TS7016: Could not find a declaration file for module '@layera/file-upload'. 'C:/layera/packages/file-upload/dist/index.mjs' implicitly has an 'any' type.
  Try `npm i --save-dev @types/layera__file-upload` if it exists or add a new declaration (.d.ts) file containing `declare module '@layera/file-upload';`
src/components/steps/upload/UploadStep.tsx(37,3): error TS6133: 'context' is declared but its value is never read.
src/components/steps/upload/UploadStep.tsx(42,3): error TS6133: 'deviceProps' is declared but its value is never read.
src/components/steps/upload/UploadStep.tsx(147,7): error TS2322: Type '"var(--la-cards-gap)"' is not assignable to type '"sm" | "xxs" | "xs" | "md" | "lg" | "xl" | "xxl" | "xxxl" | undefined'.
src/components/steps/upload/UploadStep.tsx(155,38): error TS2345: Argument of type 'string' is not assignable to parameter of type 'Record<string, unknown>'.
src/components/steps/upload/UploadStep.tsx(156,50): error TS2345: Argument of type 'string' is not assignable to parameter of type 'Record<string, unknown>'.
src/components/steps/upload/UploadStep.tsx(167,37): error TS2345: Argument of type 'string' is not assignable to parameter of type 'Record<string, unknown>'.
src/components/steps/upload/UploadStep.tsx(168,54): error TS2345: Argument of type 'string' is not assignable to parameter of type 'Record<string, unknown>'.
src/components/steps/upload/UploadStep.tsx(187,31): error TS7006: Parameter 'file' implicitly has an 'any' type.
src/components/steps/upload/UploadStep.tsx(187,37): error TS7006: Parameter 'error' implicitly has an 'any' type.
src/components/steps/upload/UploadStep.tsx(203,70): error TS2345: Argument of type 'string' is not assignable to parameter of type 'Record<string, unknown>'.
src/components/steps/upload/UploadStep.tsx(213,43): error TS2345: Argument of type 'string' is not assignable to parameter of type 'Record<string, unknown>'.
src/components/steps/upload/UploadStep.tsx(214,60): error TS2345: Argument of type 'string' is not assignable to parameter of type 'Record<string, unknown>'.
src/components/steps/upload/UploadStep.tsx(225,37): error TS2345: Argument of type 'string' is not assignable to parameter of type 'Record<string, unknown>'.
src/components/steps/upload/UploadStep.tsx(226,54): error TS2345: Argument of type 'string' is not assignable to parameter of type 'Record<string, unknown>'.
src/components/steps/WorkflowPlaceholder.tsx(10,3): error TS2305: Module '"@layera/constants"' has no exported member 'SPACING_SCALE'.
src/components/steps/WorkflowPlaceholder.tsx(10,3): error TS6133: 'SPACING_SCALE' is declared but its value is never read.
src/components/steps/WorkflowPlaceholder.tsx(11,3): error TS2305: Module '"@layera/constants"' has no exported member 'BORDER_RADIUS_SCALE'.
src/components/steps/WorkflowPlaceholder.tsx(11,3): error TS6133: 'BORDER_RADIUS_SCALE' is declared but its value is never read.
src/components/steps/WorkflowPlaceholder.tsx(12,3): error TS2305: Module '"@layera/constants"' has no exported member 'CSS_DESIGN_TOKENS'.
src/components/steps/WorkflowPlaceholder.tsx(12,3): error TS6133: 'CSS_DESIGN_TOKENS' is declared but its value is never read.
src/components/steps/WorkflowPlaceholder.tsx(13,3): error TS2305: Module '"@layera/constants"' has no exported member 'ANIMATION_DURATIONS'.
src/components/steps/WorkflowPlaceholder.tsx(13,3): error TS6133: 'ANIMATION_DURATIONS' is declared but its value is never read.
src/components/steps/WorkflowPlaceholder.tsx(14,3): error TS2305: Module '"@layera/constants"' has no exported member 'EASING_FUNCTIONS'.
src/components/steps/WorkflowPlaceholder.tsx(14,3): error TS6133: 'EASING_FUNCTIONS' is declared but its value is never read.
src/components/steps/WorkflowPlaceholder.tsx(15,3): error TS2305: Module '"@layera/constants"' has no exported member 'MENU_POSITIONS'.
src/components/steps/WorkflowPlaceholder.tsx(16,3): error TS2305: Module '"@layera/constants"' has no exported member 'BRAND_COLORS'.
src/components/steps/WorkflowPlaceholder.tsx(16,3): error TS6133: 'BRAND_COLORS' is declared but its value is never read.
src/components/steps/WorkflowPlaceholder.tsx(17,3): error TS2305: Module '"@layera/constants"' has no exported member 'getWorkflowCardContainerStyle'.
src/components/steps/WorkflowPlaceholder.tsx(17,3): error TS6133: 'getWorkflowCardContainerStyle' is declared but its value is never read.
src/components/steps/WorkflowPlaceholder.tsx(18,3): error TS2305: Module '"@layera/constants"' has no exported member 'getWorkflowCardButtonStyle'.
src/components/steps/WorkflowPlaceholder.tsx(18,3): error TS6133: 'getWorkflowCardButtonStyle' is declared but its value is never read.
src/components/steps/WorkflowPlaceholder.tsx(19,3): error TS2305: Module '"@layera/constants"' has no exported member 'getWorkflowCardStepStyle'.
src/components/steps/WorkflowPlaceholder.tsx(19,3): error TS6133: 'getWorkflowCardStepStyle' is declared but its value is never read.
src/components/steps/WorkflowPlaceholder.tsx(20,3): error TS2305: Module '"@layera/constants"' has no exported member 'getWorkflowCardStepContainerStyle'.
src/components/steps/WorkflowPlaceholder.tsx(20,3): error TS6133: 'getWorkflowCardStepContainerStyle' is declared but its value is never read.
src/components/steps/WorkflowPlaceholder.tsx(21,3): error TS2305: Module '"@layera/constants"' has no exported member 'getCardPrimaryColor'.
src/components/steps/WorkflowPlaceholder.tsx(21,3): error TS6133: 'getCardPrimaryColor' is declared but its value is never read.
src/components/steps/WorkflowPlaceholder.tsx(22,3): error TS2305: Module '"@layera/constants"' has no exported member 'getCardInfoBorder'.
src/components/steps/WorkflowPlaceholder.tsx(22,3): error TS6133: 'getCardInfoBorder' is declared but its value is never read.
src/components/steps/WorkflowPlaceholder.tsx(24,21): error TS2305: Module '"@layera/layout"' has no exported member 'FlexCenter'.
src/components/steps/WorkflowPlaceholder.tsx(25,16): error TS2305: Module '"@layera/typography"' has no exported member 'Heading'.
src/components/steps/WorkflowPlaceholder.tsx(27,10): error TS2305: Module '"@layera/forms"' has no exported member 'Select'.
src/components/steps/WorkflowPlaceholder.tsx(41,35): error TS2307: Cannot find module '../../../types' or its corresponding type declarations.
src/components/steps/WorkflowPlaceholder.tsx(110,27): error TS6133: 'purpose' is declared but its value is never read.
src/components/steps/WorkflowPlaceholder.tsx(110,36): error TS6133: 'timeframe' is declared but its value is never read.
src/components/steps/WorkflowPlaceholder.tsx(117,11): error TS2322: Type 'FC<Omit<IconProps, "children" | "name">>' is not assignable to type 'ComponentType<{ size?: string | undefined; }>'.
  Type 'FunctionComponent<Omit<IconProps, "children" | "name">>' is not assignable to type 'FunctionComponent<{ size?: string | undefined; }>'.
    Types of parameters 'props' and 'props' are incompatible.
      Type '{ size?: string | undefined; }' is not assignable to type 'Omit<IconProps, "children" | "name">'.
        Types of property 'size' are incompatible.
          Type 'string | undefined' is not assignable to type 'IconSize | undefined'.
            Type 'string' is not assignable to type 'IconSize | undefined'.
src/components/steps/WorkflowPlaceholder.tsx(125,11): error TS2322: Type 'FC<Omit<IconProps, "children" | "name">>' is not assignable to type 'ComponentType<{ size?: string | undefined; }>'.
  Type 'FunctionComponent<Omit<IconProps, "children" | "name">>' is not assignable to type 'FunctionComponent<{ size?: string | undefined; }>'.
    Types of parameters 'props' and 'props' are incompatible.
      Type '{ size?: string | undefined; }' is not assignable to type 'Omit<IconProps, "children" | "name">'.
        Types of property 'size' are incompatible.
          Type 'string | undefined' is not assignable to type 'IconSize | undefined'.
            Type 'string' is not assignable to type 'IconSize | undefined'.
src/components/steps/WorkflowPlaceholder.tsx(139,11): error TS2322: Type 'FC<Omit<IconProps, "children" | "name">>' is not assignable to type 'ComponentType<{ size?: string | undefined; }>'.
  Type 'FunctionComponent<Omit<IconProps, "children" | "name">>' is not assignable to type 'FunctionComponent<{ size?: string | undefined; }>'.
    Types of parameters 'props' and 'props' are incompatible.
      Type '{ size?: string | undefined; }' is not assignable to type 'Omit<IconProps, "children" | "name">'.
        Types of property 'size' are incompatible.
          Type 'string | undefined' is not assignable to type 'IconSize | undefined'.
            Type 'string' is not assignable to type 'IconSize | undefined'.
src/components/steps/WorkflowPlaceholder.tsx(147,11): error TS2322: Type 'FC<Omit<IconProps, "children" | "name">>' is not assignable to type 'ComponentType<{ size?: string | undefined; }>'.
  Type 'FunctionComponent<Omit<IconProps, "children" | "name">>' is not assignable to type 'FunctionComponent<{ size?: string | undefined; }>'.
    Types of parameters 'props' and 'props' are incompatible.
      Type '{ size?: string | undefined; }' is not assignable to type 'Omit<IconProps, "children" | "name">'.
        Types of property 'size' are incompatible.
          Type 'string | undefined' is not assignable to type 'IconSize | undefined'.
            Type 'string' is not assignable to type 'IconSize | undefined'.
src/components/steps/WorkflowPlaceholder.tsx(155,11): error TS2322: Type 'FC<Omit<IconProps, "children" | "name">>' is not assignable to type 'ComponentType<{ size?: string | undefined; }>'.
  Type 'FunctionComponent<Omit<IconProps, "children" | "name">>' is not assignable to type 'FunctionComponent<{ size?: string | undefined; }>'.
    Types of parameters 'props' and 'props' are incompatible.
      Type '{ size?: string | undefined; }' is not assignable to type 'Omit<IconProps, "children" | "name">'.
        Types of property 'size' are incompatible.
          Type 'string | undefined' is not assignable to type 'IconSize | undefined'.
            Type 'string' is not assignable to type 'IconSize | undefined'.
src/components/steps/WorkflowPlaceholder.tsx(163,11): error TS2322: Type 'FC<Omit<IconProps, "children" | "name">>' is not assignable to type 'ComponentType<{ size?: string | undefined; }>'.
  Type 'FunctionComponent<Omit<IconProps, "children" | "name">>' is not assignable to type 'FunctionComponent<{ size?: string | undefined; }>'.
    Types of parameters 'props' and 'props' are incompatible.
      Type '{ size?: string | undefined; }' is not assignable to type 'Omit<IconProps, "children" | "name">'.
        Types of property 'size' are incompatible.
          Type 'string | undefined' is not assignable to type 'IconSize | undefined'.
            Type 'string' is not assignable to type 'IconSize | undefined'.
src/components/steps/WorkflowPlaceholder.tsx(177,11): error TS2322: Type 'FC<Omit<IconProps, "children" | "name">>' is not assignable to type 'ComponentType<{ size?: string | undefined; }>'.
  Type 'FunctionComponent<Omit<IconProps, "children" | "name">>' is not assignable to type 'FunctionComponent<{ size?: string | undefined; }>'.
    Types of parameters 'props' and 'props' are incompatible.
      Type '{ size?: string | undefined; }' is not assignable to type 'Omit<IconProps, "children" | "name">'.
        Types of property 'size' are incompatible.
          Type 'string | undefined' is not assignable to type 'IconSize | undefined'.
            Type 'string' is not assignable to type 'IconSize | undefined'.
src/components/steps/WorkflowPlaceholder.tsx(185,11): error TS2322: Type 'FC<Omit<IconProps, "children" | "name">>' is not assignable to type 'ComponentType<{ size?: string | undefined; }>'.
  Type 'FunctionComponent<Omit<IconProps, "children" | "name">>' is not assignable to type 'FunctionComponent<{ size?: string | undefined; }>'.
    Types of parameters 'props' and 'props' are incompatible.
      Type '{ size?: string | undefined; }' is not assignable to type 'Omit<IconProps, "children" | "name">'.
        Types of property 'size' are incompatible.
          Type 'string | undefined' is not assignable to type 'IconSize | undefined'.
            Type 'string' is not assignable to type 'IconSize | undefined'.
src/components/steps/WorkflowPlaceholder.tsx(193,11): error TS2322: Type 'FC<Omit<IconProps, "children" | "name">>' is not assignable to type 'ComponentType<{ size?: string | undefined; }>'.
  Type 'FunctionComponent<Omit<IconProps, "children" | "name">>' is not assignable to type 'FunctionComponent<{ size?: string | undefined; }>'.
    Types of parameters 'props' and 'props' are incompatible.
      Type '{ size?: string | undefined; }' is not assignable to type 'Omit<IconProps, "children" | "name">'.
        Types of property 'size' are incompatible.
          Type 'string | undefined' is not assignable to type 'IconSize | undefined'.
            Type 'string' is not assignable to type 'IconSize | undefined'.
src/components/steps/WorkflowPlaceholder.tsx(201,11): error TS2322: Type 'FC<Omit<IconProps, "children" | "name">>' is not assignable to type 'ComponentType<{ size?: string | undefined; }>'.
  Type 'FunctionComponent<Omit<IconProps, "children" | "name">>' is not assignable to type 'FunctionComponent<{ size?: string | undefined; }>'.
    Types of parameters 'props' and 'props' are incompatible.
      Type '{ size?: string | undefined; }' is not assignable to type 'Omit<IconProps, "children" | "name">'.
        Types of property 'size' are incompatible.
          Type 'string | undefined' is not assignable to type 'IconSize | undefined'.
            Type 'string' is not assignable to type 'IconSize | undefined'.
src/components/steps/WorkflowPlaceholder.tsx(209,11): error TS2322: Type 'FC<Omit<IconProps, "children" | "name">>' is not assignable to type 'ComponentType<{ size?: string | undefined; }>'.
  Type 'FunctionComponent<Omit<IconProps, "children" | "name">>' is not assignable to type 'FunctionComponent<{ size?: string | undefined; }>'.
    Types of parameters 'props' and 'props' are incompatible.
      Type '{ size?: string | undefined; }' is not assignable to type 'Omit<IconProps, "children" | "name">'.
        Types of property 'size' are incompatible.
          Type 'string | undefined' is not assignable to type 'IconSize | undefined'.
            Type 'string' is not assignable to type 'IconSize | undefined'.
src/components/steps/WorkflowPlaceholder.tsx(223,11): error TS2322: Type 'FC<Omit<IconProps, "children" | "name">>' is not assignable to type 'ComponentType<{ size?: string | undefined; }>'.
  Type 'FunctionComponent<Omit<IconProps, "children" | "name">>' is not assignable to type 'FunctionComponent<{ size?: string | undefined; }>'.
    Types of parameters 'props' and 'props' are incompatible.
      Type '{ size?: string | undefined; }' is not assignable to type 'Omit<IconProps, "children" | "name">'.
        Types of property 'size' are incompatible.
          Type 'string | undefined' is not assignable to type 'IconSize | undefined'.
            Type 'string' is not assignable to type 'IconSize | undefined'.
src/components/steps/WorkflowPlaceholder.tsx(231,11): error TS2322: Type 'FC<Omit<IconProps, "children" | "name">>' is not assignable to type 'ComponentType<{ size?: string | undefined; }>'.
  Type 'FunctionComponent<Omit<IconProps, "children" | "name">>' is not assignable to type 'FunctionComponent<{ size?: string | undefined; }>'.
    Types of parameters 'props' and 'props' are incompatible.
      Type '{ size?: string | undefined; }' is not assignable to type 'Omit<IconProps, "children" | "name">'.
        Types of property 'size' are incompatible.
          Type 'string | undefined' is not assignable to type 'IconSize | undefined'.
            Type 'string' is not assignable to type 'IconSize | undefined'.
src/components/steps/WorkflowPlaceholder.tsx(239,11): error TS2322: Type 'FC<Omit<IconProps, "children" | "name">>' is not assignable to type 'ComponentType<{ size?: string | undefined; }>'.
  Type 'FunctionComponent<Omit<IconProps, "children" | "name">>' is not assignable to type 'FunctionComponent<{ size?: string | undefined; }>'.
    Types of parameters 'props' and 'props' are incompatible.
      Type '{ size?: string | undefined; }' is not assignable to type 'Omit<IconProps, "children" | "name">'.
        Types of property 'size' are incompatible.
          Type 'string | undefined' is not assignable to type 'IconSize | undefined'.
            Type 'string' is not assignable to type 'IconSize | undefined'.
src/components/steps/WorkflowPlaceholder.tsx(247,11): error TS2322: Type 'FC<Omit<IconProps, "children" | "name">>' is not assignable to type 'ComponentType<{ size?: string | undefined; }>'.
  Type 'FunctionComponent<Omit<IconProps, "children" | "name">>' is not assignable to type 'FunctionComponent<{ size?: string | undefined; }>'.
    Types of parameters 'props' and 'props' are incompatible.
      Type '{ size?: string | undefined; }' is not assignable to type 'Omit<IconProps, "children" | "name">'.
        Types of property 'size' are incompatible.
          Type 'string | undefined' is not assignable to type 'IconSize | undefined'.
            Type 'string' is not assignable to type 'IconSize | undefined'.
src/components/steps/WorkflowPlaceholder.tsx(290,13): error TS6133: 'intent' is declared but its value is never read.
src/components/steps/WorkflowPlaceholder.tsx(290,21): error TS6133: 'kind' is declared but its value is never read.
src/components/steps/WorkflowPlaceholder.tsx(437,19): error TS2322: Type '"flex-start"' is not assignable to type '"center" | "space-between" | "start" | "end" | "space-around" | "space-evenly" | undefined'.
src/components/steps/WorkflowPlaceholder.tsx(457,62): error TS2322: Type '"flex-start"' is not assignable to type '"center" | "start" | "end" | "stretch" | "baseline" | undefined'.
src/components/steps/WorkflowPlaceholder.tsx(481,15): error TS2322: Type '{ children: string; variant: "primary"; size: string; onClick: (() => void) | undefined; }' is not assignable to type 'IntrinsicAttributes & ButtonProps'.
  Property 'size' does not exist on type 'IntrinsicAttributes & ButtonProps'.
src/components/steps/WorkflowPlaceholder.tsx(489,15): error TS2322: Type '{ children: string; variant: "primary"; size: string; onClick: () => void; disabled: boolean; }' is not assignable to type 'IntrinsicAttributes & ButtonProps'.
  Property 'size' does not exist on type 'IntrinsicAttributes & ButtonProps'.
src/components/steps/WorkflowPlaceholder.tsx(504,35): error TS2322: Type '{ size: "xs"; color: string; }' is not assignable to type 'IntrinsicAttributes & Omit<IconProps, "children" | "name">'.
  Property 'color' does not exist on type 'IntrinsicAttributes & Omit<IconProps, "children" | "name">'.
src/components/steps/WorkflowPlaceholder.tsx(510,33): error TS2322: Type '{ size: "xs"; color: string; }' is not assignable to type 'IntrinsicAttributes & Omit<IconProps, "children" | "name">'.
  Property 'color' does not exist on type 'IntrinsicAttributes & Omit<IconProps, "children" | "name">'.
src/components/ViewportFrame.tsx(2,1): error TS6133: 'CSS_DESIGN_TOKENS' is declared but its value is never read.
src/components/ViewportFrame.tsx(2,10): error TS2305: Module '"@layera/constants"' has no exported member 'CSS_DESIGN_TOKENS'.
src/constants/index.ts(10,3): error TS2305: Module '"@layera/constants"' has no exported member 'BORDER_RADIUS_SCALE'.
src/constants/index.ts(11,3): error TS2305: Module '"@layera/constants"' has no exported member 'SPACING_SCALE'.
src/constants/index.ts(12,3): error TS2305: Module '"@layera/constants"' has no exported member 'DEV_PORTS'.
src/constants/index.ts(13,3): error TS2305: Module '"@layera/constants"' has no exported member 'LOCAL_URLS'.
src/constants/index.ts(14,3): error TS2305: Module '"@layera/constants"' has no exported member 'COMPONENT_DESIGN_TOKENS'.
src/constants/index.ts(15,3): error TS2305: Module '"@layera/constants"' has no exported member 'CSS_DESIGN_TOKENS'.
src/constants/index.ts(17,3): error TS2305: Module '"@layera/constants"' has no exported member 'EARTH_CONSTANTS'.
src/constants/index.ts(18,3): error TS2305: Module '"@layera/constants"' has no exported member 'LEAFLET_MARKER_DIMENSIONS'.
src/constants/index.ts(20,3): error TS2305: Module '"@layera/constants"' has no exported member 'SEARCH_LIMITS'.
src/constants/index.ts(21,3): error TS2305: Module '"@layera/constants"' has no exported member 'LEAFLET_UI_OFFSETS'.
src/constants/index.ts(23,3): error TS2305: Module '"@layera/constants"' has no exported member 'XML_NAMESPACES'.
src/constants/index.ts(25,3): error TS2305: Module '"@layera/constants"' has no exported member 'RULER_TICK_VALUES'.
src/constants/index.ts(27,3): error TS2305: Module '"@layera/constants"' has no exported member 'GEOMETRIC_LIMITS'.
src/constants/index.ts(28,3): error TS2305: Module '"@layera/constants"' has no exported member 'ICON_DIMENSIONS'.
src/constants/index.ts(50,21): error TS2339: Property 'env' does not exist on type 'ImportMeta'.
src/constants/index.ts(51,27): error TS2339: Property 'env' does not exist on type 'ImportMeta'.
src/constants/index.ts(52,35): error TS2339: Property 'env' does not exist on type 'ImportMeta'.
src/constants/index.ts(395,24): error TS2339: Property 'env' does not exist on type 'ImportMeta'.
src/constants/index.ts(403,37): error TS2339: Property 'env' does not exist on type 'ImportMeta'.
src/debug/cursorDebug.ts(8,10): error TS2305: Module '"@layera/constants"' has no exported member 'CONFIG'.
src/debug/cursorDebug.ts(27,11): error TS6133: 'panelSelector' is declared but its value is never read.
src/debug/cursorDebug.ts(115,12): error TS18048: 'cursorDescriptor.get' is possibly 'undefined'.
src/debug/cursorDebug.ts(115,38): error TS2683: 'this' implicitly has type 'any' because it does not have a type annotation.
src/modules/map-engine/core/MapCore.tsx(8,44): error TS2307: Cannot find module '../../types' or its corresponding type declarations.
src/modules/map-engine/core/MapCore.tsx(16,5): error TS2322: Type 'readonly [number, any]' is not assignable to type 'PointExpression | undefined'.
  The type 'readonly [number, any]' is 'readonly' and cannot be assigned to the mutable type 'PointTuple'.
src/modules/map-engine/core/MapCore.tsx(17,5): error TS2322: Type 'readonly [1, any]' is not assignable to type 'PointExpression | undefined'.
  The type 'readonly [1, any]' is 'readonly' and cannot be assigned to the mutable type 'PointTuple'.
src/modules/map-engine/core/MapCore.tsx(18,5): error TS2322: Type 'readonly [16, any]' is not assignable to type 'PointExpression | undefined'.
  The type 'readonly [16, any]' is 'readonly' and cannot be assigned to the mutable type 'PointTuple'.
src/modules/map-engine/core/MapCore.tsx(19,5): error TS2322: Type 'readonly [any, any]' is not assignable to type 'PointExpression | undefined'.
  The type 'readonly [any, any]' is 'readonly' and cannot be assigned to the mutable type 'PointTuple'.
src/modules/map-engine/core/MapCore.tsx(46,13): error TS2322: Type '{ children: any[]; center: any; zoom: any; maxZoom: any; className: string; zoomControl: false; height: string; width: string; }' is not assignable to type 'IntrinsicAttributes & MapContainerProps & RefAttributes<Map>'.
  Property 'height' does not exist on type 'IntrinsicAttributes & MapContainerProps & RefAttributes<Map>'.
src/modules/sidebars/AreasPanel.tsx(4,16): error TS2305: Module '"@layera/typography"' has no exported member 'Heading'.
src/modules/sidebars/AreasPanel.tsx(6,27): error TS7016: Could not find a declaration file for module '@layera/geo-drawing'. 'C:/layera/node_modules/.pnpm/@layera+geo-drawing@file+packages+geo-drawing_react-dom@19.2.0_react@19.2.0__react@19.2.0/node_modules/@layera/geo-drawing/dist/index.js' implicitly has an 'any' type.
  Try `npm i --save-dev @types/layera__geo-drawing` if it exists or add a new declaration (.d.ts) file containing `declare module '@layera/geo-drawing';`
src/modules/sidebars/AreasPanel.tsx(8,10): error TS2305: Module '"@layera/constants"' has no exported member 'UI_DIMENSIONS'.
src/modules/sidebars/AreasPanel.tsx(50,28): error TS6133: 'e' is declared but its value is never read.
error TS2688: Cannot find type definition file for 'proj4'.
  The file is in the program because:
    Entry point for implicit type library 'proj4'
src/modules/sidebars/AreasPanel.tsx(71,13): error TS2322: Type '() => ReactNode' is not assignable to type '() => void | Promise<void>'.
  Type 'ReactNode' is not assignable to type 'void | Promise<void>'.
    Type 'null' is not assignable to type 'void | Promise<void>'.
src/modules/sidebars/AreasPanel.tsx(72,13): error TS2322: Type '"ghost"' is not assignable to type '"outline" | "primary" | "secondary" | undefined'.
src/modules/sidebars/AreasPanel.tsx(96,15): error TS2322: Type '(e: React.FormEvent<HTMLFormElement>) => void' is not assignable to type 'DragEventHandler<HTMLLIElement>'.
  Types of parameters 'e' and 'event' are incompatible.
    Type 'DragEvent<HTMLLIElement>' is not assignable to type 'FormEvent<HTMLFormElement>'.
      Types of property 'currentTarget' are incompatible.
        Type 'EventTarget & HTMLLIElement' is not assignable to type 'EventTarget & HTMLFormElement'.
          Type 'EventTarget & HTMLLIElement' is missing the following properties from type 'HTMLFormElement': acceptCharset, action, autocomplete, elements, and 15 more.
src/modules/sidebars/AreasPanel.tsx(96,85): error TS2345: Argument of type 'FormEvent<HTMLFormElement>' is not assignable to parameter of type 'DragEvent<HTMLLIElement>'.
  Type 'FormEvent<HTMLFormElement>' is missing the following properties from type 'DragEvent<HTMLLIElement>': dataTransfer, altKey, button, buttons, and 15 more.
src/modules/sidebars/AreasPanel.tsx(97,15): error TS2322: Type '(e: React.FormEvent<HTMLFormElement>) => void' is not assignable to type 'DragEventHandler<HTMLLIElement>'.
  Types of parameters 'e' and 'event' are incompatible.
    Type 'DragEvent<HTMLLIElement>' is not assignable to type 'FormEvent<HTMLFormElement>'.
      Types of property 'currentTarget' are incompatible.
        Type 'EventTarget & HTMLLIElement' is not assignable to type 'EventTarget & HTMLFormElement'.
          Type 'EventTarget & HTMLLIElement' is missing the following properties from type 'HTMLFormElement': acceptCharset, action, autocomplete, elements, and 15 more.
src/modules/sidebars/AreasPanel.tsx(97,85): error TS2345: Argument of type 'FormEvent<HTMLFormElement>' is not assignable to parameter of type 'DragEvent<HTMLLIElement>'.
  Type 'FormEvent<HTMLFormElement>' is missing the following properties from type 'DragEvent<HTMLLIElement>': dataTransfer, altKey, button, buttons, and 15 more.
src/modules/sidebars/AreasPanel.tsx(99,15): error TS2322: Type '(e: React.FormEvent<HTMLFormElement>) => void' is not assignable to type 'DragEventHandler<HTMLLIElement>'.
  Types of parameters 'e' and 'event' are incompatible.
    Type 'DragEvent<HTMLLIElement>' is not assignable to type 'FormEvent<HTMLFormElement>'.
      Types of property 'currentTarget' are incompatible.
        Type 'EventTarget & HTMLLIElement' is not assignable to type 'EventTarget & HTMLFormElement'.
          Type 'EventTarget & HTMLLIElement' is missing the following properties from type 'HTMLFormElement': acceptCharset, action, autocomplete, elements, and 15 more.
src/modules/sidebars/AreasPanel.tsx(106,17): error TS17001: JSX elements cannot have multiple attributes with the same name.
src/modules/sidebars/AreasPanel.tsx(116,21): error TS2322: Type '"ghost"' is not assignable to type '"outline" | "primary" | "secondary" | undefined'.
src/modules/sidebars/AreasPanel.tsx(125,21): error TS2322: Type '"ghost"' is not assignable to type '"outline" | "primary" | "secondary" | undefined'.
src/modules/sidebars/AreasPanel.tsx(133,21): error TS2322: Type '"ghost"' is not assignable to type '"outline" | "primary" | "secondary" | undefined'.
src/modules/sidebars/AreasPanel.tsx(146,21): error TS2322: Type '"ghost"' is not assignable to type '"outline" | "primary" | "secondary" | undefined'.
src/modules/sidebars/AreasPanel.tsx(160,17): error TS2322: Type '(e: React.FormEvent<HTMLFormElement>) => React.ReactNode' is not assignable to type 'ChangeEventHandler<HTMLInputElement>'.
  Types of parameters 'e' and 'event' are incompatible.
    Type 'ChangeEvent<HTMLInputElement>' is not assignable to type 'FormEvent<HTMLFormElement>'.
      Types of property 'currentTarget' are incompatible.
        Type 'EventTarget & HTMLInputElement' is not assignable to type 'EventTarget & HTMLFormElement'.
          Type 'EventTarget & HTMLInputElement' is missing the following properties from type 'HTMLFormElement': acceptCharset, action, elements, encoding, and 11 more.
src/modules/sidebars/AreasPanel.tsx(160,117): error TS2339: Property 'value' does not exist on type 'EventTarget'.
src/modules/sidebars/NavigationRail.tsx(4,27): error TS2305: Module '"@layera/constants"' has no exported member 'BUTTON_SIZES'.
src/modules/sidebars/NavigationRail.tsx(18,5): error TS2322: Type 'string' is not assignable to type '"outline" | "primary" | "secondary" | undefined'.
src/modules/sidebars/NavigationRail.tsx(20,5): error TS2322: Type '() => ReactNode' is not assignable to type '() => void | Promise<void>'.
  Type 'ReactNode' is not assignable to type 'void | Promise<void>'.
    Type 'null' is not assignable to type 'void | Promise<void>'.
src/modules/sidebars/NavigationRail.tsx(51,9): error TS2322: Type 'string' is not assignable to type '"outline" | "primary" | "secondary" | undefined'.
src/modules/sidebars/NavigationRail.tsx(53,9): error TS2322: Type '() => ReactNode' is not assignable to type '() => void | Promise<void>'.
  Type 'ReactNode' is not assignable to type 'void | Promise<void>'.
    Type 'null' is not assignable to type 'void | Promise<void>'.
src/modules/sidebars/NavigationRail.tsx(62,32): error TS2322: Type 'ReactNode' is not assignable to type 'void'.
  Type 'null' is not assignable to type 'void'.
src/modules/sidebars/NavigationRail.tsx(62,32): error TS2322: Type 'void' is not assignable to type 'ReactNode'.
src/modules/sidebars/NavigationRail.tsx(70,11): error TS2322: Type '() => void' is not assignable to type '() => ReactNode'.
  Type 'void' is not assignable to type 'ReactNode'.
src/types/index.ts(6,35): error TS2307: Cannot find module './components/steps/propertyType/types' or its corresponding type declarations.
src/types/index.ts(67,10): error TS2305: Module '"@layera/constants"' has no exported member 'MAP_DEFAULTS'.
src/types/index.ts(67,47): error TS2305: Module '"@layera/constants"' has no exported member 'DRAWING_LIMITS'.
src/utils/events/event-bus.ts(124,3): error TS2322: Type '{ on: <T extends EventName>(eventName: T, handler: EventHandler<T>) => () => void; once: <T extends EventName>(eventName: T, handler: EventHandler<T>) => void; off: <T extends EventName>(eventName: T, handler: EventHandler<T>) => void; emit: <T extends EventName>(eventName: T, data: MapEvents[T]) => void; }' is not assignable to type 'void'.
src/utils/leaflet/icon-factory.ts(6,10): error TS2305: Module '"@layera/constants"' has no exported member 'LEAFLET_INFRASTRUCTURE'.
src/utils/leaflet/icon-factory.ts(6,34): error TS2305: Module '"@layera/constants"' has no exported member 'LEAFLET_MARKER_DIMENSIONS'.
src/utils/leaflet/icon-factory.ts(67,35): error TS6133: 'color' is declared but its value is never read.
src/utils/location/user-location.ts(7,10): error TS2305: Module '"@layera/constants"' has no exported member 'EARTH_CONSTANTS'.
../../packages/info-panels/src/components/InfoPanel.tsx(12,10): error TS2305: Module '"@layera/constants"' has no exported member 'SPACING_SCALE'.
../../packages/info-panels/src/components/InfoPanel.tsx(12,25): error TS2305: Module '"@layera/constants"' has no exported member 'BORDER_RADIUS_SCALE'.
../../packages/info-panels/src/components/InfoPanel.tsx(12,25): error TS6133: 'BORDER_RADIUS_SCALE' is declared but its value is never read.
../../packages/info-panels/src/components/InfoPanel.tsx(13,1): error TS6133: 'BOX_SHADOW_SCALE' is declared but its value is never read.
../../packages/info-panels/src/components/InfoPanel.tsx(56,3): error TS6133: 'variant' is declared but its value is never read.
../../packages/info-panels/src/components/InfoPanel.tsx(203,9): error TS6133: 'mobileStyles' is declared but its value is never read.
../../packages/info-panels/src/components/InfoPanel.tsx(206,6): error TS2786: 'Box' cannot be used as a JSX component.
  Its type 'FC<BoxProps>' is not a valid JSX element type.
    Type 'FunctionComponent<BoxProps>' is not assignable to type '(props: any, deprecatedLegacyContext?: any) => ReactNode'.
      Type 'ReactNode | Promise<ReactNode>' is not assignable to type 'ReactNode'.
        Type 'bigint' is not assignable to type 'ReactNode'.
../../packages/info-panels/src/components/InfoPanel.tsx(223,10): error TS2786: 'Text' cannot be used as a JSX component.
  Its type 'FC<TextProps>' is not a valid JSX element type.
    Type 'FunctionComponent<TextProps>' is not assignable to type '(props: any, deprecatedLegacyContext?: any) => ReactNode'.
      Type 'ReactNode | Promise<ReactNode>' is not assignable to type 'ReactNode'.
        Type 'bigint' is not assignable to type 'ReactNode'.
../../packages/info-panels/src/components/InfoPanel.tsx(235,10): error TS2786: 'Box' cannot be used as a JSX component.
  Its type 'FC<BoxProps>' is not a valid JSX element type.
    Type 'FunctionComponent<BoxProps>' is not assignable to type '(props: any, deprecatedLegacyContext?: any) => ReactNode'.
      Type 'ReactNode | Promise<ReactNode>' is not assignable to type 'ReactNode'.
        Type 'bigint' is not assignable to type 'ReactNode'.
../../packages/info-panels/src/components/InfoPanel.tsx(239,10): error TS2786: 'Box' cannot be used as a JSX component.
  Its type 'FC<BoxProps>' is not a valid JSX element type.
    Type 'FunctionComponent<BoxProps>' is not assignable to type '(props: any, deprecatedLegacyContext?: any) => ReactNode'.
      Type 'ReactNode | Promise<ReactNode>' is not assignable to type 'ReactNode'.
        Type 'bigint' is not assignable to type 'ReactNode'.
../../packages/info-panels/src/index.ts(8,10): error TS2305: Module '"@layera/constants"' has no exported member 'SPACING_SCALE'.
../../packages/info-panels/src/index.ts(8,25): error TS2305: Module '"@layera/constants"' has no exported member 'BORDER_RADIUS_SCALE'.
../../packages/info-panels/src/index.ts(8,46): error TS2305: Module '"@layera/constants"' has no exported member 'SEMANTIC_RGB_COLORS'.
../../packages/info-panels/src/index.ts(88,9): error TS6133: 'shadowOpacity' is declared but its value is never read.
../../packages/info-panels/src/InfoPanelContext.tsx(156,5): error TS2322: Type '(id: InfoPanelId) => void' is not assignable to type '(id: string) => ReactNode'.
  Type 'void' is not assignable to type 'ReactNode'.
../../packages/info-panels/src/InfoPanelContext.tsx(157,5): error TS2322: Type '(id: InfoPanelId) => void' is not assignable to type '(id: string) => ReactNode'.
  Type 'void' is not assignable to type 'ReactNode'.
../../packages/info-panels/src/InfoPanelContext.tsx(158,5): error TS2322: Type '(id: InfoPanelId) => void' is not assignable to type '(id: string) => ReactNode'.
  Type 'void' is not assignable to type 'ReactNode'.
../../packages/info-panels/src/InfoPanelContext.tsx(161,5): error TS2322: Type '(config: InfoPanelConfig) => void' is not assignable to type '(config: InfoPanelConfig) => ReactNode'.
  Type 'void' is not assignable to type 'ReactNode'.
../../packages/info-panels/src/InfoPanelContext.tsx(162,5): error TS2322: Type '(id: InfoPanelId) => void' is not assignable to type '(id: string) => ReactNode'.
  Type 'void' is not assignable to type 'ReactNode'.
../../packages/tolgee/src/components/LanguageSwitcher.tsx(9,10): error TS2305: Module '"@layera/forms"' has no exported member 'Select'.
../../packages/tolgee/src/components/LanguageSwitcher.tsx(19,3): error TS6133: 'variant' is declared but its value is never read.
../../packages/tolgee/src/hooks-minimal.ts(6,8): error TS6133: 'React' is declared but its value is never read.
../../packages/tolgee/src/locales/el/common.ts(8,10): error TS2305: Module '"@layera/constants"' has no exported member 'DEMO_ACCOUNT_DATA'.
../../packages/tolgee/src/locales/en/common.ts(8,10): error TS2305: Module '"@layera/constants"' has no exported member 'DEMO_ACCOUNT_DATA'.
../../packages/tolgee/src/provider-minimal.tsx(144,36): error TS2322: Type '{ t: (key: string, params?: Record<string, unknown>) => string; language: string; changeLanguage: (newLang: string) => void; }' is not assignable to type 'MinimalTolgeeContextType'.
  The types returned by 'changeLanguage(...)' are incompatible between these types.
    Type 'void' is not assignable to type 'ReactNode'.
undefined
ERR_PNPM_RECURSIVE_EXEC_FIRST_FAIL Command failed with exit code 2: tsc --noEmit --pretty false
undefined
